2008-10-10 16:28:30 : [INFO] [VIVIPOS] VIVIPOS STARTUP
2008-10-10 17:16:37 : [INFO] [VIVIPOS] VIVIPOS STARTUP
2008-10-10 17:44:12 : [WARN] [vivifuncpanelecr_prefs] GeckoJS.Controller.supportsCommand: [selectButtonColor] return false
2008-10-10 17:44:12 : [WARN] [Dispatcher] GeckoJS.dispatch command not found for selectButtonColor
2008-10-10 17:44:25 : [WARN] [vivifuncpanelecr_prefs] GeckoJS.Controller.supportsCommand: [selectButtonColor] return false
2008-10-10 17:44:25 : [WARN] [Dispatcher] GeckoJS.dispatch command not found for selectButtonColor
2008-10-10 17:49:30 : [ERROR] [vivifuncpanelecr_prefs] vivifuncpanelecr_prefsController.doCommand selectButtonColor; TypeError
{
    'message': this.panel.setButtonstyles is not a function
    'fileName': chrome://vivifuncpanelecrprefs/content/vivifuncpanelecrprefs_controller.js
    'lineNumber': 138
    'stack': ("buttoncolor-gray")@chrome://vivifuncpanelecrprefs/content/vivifuncpanelecrprefs_controller.js:138
("selectButtonColor")@chrome://vivipos/content/init_geckojs.js -> resource://app/modules/GeckoJS.js:9
([object ChromeWindow],"selectButtonColor","buttoncolor-gray",E)@chrome://vivipos/content/init_geckojs.js -> resource://app/modules/GeckoJS.js:9
([object ChromeWindow],"selectButtonColor","buttoncolor-gray","vivifuncpanelecr_prefs")@chrome://vivipos/content/init_geckojs.js -> resource://app/modules/GeckoJS.js:9
("selectButtonColor","buttoncolor-gray","vivifuncpanelecr_prefs")@chrome://vivipos/content/init_geckojs.js:54
onselect([object UIEvent])@chrome://vivifuncpanelecrprefs/content/vivifuncpanelecrprefs.xul:1
dispatchEvent([object UIEvent])@:0
_fireEvent([object XULElement],"select")@chrome://vivipos/content/bindings/vivibuttoncolorpicker.xbl:75
setColor("buttoncolor-gray")@chrome://vivipos/content/bindings/vivibuttoncolorpicker.xbl:56
onxblclick([object MouseEvent])@chrome://vivipos/content/bindings/vivibuttoncolorpicker.xbl:203

}
; Components.stack.caller 
Array
{
    '0': [name: onselect] [line: 1] [filename: chrome://vivifuncpanelecrprefs/content/vivifuncpanelecrprefs.xul]
    '1': [name: <no name>] [line: 0] [filename: null]
    '2': [name: _fireEvent] [line: 75] [filename: chrome://vivipos/content/bindings/vivibuttoncolorpicker.xbl]
    '3': [name: setColor] [line: 56] [filename: chrome://vivipos/content/bindings/vivibuttoncolorpicker.xbl]
    '4': [name: onxblclick] [line: 203] [filename: chrome://vivipos/content/bindings/vivibuttoncolorpicker.xbl]
}

2008-10-10 17:52:32 : [ERROR] [vivifuncpanelecr_prefs] vivifuncpanelecr_prefsController.doCommand selectButtonColor; TypeError
{
    'message': this._getPageButtonstyles is not a function
    'fileName': chrome://vivipos/content/bindings/vivifuncpanelecr.xbl
    'lineNumber': 2020
    'stack': setButtonstyles("2",[object Object],true)@chrome://vivipos/content/bindings/vivifuncpanelecr.xbl:2020
("buttoncolor-gray")@chrome://vivifuncpanelecrprefs/content/vivifuncpanelecrprefs_controller.js:138
("selectButtonColor")@chrome://vivipos/content/init_geckojs.js -> resource://app/modules/GeckoJS.js:9
([object ChromeWindow],"selectButtonColor","buttoncolor-gray",E)@chrome://vivipos/content/init_geckojs.js -> resource://app/modules/GeckoJS.js:9
([object ChromeWindow],"selectButtonColor","buttoncolor-gray","vivifuncpanelecr_prefs")@chrome://vivipos/content/init_geckojs.js -> resource://app/modules/GeckoJS.js:9
("selectButtonColor","buttoncolor-gray","vivifuncpanelecr_prefs")@chrome://vivipos/content/init_geckojs.js:54
onselect([object UIEvent])@chrome://vivifuncpanelecrprefs/content/vivifuncpanelecrprefs.xul:1
dispatchEvent([object UIEvent])@:0
_fireEvent([object XULElement],"select")@chrome://vivipos/content/bindings/vivibuttoncolorpicker.xbl:75
setColor("buttoncolor-gray")@chrome://vivipos/content/bindings/vivibuttoncolorpicker.xbl:56
onxblclick([object MouseEvent])@chrome://vivipos/content/bindings/vivibuttoncolorpicker.xbl:203

}
; Components.stack.caller 
Array
{
    '0': [name: onselect] [line: 1] [filename: chrome://vivifuncpanelecrprefs/content/vivifuncpanelecrprefs.xul]
    '1': [name: <no name>] [line: 0] [filename: null]
    '2': [name: _fireEvent] [line: 75] [filename: chrome://vivipos/content/bindings/vivibuttoncolorpicker.xbl]
    '3': [name: setColor] [line: 56] [filename: chrome://vivipos/content/bindings/vivibuttoncolorpicker.xbl]
    '4': [name: onxblclick] [line: 203] [filename: chrome://vivipos/content/bindings/vivibuttoncolorpicker.xbl]
}

2008-10-10 17:53:52 : [ERROR] [vivifuncpanelecr_prefs] vivifuncpanelecr_prefsController.doCommand selectButtonColor; TypeError
{
    'message': this._getPageButtonstyles is not a function
    'fileName': chrome://vivipos/content/bindings/vivifuncpanelecr.xbl
    'lineNumber': 2020
    'stack': setButtonstyles("2",[object Object],true)@chrome://vivipos/content/bindings/vivifuncpanelecr.xbl:2020
("buttoncolor-gray")@chrome://vivifuncpanelecrprefs/content/vivifuncpanelecrprefs_controller.js:138
("selectButtonColor")@chrome://vivipos/content/init_geckojs.js -> resource://app/modules/GeckoJS.js:9
([object ChromeWindow],"selectButtonColor","buttoncolor-gray",E)@chrome://vivipos/content/init_geckojs.js -> resource://app/modules/GeckoJS.js:9
([object ChromeWindow],"selectButtonColor","buttoncolor-gray","vivifuncpanelecr_prefs")@chrome://vivipos/content/init_geckojs.js -> resource://app/modules/GeckoJS.js:9
("selectButtonColor","buttoncolor-gray","vivifuncpanelecr_prefs")@chrome://vivipos/content/init_geckojs.js:54
onselect([object UIEvent])@chrome://vivifuncpanelecrprefs/content/vivifuncpanelecrprefs.xul:1
dispatchEvent([object UIEvent])@:0
_fireEvent([object XULElement],"select")@chrome://vivipos/content/bindings/vivibuttoncolorpicker.xbl:75
setColor("buttoncolor-gray")@chrome://vivipos/content/bindings/vivibuttoncolorpicker.xbl:56
onxblclick([object MouseEvent])@chrome://vivipos/content/bindings/vivibuttoncolorpicker.xbl:203

}
; Components.stack.caller 
Array
{
    '0': [name: onselect] [line: 1] [filename: chrome://vivifuncpanelecrprefs/content/vivifuncpanelecrprefs.xul]
    '1': [name: <no name>] [line: 0] [filename: null]
    '2': [name: _fireEvent] [line: 75] [filename: chrome://vivipos/content/bindings/vivibuttoncolorpicker.xbl]
    '3': [name: setColor] [line: 56] [filename: chrome://vivipos/content/bindings/vivibuttoncolorpicker.xbl]
    '4': [name: onxblclick] [line: 203] [filename: chrome://vivipos/content/bindings/vivibuttoncolorpicker.xbl]
}

2008-10-10 17:57:02 : [WARN] [vivifuncpanelecr_prefs] GeckoJS.Controller.supportsCommand: [selectButtonFontsize] return false
2008-10-10 17:57:02 : [WARN] [Dispatcher] GeckoJS.dispatch command not found for selectButtonFontsize
2008-10-10 18:49:56 : [WARN] [vivifuncpanelecr_prefs] GeckoJS.Controller.supportsCommand: [selectButtonFontsize] return false
2008-10-10 18:49:56 : [WARN] [Dispatcher] GeckoJS.dispatch command not found for selectButtonFontsize
2008-10-10 18:52:25 : [ERROR] [vivifuncpanelecr_prefs] vivifuncpanelecr_prefsController.doCommand selectButtonFontsize; TypeError
{
    'message': fontsize is undefined
    'fileName': chrome://vivifuncpanelecrprefs/content/vivifuncpanelecrprefs_controller.js
    'lineNumber': 153
    'stack': ()@chrome://vivifuncpanelecrprefs/content/vivifuncpanelecrprefs_controller.js:153
("selectButtonFontsize")@chrome://vivipos/content/init_geckojs.js -> resource://app/modules/GeckoJS.js:9
([object ChromeWindow],"selectButtonFontsize",null,E)@chrome://vivipos/content/init_geckojs.js -> resource://app/modules/GeckoJS.js:9
([object ChromeWindow],"selectButtonFontsize",(void 0),"vivifuncpanelecr_prefs")@chrome://vivipos/content/init_geckojs.js -> resource://app/modules/GeckoJS.js:9
("selectButtonFontsize",(void 0),"vivifuncpanelecr_prefs")@chrome://vivipos/content/init_geckojs.js:54
onselect([object UIEvent])@chrome://vivifuncpanelecrprefs/content/controlPanelUIOverlay.xul:1
dispatchEvent([object UIEvent])@:0
_fireEvent([object XULElement],"select")@chrome://vivipos/content/bindings/vivibuttonfontsizepicker.xbl:75
setFontSize("fontsize-x-large")@chrome://vivipos/content/bindings/vivibuttonfontsizepicker.xbl:57
onxblclick([object MouseEvent])@chrome://vivipos/content/bindings/vivibuttonfontsizepicker.xbl:200

}
; Components.stack.caller 
Array
{
    '0': [name: onselect] [line: 1] [filename: chrome://vivifuncpanelecrprefs/content/controlPanelUIOverlay.xul]
    '1': [name: <no name>] [line: 0] [filename: null]
    '2': [name: _fireEvent] [line: 75] [filename: chrome://vivipos/content/bindings/vivibuttonfontsizepicker.xbl]
    '3': [name: setFontSize] [line: 57] [filename: chrome://vivipos/content/bindings/vivibuttonfontsizepicker.xbl]
    '4': [name: onxblclick] [line: 200] [filename: chrome://vivipos/content/bindings/vivibuttonfontsizepicker.xbl]
}

2008-10-10 19:35:37 : [INFO] [VIVIPOS] VIVIPOS CLOSE
2008-10-10 19:37:41 : [INFO] [VIVIPOS] VIVIPOS STARTUP
2008-10-10 19:43:48 : [INFO] [VIVIPOS] VIVIPOS CLOSE
2008-10-10 19:43:51 : [INFO] [VIVIPOS] VIVIPOS STARTUP
2008-10-10 19:48:07 : [INFO] [VIVIPOS] VIVIPOS CLOSE
2008-10-10 19:48:09 : [INFO] [VIVIPOS] VIVIPOS STARTUP
2008-10-10 19:49:28 : [INFO] [VIVIPOS] VIVIPOS CLOSE
2008-10-10 19:49:29 : [INFO] [VIVIPOS] VIVIPOS STARTUP
2008-10-10 19:49:53 : [ERROR] [Dispatcher] GeckoJS.dispatch to commandcheckClerk; TypeError
{
    'message': B is null
    'fileName': chrome://vivipos/content/init_geckojs.js -> resource://app/modules/GeckoJS.js
    'lineNumber': 9
    'stack': ([object ChromeWindow],"checkClerk",null,null)@chrome://vivipos/content/init_geckojs.js -> resource://app/modules/GeckoJS.js:9
([object ChromeWindow],"checkClerk",null,"Main")@chrome://vivipos/content/init_geckojs.js -> resource://app/modules/GeckoJS.js:9
("checkClerk",null,"Main")@chrome://vivipos/content/init_geckojs.js:54
()@chrome://viviecr/content/controllers/changeuser_controller.js:17
("checkUser")@chrome://vivipos/content/init_geckojs.js -> resource://app/modules/GeckoJS.js:9
([object ChromeWindow],"checkUser",null,E)@chrome://vivipos/content/init_geckojs.js -> resource://app/modules/GeckoJS.js:9
([object ChromeWindow],"checkUser",null,"ChangeUser")@chrome://vivipos/content/init_geckojs.js -> resource://app/modules/GeckoJS.js:9
("checkUser",null,"ChangeUser")@chrome://vivipos/content/init_geckojs.js:54
oncommand([object XULCommandEvent])@chrome://viviecr/content/changeuser.xul:1

}
; Components.stack.caller 
Array
{
    '0': [name: anonymous] [line: 17] [filename: chrome://viviecr/content/controllers/changeuser_controller.js]
    '1': [name: oncommand] [line: 1] [filename: chrome://viviecr/content/changeuser.xul]
}

2008-10-10 19:53:53 : [INFO] [VIVIPOS] VIVIPOS CLOSE
2008-10-10 19:53:54 : [INFO] [VIVIPOS] VIVIPOS STARTUP
2008-10-10 19:54:58 : [INFO] [VIVIPOS] VIVIPOS CLOSE
2008-10-10 19:55:00 : [INFO] [VIVIPOS] VIVIPOS STARTUP
2008-10-10 19:59:35 : [INFO] [VIVIPOS] VIVIPOS CLOSE
2008-10-10 19:59:37 : [INFO] [VIVIPOS] VIVIPOS STARTUP
2008-10-10 20:04:30 : [INFO] [VIVIPOS] VIVIPOS CLOSE
2008-10-10 20:04:32 : [INFO] [VIVIPOS] VIVIPOS STARTUP
2008-10-10 20:04:50 : [INFO] [VIVIPOS] VIVIPOS CLOSE
2008-10-10 20:04:52 : [INFO] [VIVIPOS] VIVIPOS STARTUP
2008-10-10 20:05:19 : [INFO] [VIVIPOS] VIVIPOS CLOSE
2008-10-10 20:05:21 : [INFO] [VIVIPOS] VIVIPOS STARTUP
2008-10-10 20:05:33 : [INFO] [VIVIPOS] VIVIPOS CLOSE
2008-10-10 20:05:35 : [INFO] [VIVIPOS] VIVIPOS STARTUP
2008-10-10 20:05:52 : [INFO] [VIVIPOS] VIVIPOS CLOSE
2008-10-10 20:05:54 : [INFO] [VIVIPOS] VIVIPOS STARTUP
2008-10-10 20:06:06 : [INFO] [VIVIPOS] VIVIPOS CLOSE
2008-10-10 20:06:08 : [INFO] [VIVIPOS] VIVIPOS STARTUP
2008-10-10 20:06:13 : [INFO] [VIVIPOS] VIVIPOS CLOSE
2008-10-10 20:06:15 : [INFO] [VIVIPOS] VIVIPOS STARTUP
2008-10-10 20:06:23 : [INFO] [VIVIPOS] VIVIPOS CLOSE
2008-10-10 20:06:26 : [INFO] [VIVIPOS] VIVIPOS STARTUP
2008-10-10 20:09:01 : [INFO] [VIVIPOS] VIVIPOS CLOSE
2008-10-10 20:12:44 : [INFO] [VIVIPOS] VIVIPOS STARTUP
2008-10-10 20:24:00 : [INFO] [VIVIPOS] VIVIPOS CLOSE
2008-10-10 20:24:02 : [INFO] [VIVIPOS] VIVIPOS STARTUP
2008-10-10 20:25:15 : [INFO] [VIVIPOS] VIVIPOS CLOSE
2008-10-10 20:25:17 : [INFO] [VIVIPOS] VIVIPOS STARTUP
2008-10-10 20:26:27 : [INFO] [VIVIPOS] VIVIPOS CLOSE
2008-10-10 20:26:29 : [INFO] [VIVIPOS] VIVIPOS STARTUP
2008-10-10 20:26:49 : [INFO] [VIVIPOS] VIVIPOS CLOSE
2008-10-10 20:26:51 : [INFO] [VIVIPOS] VIVIPOS STARTUP
2008-10-10 20:28:36 : [INFO] [VIVIPOS] VIVIPOS CLOSE
2008-10-10 20:28:38 : [INFO] [VIVIPOS] VIVIPOS STARTUP
2008-10-10 20:32:09 : [INFO] [VIVIPOS] VIVIPOS CLOSE
2008-10-10 20:32:12 : [INFO] [VIVIPOS] VIVIPOS STARTUP
2008-10-10 20:32:22 : [ERROR] [Dispatcher] GeckoJS.dispatch to commanddoTaxShift1; TypeError
{
    'message': B is null
    'fileName': chrome://vivipos/content/init_geckojs.js -> resource://app/modules/GeckoJS.js
    'lineNumber': 9
    'stack': ([object ChromeWindow],"doTaxShift1","parm1",null)@chrome://vivipos/content/init_geckojs.js -> resource://app/modules/GeckoJS.js:9
([object ChromeWindow],"doTaxShift1","parm1","ctrl1")@chrome://vivipos/content/init_geckojs.js -> resource://app/modules/GeckoJS.js:9
("doTaxShift1","parm1","ctrl1")@chrome://vivipos/content/init_geckojs.js:54
oncommand([object XULCommandEvent])@chrome://vivipos/content/vivipos.xul:1

}
; Components.stack.caller 
Array
{
    '0': [name: oncommand] [line: 1] [filename: chrome://vivipos/content/vivipos.xul]
}

2008-10-10 20:32:22 : [ERROR] [Dispatcher] GeckoJS.dispatch to commandTaxShift2; TypeError
{
    'message': B is null
    'fileName': chrome://vivipos/content/init_geckojs.js -> resource://app/modules/GeckoJS.js
    'lineNumber': 9
    'stack': ([object ChromeWindow],"TaxShift2","parm2",null)@chrome://vivipos/content/init_geckojs.js -> resource://app/modules/GeckoJS.js:9
([object ChromeWindow],"TaxShift2","parm2","ctrl2")@chrome://vivipos/content/init_geckojs.js -> resource://app/modules/GeckoJS.js:9
("TaxShift2","parm2","ctrl2")@chrome://vivipos/content/init_geckojs.js:54
oncommand([object XULCommandEvent])@chrome://vivipos/content/vivipos.xul:1

}
; Components.stack.caller 
Array
{
    '0': [name: oncommand] [line: 1] [filename: chrome://vivipos/content/vivipos.xul]
}

2008-10-10 20:32:22 : [ERROR] [Dispatcher] GeckoJS.dispatch to commandTaxShift3; TypeError
{
    'message': B is null
    'fileName': chrome://vivipos/content/init_geckojs.js -> resource://app/modules/GeckoJS.js
    'lineNumber': 9
    'stack': ([object ChromeWindow],"TaxShift3","parm3",null)@chrome://vivipos/content/init_geckojs.js -> resource://app/modules/GeckoJS.js:9
([object ChromeWindow],"TaxShift3","parm3","ctrl3")@chrome://vivipos/content/init_geckojs.js -> resource://app/modules/GeckoJS.js:9
("TaxShift3","parm3","ctrl3")@chrome://vivipos/content/init_geckojs.js:54
oncommand([object XULCommandEvent])@chrome://vivipos/content/vivipos.xul:1

}
; Components.stack.caller 
Array
{
    '0': [name: oncommand] [line: 1] [filename: chrome://vivipos/content/vivipos.xul]
}

2008-10-10 20:32:24 : [ERROR] [Dispatcher] GeckoJS.dispatch to commanddoPriceLevelShift1; TypeError
{
    'message': B is null
    'fileName': chrome://vivipos/content/init_geckojs.js -> resource://app/modules/GeckoJS.js
    'lineNumber': 9
    'stack': ([object ChromeWindow],"doPriceLevelShift1","parm1",null)@chrome://vivipos/content/init_geckojs.js -> resource://app/modules/GeckoJS.js:9
([object ChromeWindow],"doPriceLevelShift1","parm1","ctrl1")@chrome://vivipos/content/init_geckojs.js -> resource://app/modules/GeckoJS.js:9
("doPriceLevelShift1","parm1","ctrl1")@chrome://vivipos/content/init_geckojs.js:54
oncommand([object XULCommandEvent])@chrome://vivipos/content/vivipos.xul:1

}
; Components.stack.caller 
Array
{
    '0': [name: oncommand] [line: 1] [filename: chrome://vivipos/content/vivipos.xul]
}

2008-10-10 20:32:24 : [ERROR] [Dispatcher] GeckoJS.dispatch to commandPriceLevelShift2; TypeError
{
    'message': B is null
    'fileName': chrome://vivipos/content/init_geckojs.js -> resource://app/modules/GeckoJS.js
    'lineNumber': 9
    'stack': ([object ChromeWindow],"PriceLevelShift2","parm2",null)@chrome://vivipos/content/init_geckojs.js -> resource://app/modules/GeckoJS.js:9
([object ChromeWindow],"PriceLevelShift2","parm2","ctrl1")@chrome://vivipos/content/init_geckojs.js -> resource://app/modules/GeckoJS.js:9
("PriceLevelShift2","parm2","ctrl1")@chrome://vivipos/content/init_geckojs.js:54
oncommand([object XULCommandEvent])@chrome://vivipos/content/vivipos.xul:1

}
; Components.stack.caller 
Array
{
    '0': [name: oncommand] [line: 1] [filename: chrome://vivipos/content/vivipos.xul]
}

2008-10-10 20:32:24 : [ERROR] [Dispatcher] GeckoJS.dispatch to commandPriceLevelShift3; TypeError
{
    'message': B is null
    'fileName': chrome://vivipos/content/init_geckojs.js -> resource://app/modules/GeckoJS.js
    'lineNumber': 9
    'stack': ([object ChromeWindow],"PriceLevelShift3","parm1",null)@chrome://vivipos/content/init_geckojs.js -> resource://app/modules/GeckoJS.js:9
([object ChromeWindow],"PriceLevelShift3","parm1","ctrl1")@chrome://vivipos/content/init_geckojs.js -> resource://app/modules/GeckoJS.js:9
("PriceLevelShift3","parm1","ctrl1")@chrome://vivipos/content/init_geckojs.js:54
oncommand([object XULCommandEvent])@chrome://vivipos/content/vivipos.xul:1

}
; Components.stack.caller 
Array
{
    '0': [name: oncommand] [line: 1] [filename: chrome://vivipos/content/vivipos.xul]
}

2008-10-10 20:32:24 : [ERROR] [Dispatcher] GeckoJS.dispatch to commanddoPriceLevelShift1; TypeError
{
    'message': B is null
    'fileName': chrome://vivipos/content/init_geckojs.js -> resource://app/modules/GeckoJS.js
    'lineNumber': 9
    'stack': ([object ChromeWindow],"doPriceLevelShift1","parm1",null)@chrome://vivipos/content/init_geckojs.js -> resource://app/modules/GeckoJS.js:9
([object ChromeWindow],"doPriceLevelShift1","parm1","ctrl1")@chrome://vivipos/content/init_geckojs.js -> resource://app/modules/GeckoJS.js:9
("doPriceLevelShift1","parm1","ctrl1")@chrome://vivipos/content/init_geckojs.js:54
oncommand([object XULCommandEvent])@chrome://vivipos/content/vivipos.xul:1

}
; Components.stack.caller 
Array
{
    '0': [name: oncommand] [line: 1] [filename: chrome://vivipos/content/vivipos.xul]
}

2008-10-10 20:32:24 : [ERROR] [Dispatcher] GeckoJS.dispatch to commandPriceLevelShift2; TypeError
{
    'message': B is null
    'fileName': chrome://vivipos/content/init_geckojs.js -> resource://app/modules/GeckoJS.js
    'lineNumber': 9
    'stack': ([object ChromeWindow],"PriceLevelShift2","parm2",null)@chrome://vivipos/content/init_geckojs.js -> resource://app/modules/GeckoJS.js:9
([object ChromeWindow],"PriceLevelShift2","parm2","ctrl1")@chrome://vivipos/content/init_geckojs.js -> resource://app/modules/GeckoJS.js:9
("PriceLevelShift2","parm2","ctrl1")@chrome://vivipos/content/init_geckojs.js:54
oncommand([object XULCommandEvent])@chrome://vivipos/content/vivipos.xul:1

}
; Components.stack.caller 
Array
{
    '0': [name: oncommand] [line: 1] [filename: chrome://vivipos/content/vivipos.xul]
}

2008-10-10 20:32:24 : [ERROR] [Dispatcher] GeckoJS.dispatch to commandPriceLevelShift3; TypeError
{
    'message': B is null
    'fileName': chrome://vivipos/content/init_geckojs.js -> resource://app/modules/GeckoJS.js
    'lineNumber': 9
    'stack': ([object ChromeWindow],"PriceLevelShift3","parm1",null)@chrome://vivipos/content/init_geckojs.js -> resource://app/modules/GeckoJS.js:9
([object ChromeWindow],"PriceLevelShift3","parm1","ctrl1")@chrome://vivipos/content/init_geckojs.js -> resource://app/modules/GeckoJS.js:9
("PriceLevelShift3","parm1","ctrl1")@chrome://vivipos/content/init_geckojs.js:54
oncommand([object XULCommandEvent])@chrome://vivipos/content/vivipos.xul:1

}
; Components.stack.caller 
Array
{
    '0': [name: oncommand] [line: 1] [filename: chrome://vivipos/content/vivipos.xul]
}

2008-10-10 20:32:24 : [ERROR] [Dispatcher] GeckoJS.dispatch to commanddoPriceLevelShift1; TypeError
{
    'message': B is null
    'fileName': chrome://vivipos/content/init_geckojs.js -> resource://app/modules/GeckoJS.js
    'lineNumber': 9
    'stack': ([object ChromeWindow],"doPriceLevelShift1","parm1",null)@chrome://vivipos/content/init_geckojs.js -> resource://app/modules/GeckoJS.js:9
([object ChromeWindow],"doPriceLevelShift1","parm1","ctrl1")@chrome://vivipos/content/init_geckojs.js -> resource://app/modules/GeckoJS.js:9
("doPriceLevelShift1","parm1","ctrl1")@chrome://vivipos/content/init_geckojs.js:54
oncommand([object XULCommandEvent])@chrome://vivipos/content/vivipos.xul:1

}
; Components.stack.caller 
Array
{
    '0': [name: oncommand] [line: 1] [filename: chrome://vivipos/content/vivipos.xul]
}

2008-10-10 20:32:24 : [ERROR] [Dispatcher] GeckoJS.dispatch to commandPriceLevelShift2; TypeError
{
    'message': B is null
    'fileName': chrome://vivipos/content/init_geckojs.js -> resource://app/modules/GeckoJS.js
    'lineNumber': 9
    'stack': ([object ChromeWindow],"PriceLevelShift2","parm2",null)@chrome://vivipos/content/init_geckojs.js -> resource://app/modules/GeckoJS.js:9
([object ChromeWindow],"PriceLevelShift2","parm2","ctrl1")@chrome://vivipos/content/init_geckojs.js -> resource://app/modules/GeckoJS.js:9
("PriceLevelShift2","parm2","ctrl1")@chrome://vivipos/content/init_geckojs.js:54
oncommand([object XULCommandEvent])@chrome://vivipos/content/vivipos.xul:1

}
; Components.stack.caller 
Array
{
    '0': [name: oncommand] [line: 1] [filename: chrome://vivipos/content/vivipos.xul]
}

2008-10-10 20:32:24 : [ERROR] [Dispatcher] GeckoJS.dispatch to commandPriceLevelShift3; TypeError
{
    'message': B is null
    'fileName': chrome://vivipos/content/init_geckojs.js -> resource://app/modules/GeckoJS.js
    'lineNumber': 9
    'stack': ([object ChromeWindow],"PriceLevelShift3","parm1",null)@chrome://vivipos/content/init_geckojs.js -> resource://app/modules/GeckoJS.js:9
([object ChromeWindow],"PriceLevelShift3","parm1","ctrl1")@chrome://vivipos/content/init_geckojs.js -> resource://app/modules/GeckoJS.js:9
("PriceLevelShift3","parm1","ctrl1")@chrome://vivipos/content/init_geckojs.js:54
oncommand([object XULCommandEvent])@chrome://vivipos/content/vivipos.xul:1

}
; Components.stack.caller 
Array
{
    '0': [name: oncommand] [line: 1] [filename: chrome://vivipos/content/vivipos.xul]
}

2008-10-10 20:32:25 : [ERROR] [Dispatcher] GeckoJS.dispatch to commanddoTaxShift1; TypeError
{
    'message': B is null
    'fileName': chrome://vivipos/content/init_geckojs.js -> resource://app/modules/GeckoJS.js
    'lineNumber': 9
    'stack': ([object ChromeWindow],"doTaxShift1","parm1",null)@chrome://vivipos/content/init_geckojs.js -> resource://app/modules/GeckoJS.js:9
([object ChromeWindow],"doTaxShift1","parm1","ctrl1")@chrome://vivipos/content/init_geckojs.js -> resource://app/modules/GeckoJS.js:9
("doTaxShift1","parm1","ctrl1")@chrome://vivipos/content/init_geckojs.js:54
oncommand([object XULCommandEvent])@chrome://vivipos/content/vivipos.xul:1

}
; Components.stack.caller 
Array
{
    '0': [name: oncommand] [line: 1] [filename: chrome://vivipos/content/vivipos.xul]
}

2008-10-10 20:32:25 : [ERROR] [Dispatcher] GeckoJS.dispatch to commandTaxShift2; TypeError
{
    'message': B is null
    'fileName': chrome://vivipos/content/init_geckojs.js -> resource://app/modules/GeckoJS.js
    'lineNumber': 9
    'stack': ([object ChromeWindow],"TaxShift2","parm2",null)@chrome://vivipos/content/init_geckojs.js -> resource://app/modules/GeckoJS.js:9
([object ChromeWindow],"TaxShift2","parm2","ctrl2")@chrome://vivipos/content/init_geckojs.js -> resource://app/modules/GeckoJS.js:9
("TaxShift2","parm2","ctrl2")@chrome://vivipos/content/init_geckojs.js:54
oncommand([object XULCommandEvent])@chrome://vivipos/content/vivipos.xul:1

}
; Components.stack.caller 
Array
{
    '0': [name: oncommand] [line: 1] [filename: chrome://vivipos/content/vivipos.xul]
}

2008-10-10 20:32:25 : [ERROR] [Dispatcher] GeckoJS.dispatch to commandTaxShift3; TypeError
{
    'message': B is null
    'fileName': chrome://vivipos/content/init_geckojs.js -> resource://app/modules/GeckoJS.js
    'lineNumber': 9
    'stack': ([object ChromeWindow],"TaxShift3","parm3",null)@chrome://vivipos/content/init_geckojs.js -> resource://app/modules/GeckoJS.js:9
([object ChromeWindow],"TaxShift3","parm3","ctrl3")@chrome://vivipos/content/init_geckojs.js -> resource://app/modules/GeckoJS.js:9
("TaxShift3","parm3","ctrl3")@chrome://vivipos/content/init_geckojs.js:54
oncommand([object XULCommandEvent])@chrome://vivipos/content/vivipos.xul:1

}
; Components.stack.caller 
Array
{
    '0': [name: oncommand] [line: 1] [filename: chrome://vivipos/content/vivipos.xul]
}

2008-10-10 20:32:38 : [INFO] [VIVIPOS] VIVIPOS CLOSE
2008-10-10 20:32:40 : [INFO] [VIVIPOS] VIVIPOS STARTUP
2008-10-10 20:33:44 : [INFO] [VIVIPOS] VIVIPOS CLOSE
2008-10-10 20:33:46 : [INFO] [VIVIPOS] VIVIPOS STARTUP
2008-10-10 20:33:52 : [INFO] [VIVIPOS] VIVIPOS CLOSE
2008-10-10 20:34:22 : [INFO] [VIVIPOS] VIVIPOS STARTUP
2008-10-10 20:34:37 : [INFO] [VIVIPOS] VIVIPOS CLOSE
2008-10-10 20:34:41 : [INFO] [VIVIPOS] VIVIPOS STARTUP
2008-10-10 20:35:05 : [INFO] [VIVIPOS] VIVIPOS CLOSE
2008-10-10 20:35:10 : [INFO] [VIVIPOS] VIVIPOS STARTUP
2008-10-10 20:36:30 : [INFO] [VIVIPOS] VIVIPOS CLOSE
2008-10-10 20:36:42 : [INFO] [VIVIPOS] VIVIPOS STARTUP
2008-10-10 21:03:43 : [INFO] [VIVIPOS] VIVIPOS STARTUP
2008-10-11 01:23:42 : [INFO] [VIVIPOS] VIVIPOS CLOSE
2008-10-11 02:15:14 : [INFO] [VIVIPOS] VIVIPOS STARTUP
2008-10-11 02:26:15 : [INFO] [VIVIPOS] VIVIPOS CLOSE
2008-10-11 02:45:34 : [INFO] [VIVIPOS] VIVIPOS STARTUP
2008-10-11 02:56:06 : [INFO] [VIVIPOS] VIVIPOS CLOSE
2008-10-11 02:56:08 : [INFO] [VIVIPOS] VIVIPOS STARTUP
2008-10-11 03:06:03 : [INFO] [VIVIPOS] VIVIPOS CLOSE
2008-10-11 03:06:05 : [INFO] [VIVIPOS] VIVIPOS STARTUP
2008-10-11 03:13:41 : [INFO] [VIVIPOS] VIVIPOS CLOSE
2008-10-11 03:13:43 : [INFO] [VIVIPOS] VIVIPOS STARTUP
2008-10-11 03:13:50 : [ERROR] [Dispatcher] GeckoJS.dispatch to commanddoTaxShift1; TypeError
{
    'message': B is null
    'fileName': chrome://vivipos/content/init_geckojs.js -> resource://app/modules/GeckoJS.js
    'lineNumber': 9
    'stack': ([object ChromeWindow],"doTaxShift1","parm1",null)@chrome://vivipos/content/init_geckojs.js -> resource://app/modules/GeckoJS.js:9
([object ChromeWindow],"doTaxShift1","parm1","ctrl1")@chrome://vivipos/content/init_geckojs.js -> resource://app/modules/GeckoJS.js:9
("doTaxShift1","parm1","ctrl1")@chrome://vivipos/content/init_geckojs.js:54
oncommand([object XULCommandEvent])@chrome://vivipos/content/vivipos.xul:1

}
; Components.stack.caller 
Array
{
    '0': [name: oncommand] [line: 1] [filename: chrome://vivipos/content/vivipos.xul]
}

2008-10-11 03:13:50 : [ERROR] [Dispatcher] GeckoJS.dispatch to commandTaxShift2; TypeError
{
    'message': B is null
    'fileName': chrome://vivipos/content/init_geckojs.js -> resource://app/modules/GeckoJS.js
    'lineNumber': 9
    'stack': ([object ChromeWindow],"TaxShift2","parm2",null)@chrome://vivipos/content/init_geckojs.js -> resource://app/modules/GeckoJS.js:9
([object ChromeWindow],"TaxShift2","parm2","ctrl2")@chrome://vivipos/content/init_geckojs.js -> resource://app/modules/GeckoJS.js:9
("TaxShift2","parm2","ctrl2")@chrome://vivipos/content/init_geckojs.js:54
oncommand([object XULCommandEvent])@chrome://vivipos/content/vivipos.xul:1

}
; Components.stack.caller 
Array
{
    '0': [name: oncommand] [line: 1] [filename: chrome://vivipos/content/vivipos.xul]
}

2008-10-11 03:13:50 : [ERROR] [Dispatcher] GeckoJS.dispatch to commandTaxShift3; TypeError
{
    'message': B is null
    'fileName': chrome://vivipos/content/init_geckojs.js -> resource://app/modules/GeckoJS.js
    'lineNumber': 9
    'stack': ([object ChromeWindow],"TaxShift3","parm3",null)@chrome://vivipos/content/init_geckojs.js -> resource://app/modules/GeckoJS.js:9
([object ChromeWindow],"TaxShift3","parm3","ctrl3")@chrome://vivipos/content/init_geckojs.js -> resource://app/modules/GeckoJS.js:9
("TaxShift3","parm3","ctrl3")@chrome://vivipos/content/init_geckojs.js:54
oncommand([object XULCommandEvent])@chrome://vivipos/content/vivipos.xul:1

}
; Components.stack.caller 
Array
{
    '0': [name: oncommand] [line: 1] [filename: chrome://vivipos/content/vivipos.xul]
}

2008-10-11 03:52:56 : [ERROR] [Dispatcher] GeckoJS.dispatch to commandcheckClerk; TypeError
{
    'message': B is null
    'fileName': chrome://vivipos/content/init_geckojs.js -> resource://app/modules/GeckoJS.js
    'lineNumber': 9
    'stack': ([object ChromeWindow],"checkClerk",null,null)@chrome://vivipos/content/init_geckojs.js -> resource://app/modules/GeckoJS.js:9
([object ChromeWindow],"checkClerk",null,"Main")@chrome://vivipos/content/init_geckojs.js -> resource://app/modules/GeckoJS.js:9
("checkClerk",null,"Main")@chrome://vivipos/content/init_geckojs.js:54
()@chrome://viviecr/content/controllers/changeuser_controller.js:17
("checkUser")@chrome://vivipos/content/init_geckojs.js -> resource://app/modules/GeckoJS.js:9
([object ChromeWindow],"checkUser",null,E)@chrome://vivipos/content/init_geckojs.js -> resource://app/modules/GeckoJS.js:9
([object ChromeWindow],"checkUser",null,"ChangeUser")@chrome://vivipos/content/init_geckojs.js -> resource://app/modules/GeckoJS.js:9
("checkUser",null,"ChangeUser")@chrome://vivipos/content/init_geckojs.js:54
oncommand([object XULCommandEvent])@chrome://viviecr/content/changeuser.xul:1

}
; Components.stack.caller 
Array
{
    '0': [name: anonymous] [line: 17] [filename: chrome://viviecr/content/controllers/changeuser_controller.js]
    '1': [name: oncommand] [line: 1] [filename: chrome://viviecr/content/changeuser.xul]
}

2008-10-11 08:03:47 : [INFO] [VIVIPOS] VIVIPOS CLOSE
2008-10-11 09:14:36 : [INFO] [VIVIPOS] VIVIPOS STARTUP
2008-10-11 09:19:14 : [INFO] [VIVIPOS] VIVIPOS STARTUP
2008-10-11 09:19:40 : [INFO] [VIVIPOS] VIVIPOS CLOSE
2008-10-11 09:19:41 : [INFO] [VIVIPOS] VIVIPOS STARTUP
2008-10-11 09:21:50 : [INFO] [VIVIPOS] VIVIPOS CLOSE
2008-10-11 09:21:52 : [INFO] [VIVIPOS] VIVIPOS STARTUP
2008-10-11 09:22:41 : [INFO] [VIVIPOS] VIVIPOS CLOSE
2008-10-11 09:22:42 : [INFO] [VIVIPOS] VIVIPOS STARTUP
2008-10-11 09:23:00 : [INFO] [VIVIPOS] VIVIPOS CLOSE
2008-10-11 09:23:01 : [INFO] [VIVIPOS] VIVIPOS STARTUP
2008-10-11 09:23:11 : [INFO] [VIVIPOS] VIVIPOS CLOSE
2008-10-11 09:23:12 : [INFO] [VIVIPOS] VIVIPOS STARTUP
2008-10-11 09:23:56 : [INFO] [VIVIPOS] VIVIPOS CLOSE
2008-10-11 09:23:57 : [INFO] [VIVIPOS] VIVIPOS STARTUP
2008-10-11 09:24:20 : [INFO] [VIVIPOS] VIVIPOS CLOSE
2008-10-11 09:24:22 : [INFO] [VIVIPOS] VIVIPOS STARTUP
2008-10-11 09:24:51 : [INFO] [VIVIPOS] VIVIPOS CLOSE
2008-10-11 09:24:52 : [INFO] [VIVIPOS] VIVIPOS STARTUP
2008-10-11 09:25:19 : [INFO] [VIVIPOS] VIVIPOS CLOSE
2008-10-11 09:25:21 : [INFO] [VIVIPOS] VIVIPOS STARTUP
2008-10-11 09:25:43 : [INFO] [VIVIPOS] VIVIPOS CLOSE
2008-10-11 09:25:44 : [INFO] [VIVIPOS] VIVIPOS STARTUP
2008-10-11 09:28:23 : [INFO] [VIVIPOS] VIVIPOS CLOSE
2008-10-11 09:28:25 : [INFO] [VIVIPOS] VIVIPOS STARTUP
2008-10-11 09:29:05 : [INFO] [VIVIPOS] VIVIPOS CLOSE
2008-10-11 09:29:07 : [INFO] [VIVIPOS] VIVIPOS STARTUP
2008-10-11 09:30:13 : [INFO] [VIVIPOS] VIVIPOS CLOSE
2008-10-11 09:30:14 : [INFO] [VIVIPOS] VIVIPOS STARTUP
2008-10-11 09:30:34 : [INFO] [VIVIPOS] VIVIPOS CLOSE
2008-10-11 09:30:35 : [INFO] [VIVIPOS] VIVIPOS STARTUP
2008-10-11 09:30:59 : [INFO] [VIVIPOS] VIVIPOS CLOSE
2008-10-11 09:31:00 : [INFO] [VIVIPOS] VIVIPOS STARTUP
2008-10-11 09:31:32 : [INFO] [VIVIPOS] VIVIPOS CLOSE
2008-10-11 09:31:33 : [INFO] [VIVIPOS] VIVIPOS STARTUP
2008-10-11 09:33:35 : [INFO] [VIVIPOS] VIVIPOS CLOSE
2008-10-11 09:33:36 : [INFO] [VIVIPOS] VIVIPOS STARTUP
2008-10-11 09:36:06 : [INFO] [VIVIPOS] VIVIPOS CLOSE
2008-10-11 09:36:08 : [INFO] [VIVIPOS] VIVIPOS STARTUP
2008-10-11 09:38:50 : [INFO] [VIVIPOS] VIVIPOS CLOSE
2008-10-11 09:38:51 : [INFO] [VIVIPOS] VIVIPOS STARTUP
2008-10-11 09:40:46 : [INFO] [VIVIPOS] VIVIPOS CLOSE
2008-10-11 09:40:48 : [INFO] [VIVIPOS] VIVIPOS STARTUP
2008-10-11 10:01:23 : [INFO] [VIVIPOS] VIVIPOS CLOSE
2008-10-11 10:01:25 : [INFO] [VIVIPOS] VIVIPOS STARTUP
2008-10-11 10:03:27 : [INFO] [VIVIPOS] VIVIPOS CLOSE
2008-10-11 10:03:29 : [INFO] [VIVIPOS] VIVIPOS STARTUP
2008-10-11 10:04:25 : [INFO] [VIVIPOS] VIVIPOS CLOSE
2008-10-11 10:04:26 : [INFO] [VIVIPOS] VIVIPOS STARTUP
2008-10-11 10:18:51 : [INFO] [VIVIPOS] VIVIPOS CLOSE
2008-10-11 10:18:53 : [INFO] [VIVIPOS] VIVIPOS STARTUP
2008-10-11 10:37:44 : [INFO] [VIVIPOS] VIVIPOS CLOSE
2008-10-11 10:39:31 : [INFO] [VIVIPOS] VIVIPOS STARTUP
2008-10-11 10:41:31 : [INFO] [VIVIPOS] VIVIPOS STARTUP
2008-10-11 10:41:53 : [INFO] [VIVIPOS] VIVIPOS CLOSE
2008-10-11 10:41:54 : [INFO] [VIVIPOS] VIVIPOS STARTUP
2008-10-11 10:43:36 : [INFO] [VIVIPOS] VIVIPOS CLOSE
2008-10-11 10:44:53 : [INFO] [VIVIPOS] VIVIPOS STARTUP
2008-10-11 11:00:08 : [INFO] [VIVIPOS] VIVIPOS CLOSE
2008-10-11 11:00:12 : [INFO] [VIVIPOS] VIVIPOS STARTUP
2008-10-11 11:01:48 : [INFO] [VIVIPOS] VIVIPOS CLOSE
2008-10-11 11:01:50 : [INFO] [VIVIPOS] VIVIPOS STARTUP
2008-10-11 11:02:47 : [INFO] [VIVIPOS] VIVIPOS CLOSE
2008-10-11 11:02:48 : [INFO] [VIVIPOS] VIVIPOS STARTUP
2008-10-11 11:03:33 : [INFO] [VIVIPOS] VIVIPOS STARTUP
2008-10-11 11:06:23 : [INFO] [VIVIPOS] VIVIPOS CLOSE
2008-10-11 11:06:25 : [INFO] [VIVIPOS] VIVIPOS STARTUP
2008-10-11 11:10:03 : [INFO] [VIVIPOS] VIVIPOS CLOSE
2008-10-11 11:10:05 : [INFO] [VIVIPOS] VIVIPOS STARTUP
2008-10-11 11:10:52 : [INFO] [VIVIPOS] VIVIPOS CLOSE
2008-10-11 11:10:54 : [INFO] [VIVIPOS] VIVIPOS STARTUP
2008-10-11 11:21:01 : [INFO] [VIVIPOS] VIVIPOS CLOSE
2008-10-11 11:21:04 : [INFO] [VIVIPOS] VIVIPOS STARTUP
2008-10-11 11:21:32 : [INFO] [VIVIPOS] VIVIPOS CLOSE
2008-10-11 11:21:34 : [INFO] [VIVIPOS] VIVIPOS STARTUP
2008-10-11 11:22:37 : [ERROR] [Dispatcher] GeckoJS.dispatch to commanddoTaxShift1; TypeError
{
    'message': B is null
    'fileName': chrome://vivipos/content/init_geckojs.js -> resource://app/modules/GeckoJS.js
    'lineNumber': 9
    'stack': ([object ChromeWindow],"doTaxShift1","parm1",null)@chrome://vivipos/content/init_geckojs.js -> resource://app/modules/GeckoJS.js:9
([object ChromeWindow],"doTaxShift1","parm1","ctrl1")@chrome://vivipos/content/init_geckojs.js -> resource://app/modules/GeckoJS.js:9
("doTaxShift1","parm1","ctrl1")@chrome://vivipos/content/init_geckojs.js:54
oncommand([object XULCommandEvent])@chrome://vivipos/content/vivipos.xul:1

}
; Components.stack.caller 
Array
{
    '0': [name: oncommand] [line: 1] [filename: chrome://vivipos/content/vivipos.xul]
}

2008-10-11 11:22:37 : [ERROR] [Dispatcher] GeckoJS.dispatch to commandTaxShift2; TypeError
{
    'message': B is null
    'fileName': chrome://vivipos/content/init_geckojs.js -> resource://app/modules/GeckoJS.js
    'lineNumber': 9
    'stack': ([object ChromeWindow],"TaxShift2","parm2",null)@chrome://vivipos/content/init_geckojs.js -> resource://app/modules/GeckoJS.js:9
([object ChromeWindow],"TaxShift2","parm2","ctrl2")@chrome://vivipos/content/init_geckojs.js -> resource://app/modules/GeckoJS.js:9
("TaxShift2","parm2","ctrl2")@chrome://vivipos/content/init_geckojs.js:54
oncommand([object XULCommandEvent])@chrome://vivipos/content/vivipos.xul:1

}
; Components.stack.caller 
Array
{
    '0': [name: oncommand] [line: 1] [filename: chrome://vivipos/content/vivipos.xul]
}

2008-10-11 11:22:37 : [ERROR] [Dispatcher] GeckoJS.dispatch to commandTaxShift3; TypeError
{
    'message': B is null
    'fileName': chrome://vivipos/content/init_geckojs.js -> resource://app/modules/GeckoJS.js
    'lineNumber': 9
    'stack': ([object ChromeWindow],"TaxShift3","parm3",null)@chrome://vivipos/content/init_geckojs.js -> resource://app/modules/GeckoJS.js:9
([object ChromeWindow],"TaxShift3","parm3","ctrl3")@chrome://vivipos/content/init_geckojs.js -> resource://app/modules/GeckoJS.js:9
("TaxShift3","parm3","ctrl3")@chrome://vivipos/content/init_geckojs.js:54
oncommand([object XULCommandEvent])@chrome://vivipos/content/vivipos.xul:1

}
; Components.stack.caller 
Array
{
    '0': [name: oncommand] [line: 1] [filename: chrome://vivipos/content/vivipos.xul]
}

2008-10-11 11:23:50 : [INFO] [VIVIPOS] VIVIPOS CLOSE
2008-10-11 11:23:51 : [INFO] [VIVIPOS] VIVIPOS STARTUP
2008-10-11 11:25:03 : [INFO] [VIVIPOS] VIVIPOS CLOSE
2008-10-11 11:25:05 : [INFO] [VIVIPOS] VIVIPOS STARTUP
2008-10-11 11:25:21 : [ERROR] [Dispatcher] GeckoJS.dispatch to commandcheckClerk; TypeError
{
    'message': B is null
    'fileName': chrome://vivipos/content/init_geckojs.js -> resource://app/modules/GeckoJS.js
    'lineNumber': 9
    'stack': ([object ChromeWindow],"checkClerk",null,null)@chrome://vivipos/content/init_geckojs.js -> resource://app/modules/GeckoJS.js:9
([object ChromeWindow],"checkClerk",null,"Main")@chrome://vivipos/content/init_geckojs.js -> resource://app/modules/GeckoJS.js:9
("checkClerk",null,"Main")@chrome://vivipos/content/init_geckojs.js:54
()@chrome://viviecr/content/controllers/changeuser_controller.js:17
("checkUser")@chrome://vivipos/content/init_geckojs.js -> resource://app/modules/GeckoJS.js:9
([object ChromeWindow],"checkUser",null,E)@chrome://vivipos/content/init_geckojs.js -> resource://app/modules/GeckoJS.js:9
([object ChromeWindow],"checkUser",null,"ChangeUser")@chrome://vivipos/content/init_geckojs.js -> resource://app/modules/GeckoJS.js:9
("checkUser",null,"ChangeUser")@chrome://vivipos/content/init_geckojs.js:54
oncommand([object XULCommandEvent])@chrome://viviecr/content/changeuser.xul:1

}
; Components.stack.caller 
Array
{
    '0': [name: anonymous] [line: 17] [filename: chrome://viviecr/content/controllers/changeuser_controller.js]
    '1': [name: oncommand] [line: 1] [filename: chrome://viviecr/content/changeuser.xul]
}

2008-10-11 11:26:22 : [INFO] [VIVIPOS] VIVIPOS CLOSE
2008-10-12 01:56:38 : [INFO] [VIVIPOS] VIVIPOS STARTUP
2008-10-12 02:48:31 : [WARN] [Cart] halo =undefined, sell =11.5
2008-10-12 02:48:32 : [INFO] [VIVIPOS] VIVIPOS CLOSE
2008-10-12 02:48:54 : [INFO] [VIVIPOS] VIVIPOS STARTUP
2008-10-12 02:50:19 : [INFO] [VIVIPOS] VIVIPOS CLOSE
2008-10-12 02:50:21 : [INFO] [VIVIPOS] VIVIPOS STARTUP
2008-10-12 02:55:05 : [INFO] [VIVIPOS] VIVIPOS CLOSE
2008-10-12 02:55:07 : [INFO] [VIVIPOS] VIVIPOS STARTUP
2008-10-12 02:58:10 : [INFO] [VIVIPOS] VIVIPOS CLOSE
2008-10-12 02:58:11 : [INFO] [VIVIPOS] VIVIPOS STARTUP
2008-10-12 02:58:57 : [INFO] [VIVIPOS] VIVIPOS CLOSE
2008-10-12 02:58:59 : [INFO] [VIVIPOS] VIVIPOS STARTUP
2008-10-12 03:00:23 : [INFO] [VIVIPOS] VIVIPOS CLOSE
2008-10-12 03:00:25 : [INFO] [VIVIPOS] VIVIPOS STARTUP
2008-10-12 03:01:03 : [INFO] [VIVIPOS] VIVIPOS CLOSE
2008-10-12 03:01:04 : [INFO] [VIVIPOS] VIVIPOS STARTUP
2008-10-12 03:01:25 : [INFO] [VIVIPOS] VIVIPOS CLOSE
2008-10-12 03:01:27 : [INFO] [VIVIPOS] VIVIPOS STARTUP
2008-10-12 03:02:04 : [INFO] [VIVIPOS] VIVIPOS CLOSE
2008-10-12 03:02:06 : [INFO] [VIVIPOS] VIVIPOS STARTUP
2008-10-12 03:02:37 : [INFO] [VIVIPOS] VIVIPOS CLOSE
2008-10-12 03:02:38 : [INFO] [VIVIPOS] VIVIPOS STARTUP
2008-10-12 03:03:22 : [INFO] [VIVIPOS] VIVIPOS CLOSE
2008-10-12 03:03:24 : [INFO] [VIVIPOS] VIVIPOS STARTUP
2008-10-12 03:04:39 : [INFO] [VIVIPOS] VIVIPOS CLOSE
2008-10-12 03:04:41 : [INFO] [VIVIPOS] VIVIPOS STARTUP
2008-10-12 03:05:07 : [INFO] [VIVIPOS] VIVIPOS CLOSE
2008-10-12 03:05:08 : [INFO] [VIVIPOS] VIVIPOS STARTUP
2008-10-12 03:05:41 : [ERROR] [Dispatcher] GeckoJS.dispatch to commanddoPriceLevelShift1; TypeError
{
    'message': B is null
    'fileName': chrome://vivipos/content/init_geckojs.js -> resource://app/modules/GeckoJS.js
    'lineNumber': 9
    'stack': ([object ChromeWindow],"doPriceLevelShift1","parm1",null)@chrome://vivipos/content/init_geckojs.js -> resource://app/modules/GeckoJS.js:9
([object ChromeWindow],"doPriceLevelShift1","parm1","ctrl1")@chrome://vivipos/content/init_geckojs.js -> resource://app/modules/GeckoJS.js:9
("doPriceLevelShift1","parm1","ctrl1")@chrome://vivipos/content/init_geckojs.js:54
oncommand([object XULCommandEvent])@chrome://vivipos/content/vivipos.xul:1

}
; Components.stack.caller 
Array
{
    '0': [name: oncommand] [line: 1] [filename: chrome://vivipos/content/vivipos.xul]
}

2008-10-12 03:05:41 : [ERROR] [Dispatcher] GeckoJS.dispatch to commandPriceLevelShift2; TypeError
{
    'message': B is null
    'fileName': chrome://vivipos/content/init_geckojs.js -> resource://app/modules/GeckoJS.js
    'lineNumber': 9
    'stack': ([object ChromeWindow],"PriceLevelShift2","parm2",null)@chrome://vivipos/content/init_geckojs.js -> resource://app/modules/GeckoJS.js:9
([object ChromeWindow],"PriceLevelShift2","parm2","ctrl1")@chrome://vivipos/content/init_geckojs.js -> resource://app/modules/GeckoJS.js:9
("PriceLevelShift2","parm2","ctrl1")@chrome://vivipos/content/init_geckojs.js:54
oncommand([object XULCommandEvent])@chrome://vivipos/content/vivipos.xul:1

}
; Components.stack.caller 
Array
{
    '0': [name: oncommand] [line: 1] [filename: chrome://vivipos/content/vivipos.xul]
}

2008-10-12 03:05:41 : [ERROR] [Dispatcher] GeckoJS.dispatch to commandPriceLevelShift3; TypeError
{
    'message': B is null
    'fileName': chrome://vivipos/content/init_geckojs.js -> resource://app/modules/GeckoJS.js
    'lineNumber': 9
    'stack': ([object ChromeWindow],"PriceLevelShift3","parm1",null)@chrome://vivipos/content/init_geckojs.js -> resource://app/modules/GeckoJS.js:9
([object ChromeWindow],"PriceLevelShift3","parm1","ctrl1")@chrome://vivipos/content/init_geckojs.js -> resource://app/modules/GeckoJS.js:9
("PriceLevelShift3","parm1","ctrl1")@chrome://vivipos/content/init_geckojs.js:54
oncommand([object XULCommandEvent])@chrome://vivipos/content/vivipos.xul:1

}
; Components.stack.caller 
Array
{
    '0': [name: oncommand] [line: 1] [filename: chrome://vivipos/content/vivipos.xul]
}

2008-10-12 03:05:57 : [INFO] [VIVIPOS] VIVIPOS CLOSE
2008-10-12 03:05:59 : [INFO] [VIVIPOS] VIVIPOS STARTUP
2008-10-12 03:06:20 : [INFO] [VIVIPOS] VIVIPOS CLOSE
2008-10-12 03:06:22 : [INFO] [VIVIPOS] VIVIPOS STARTUP
2008-10-12 03:07:18 : [INFO] [VIVIPOS] VIVIPOS CLOSE
2008-10-12 03:07:19 : [INFO] [VIVIPOS] VIVIPOS STARTUP
2008-10-12 03:07:57 : [INFO] [VIVIPOS] VIVIPOS CLOSE
2008-10-12 03:07:58 : [INFO] [VIVIPOS] VIVIPOS STARTUP
2008-10-12 03:15:19 : [INFO] [VIVIPOS] VIVIPOS CLOSE
2008-10-12 03:15:21 : [INFO] [VIVIPOS] VIVIPOS STARTUP
2008-10-12 03:19:45 : [INFO] [VIVIPOS] VIVIPOS CLOSE
2008-10-12 03:19:46 : [INFO] [VIVIPOS] VIVIPOS STARTUP
2008-10-12 03:20:22 : [INFO] [VIVIPOS] VIVIPOS CLOSE
2008-10-12 03:20:23 : [INFO] [VIVIPOS] VIVIPOS STARTUP
2008-10-12 03:21:13 : [INFO] [VIVIPOS] VIVIPOS CLOSE
2008-10-12 03:21:14 : [INFO] [VIVIPOS] VIVIPOS STARTUP
2008-10-12 03:23:07 : [INFO] [VIVIPOS] VIVIPOS CLOSE
2008-10-12 03:23:08 : [INFO] [VIVIPOS] VIVIPOS STARTUP
2008-10-12 03:23:14 : [INFO] [VIVIPOS] VIVIPOS CLOSE
2008-10-12 03:23:15 : [INFO] [VIVIPOS] VIVIPOS STARTUP
2008-10-12 03:24:51 : [INFO] [VIVIPOS] VIVIPOS CLOSE
2008-10-12 03:24:52 : [INFO] [VIVIPOS] VIVIPOS STARTUP
2008-10-12 03:25:03 : [INFO] [VIVIPOS] VIVIPOS CLOSE
2008-10-12 03:25:04 : [INFO] [VIVIPOS] VIVIPOS STARTUP
2008-10-12 03:25:22 : [INFO] [VIVIPOS] VIVIPOS CLOSE
2008-10-12 03:25:23 : [INFO] [VIVIPOS] VIVIPOS STARTUP
2008-10-12 03:26:22 : [INFO] [VIVIPOS] VIVIPOS CLOSE
2008-10-12 03:26:23 : [INFO] [VIVIPOS] VIVIPOS STARTUP
2008-10-12 03:26:31 : [INFO] [VIVIPOS] VIVIPOS CLOSE
2008-10-12 03:26:33 : [INFO] [VIVIPOS] VIVIPOS STARTUP
2008-10-12 03:28:14 : [INFO] [VIVIPOS] VIVIPOS CLOSE
2008-10-12 03:28:16 : [INFO] [VIVIPOS] VIVIPOS STARTUP
2008-10-12 03:37:12 : [INFO] [VIVIPOS] VIVIPOS CLOSE
2008-10-12 03:37:14 : [INFO] [VIVIPOS] VIVIPOS STARTUP
2008-10-12 03:37:33 : [INFO] [VIVIPOS] VIVIPOS CLOSE
2008-10-12 03:37:35 : [INFO] [VIVIPOS] VIVIPOS STARTUP
2008-10-12 03:38:20 : [INFO] [VIVIPOS] VIVIPOS CLOSE
2008-10-12 03:38:21 : [INFO] [VIVIPOS] VIVIPOS STARTUP
2008-10-12 03:38:30 : [INFO] [VIVIPOS] VIVIPOS CLOSE
2008-10-12 03:38:32 : [INFO] [VIVIPOS] VIVIPOS STARTUP
2008-10-12 03:38:50 : [INFO] [VIVIPOS] VIVIPOS CLOSE
2008-10-12 03:38:52 : [INFO] [VIVIPOS] VIVIPOS STARTUP
2008-10-12 03:39:23 : [INFO] [VIVIPOS] VIVIPOS CLOSE
2008-10-12 03:39:24 : [INFO] [VIVIPOS] VIVIPOS STARTUP
2008-10-12 03:39:37 : [INFO] [VIVIPOS] VIVIPOS CLOSE
2008-10-12 03:39:38 : [INFO] [VIVIPOS] VIVIPOS STARTUP
2008-10-12 03:40:00 : [INFO] [VIVIPOS] VIVIPOS CLOSE
2008-10-12 03:40:02 : [INFO] [VIVIPOS] VIVIPOS STARTUP
2008-10-12 03:41:18 : [INFO] [VIVIPOS] VIVIPOS CLOSE
2008-10-12 03:41:20 : [INFO] [VIVIPOS] VIVIPOS STARTUP
2008-10-12 03:41:33 : [INFO] [VIVIPOS] VIVIPOS CLOSE
2008-10-12 03:41:34 : [INFO] [VIVIPOS] VIVIPOS STARTUP
2008-10-12 03:43:29 : [INFO] [VIVIPOS] VIVIPOS CLOSE
2008-10-12 03:43:30 : [INFO] [VIVIPOS] VIVIPOS STARTUP
2008-10-12 03:46:05 : [INFO] [VIVIPOS] VIVIPOS CLOSE
2008-10-12 03:46:07 : [INFO] [VIVIPOS] VIVIPOS STARTUP
2008-10-12 03:47:13 : [INFO] [VIVIPOS] VIVIPOS CLOSE
2008-10-12 03:47:14 : [INFO] [VIVIPOS] VIVIPOS STARTUP
2008-10-12 03:48:21 : [ERROR] [vivifuncpanelecr_prefs] vivifuncpanelecr_prefsController.doCommand vivifuncpanelecrPrefs_startup; TypeError
{
    'message': panel is null
    'fileName': chrome://vivifuncpanelecrprefs/content/vivifuncpanelecrprefs_controller.js
    'lineNumber': 652
    'stack': ("vivifuncpanelecr_prefs")@chrome://vivifuncpanelecrprefs/content/vivifuncpanelecrprefs_controller.js:652
("vivifuncpanelecrPrefs_startup")@chrome://vivipos/content/init_geckojs.js -> resource://app/modules/GeckoJS.js:9
([object ChromeWindow],"vivifuncpanelecrPrefs_startup","vivifuncpanelecr_prefs",E)@chrome://vivipos/content/init_geckojs.js -> resource://app/modules/GeckoJS.js:9
([object ChromeWindow],"vivifuncpanelecrPrefs_startup","vivifuncpanelecr_prefs","vivifuncpanelecr_prefs")@chrome://vivipos/content/init_geckojs.js -> resource://app/modules/GeckoJS.js:9
("vivifuncpanelecrPrefs_startup","vivifuncpanelecr_prefs","vivifuncpanelecr_prefs")@chrome://vivipos/content/init_geckojs.js:54
([object Event])@chrome://vivifuncpanelecrprefs/content/vivifuncpanelecrprefs_controller.js:737

}
; Components.stack.caller 
Array
{
    '0': [name: anonymous] [line: 737] [filename: chrome://vivifuncpanelecrprefs/content/vivifuncpanelecrprefs_controller.js]
}

2008-10-12 03:50:45 : [INFO] [VIVIPOS] VIVIPOS CLOSE
2008-10-12 03:50:47 : [INFO] [VIVIPOS] VIVIPOS STARTUP
2008-10-12 03:51:02 : [ERROR] [vivifuncpanelecr_prefs] vivifuncpanelecr_prefsController.doCommand vivifuncpanelecrPrefs_startup; TypeError
{
    'message': panel is null
    'fileName': chrome://vivifuncpanelecrprefs/content/vivifuncpanelecrprefs_controller.js
    'lineNumber': 652
    'stack': ("vivifuncpanelecr_prefs")@chrome://vivifuncpanelecrprefs/content/vivifuncpanelecrprefs_controller.js:652
("vivifuncpanelecrPrefs_startup")@chrome://vivipos/content/init_geckojs.js -> resource://app/modules/GeckoJS.js:9
([object ChromeWindow],"vivifuncpanelecrPrefs_startup","vivifuncpanelecr_prefs",E)@chrome://vivipos/content/init_geckojs.js -> resource://app/modules/GeckoJS.js:9
([object ChromeWindow],"vivifuncpanelecrPrefs_startup","vivifuncpanelecr_prefs","vivifuncpanelecr_prefs")@chrome://vivipos/content/init_geckojs.js -> resource://app/modules/GeckoJS.js:9
("vivifuncpanelecrPrefs_startup","vivifuncpanelecr_prefs","vivifuncpanelecr_prefs")@chrome://vivipos/content/init_geckojs.js:54
([object Event])@chrome://vivifuncpanelecrprefs/content/vivifuncpanelecrprefs_controller.js:737

}
; Components.stack.caller 
Array
{
    '0': [name: anonymous] [line: 737] [filename: chrome://vivifuncpanelecrprefs/content/vivifuncpanelecrprefs_controller.js]
}

2008-10-12 03:51:05 : [ERROR] [vivifuncpanelecr_prefs] vivifuncpanelecr_prefsController.doCommand setOrientation; TypeError
{
    'message': this.panel is null
    'fileName': chrome://vivifuncpanelecrprefs/content/vivifuncpanelecrprefs_controller.js
    'lineNumber': 365
    'stack': ("reverse")@chrome://vivifuncpanelecrprefs/content/vivifuncpanelecrprefs_controller.js:365
("setOrientation")@chrome://vivipos/content/init_geckojs.js -> resource://app/modules/GeckoJS.js:9
([object ChromeWindow],"setOrientation","reverse",E)@chrome://vivipos/content/init_geckojs.js -> resource://app/modules/GeckoJS.js:9
([object ChromeWindow],"setOrientation","reverse","vivifuncpanelecr_prefs")@chrome://vivipos/content/init_geckojs.js -> resource://app/modules/GeckoJS.js:9
("setOrientation","reverse","vivifuncpanelecr_prefs")@chrome://vivipos/content/init_geckojs.js:54
oncommand([object XULCommandEvent])@chrome://vivifuncpanelecrprefs/content/controlPanelUIOverlay.xul:1

}
; Components.stack.caller 
Array
{
    '0': [name: oncommand] [line: 1] [filename: chrome://vivifuncpanelecrprefs/content/controlPanelUIOverlay.xul]
}

2008-10-12 03:51:06 : [ERROR] [vivifuncpanelecr_prefs] vivifuncpanelecr_prefsController.doCommand setOrientation; TypeError
{
    'message': this.panel is null
    'fileName': chrome://vivifuncpanelecrprefs/content/vivifuncpanelecrprefs_controller.js
    'lineNumber': 365
    'stack': ("normal")@chrome://vivifuncpanelecrprefs/content/vivifuncpanelecrprefs_controller.js:365
("setOrientation")@chrome://vivipos/content/init_geckojs.js -> resource://app/modules/GeckoJS.js:9
([object ChromeWindow],"setOrientation","normal",E)@chrome://vivipos/content/init_geckojs.js -> resource://app/modules/GeckoJS.js:9
([object ChromeWindow],"setOrientation","normal","vivifuncpanelecr_prefs")@chrome://vivipos/content/init_geckojs.js -> resource://app/modules/GeckoJS.js:9
("setOrientation","normal","vivifuncpanelecr_prefs")@chrome://vivipos/content/init_geckojs.js:54
oncommand([object XULCommandEvent])@chrome://vivifuncpanelecrprefs/content/controlPanelUIOverlay.xul:1

}
; Components.stack.caller 
Array
{
    '0': [name: oncommand] [line: 1] [filename: chrome://vivifuncpanelecrprefs/content/controlPanelUIOverlay.xul]
}

2008-10-12 03:51:08 : [ERROR] [vivifuncpanelecr_prefs] vivifuncpanelecr_prefsController.doCommand setOrientation; TypeError
{
    'message': this.panel is null
    'fileName': chrome://vivifuncpanelecrprefs/content/vivifuncpanelecrprefs_controller.js
    'lineNumber': 365
    'stack': ("reverse")@chrome://vivifuncpanelecrprefs/content/vivifuncpanelecrprefs_controller.js:365
("setOrientation")@chrome://vivipos/content/init_geckojs.js -> resource://app/modules/GeckoJS.js:9
([object ChromeWindow],"setOrientation","reverse",E)@chrome://vivipos/content/init_geckojs.js -> resource://app/modules/GeckoJS.js:9
([object ChromeWindow],"setOrientation","reverse","vivifuncpanelecr_prefs")@chrome://vivipos/content/init_geckojs.js -> resource://app/modules/GeckoJS.js:9
("setOrientation","reverse","vivifuncpanelecr_prefs")@chrome://vivipos/content/init_geckojs.js:54
oncommand([object XULCommandEvent])@chrome://vivifuncpanelecrprefs/content/controlPanelUIOverlay.xul:1

}
; Components.stack.caller 
Array
{
    '0': [name: oncommand] [line: 1] [filename: chrome://vivifuncpanelecrprefs/content/controlPanelUIOverlay.xul]
}

2008-10-12 03:51:09 : [ERROR] [vivifuncpanelecr_prefs] vivifuncpanelecr_prefsController.doCommand setOrientation; TypeError
{
    'message': this.panel is null
    'fileName': chrome://vivifuncpanelecrprefs/content/vivifuncpanelecrprefs_controller.js
    'lineNumber': 365
    'stack': ("normal")@chrome://vivifuncpanelecrprefs/content/vivifuncpanelecrprefs_controller.js:365
("setOrientation")@chrome://vivipos/content/init_geckojs.js -> resource://app/modules/GeckoJS.js:9
([object ChromeWindow],"setOrientation","normal",E)@chrome://vivipos/content/init_geckojs.js -> resource://app/modules/GeckoJS.js:9
([object ChromeWindow],"setOrientation","normal","vivifuncpanelecr_prefs")@chrome://vivipos/content/init_geckojs.js -> resource://app/modules/GeckoJS.js:9
("setOrientation","normal","vivifuncpanelecr_prefs")@chrome://vivipos/content/init_geckojs.js:54
oncommand([object XULCommandEvent])@chrome://vivifuncpanelecrprefs/content/controlPanelUIOverlay.xul:1

}
; Components.stack.caller 
Array
{
    '0': [name: oncommand] [line: 1] [filename: chrome://vivifuncpanelecrprefs/content/controlPanelUIOverlay.xul]
}

2008-10-12 03:51:31 : [ERROR] [vivifuncpanelecr_prefs] vivifuncpanelecr_prefsController.doCommand vivifuncpanelecrPrefs_startup; TypeError
{
    'message': panel is null
    'fileName': chrome://vivifuncpanelecrprefs/content/vivifuncpanelecrprefs_controller.js
    'lineNumber': 652
    'stack': ("vivifuncpanelecr_prefs")@chrome://vivifuncpanelecrprefs/content/vivifuncpanelecrprefs_controller.js:652
("vivifuncpanelecrPrefs_startup")@chrome://vivipos/content/init_geckojs.js -> resource://app/modules/GeckoJS.js:9
([object ChromeWindow],"vivifuncpanelecrPrefs_startup","vivifuncpanelecr_prefs",E)@chrome://vivipos/content/init_geckojs.js -> resource://app/modules/GeckoJS.js:9
([object ChromeWindow],"vivifuncpanelecrPrefs_startup","vivifuncpanelecr_prefs","vivifuncpanelecr_prefs")@chrome://vivipos/content/init_geckojs.js -> resource://app/modules/GeckoJS.js:9
("vivifuncpanelecrPrefs_startup","vivifuncpanelecr_prefs","vivifuncpanelecr_prefs")@chrome://vivipos/content/init_geckojs.js:54
([object Event])@chrome://vivifuncpanelecrprefs/content/vivifuncpanelecrprefs_controller.js:737

}
; Components.stack.caller 
Array
{
    '0': [name: anonymous] [line: 737] [filename: chrome://vivifuncpanelecrprefs/content/vivifuncpanelecrprefs_controller.js]
}

2008-10-12 03:51:40 : [ERROR] [vivifuncpanelecr_prefs] vivifuncpanelecr_prefsController.doCommand setSize; TypeError
{
    'message': this.panel is null
    'fileName': chrome://vivifuncpanelecrprefs/content/vivifuncpanelecrprefs_controller.js
    'lineNumber': 387
    'stack': ()@chrome://vivifuncpanelecrprefs/content/vivifuncpanelecrprefs_controller.js:387
("setSize")@chrome://vivipos/content/init_geckojs.js -> resource://app/modules/GeckoJS.js:9
([object ChromeWindow],"setSize",null,E)@chrome://vivipos/content/init_geckojs.js -> resource://app/modules/GeckoJS.js:9
([object ChromeWindow],"setSize",null,"vivifuncpanelecr_prefs")@chrome://vivipos/content/init_geckojs.js -> resource://app/modules/GeckoJS.js:9
("setSize",null,"vivifuncpanelecr_prefs")@chrome://vivipos/content/init_geckojs.js:54
oncommand([object XULCommandEvent])@chrome://vivifuncpanelecrprefs/content/controlPanelUIOverlay.xul:1

}
; Components.stack.caller 
Array
{
    '0': [name: oncommand] [line: 1] [filename: chrome://vivifuncpanelecrprefs/content/controlPanelUIOverlay.xul]
}

2008-10-12 03:51:41 : [ERROR] [vivifuncpanelecr_prefs] vivifuncpanelecr_prefsController.doCommand setSize; TypeError
{
    'message': this.panel is null
    'fileName': chrome://vivifuncpanelecrprefs/content/vivifuncpanelecrprefs_controller.js
    'lineNumber': 387
    'stack': ()@chrome://vivifuncpanelecrprefs/content/vivifuncpanelecrprefs_controller.js:387
("setSize")@chrome://vivipos/content/init_geckojs.js -> resource://app/modules/GeckoJS.js:9
([object ChromeWindow],"setSize",null,E)@chrome://vivipos/content/init_geckojs.js -> resource://app/modules/GeckoJS.js:9
([object ChromeWindow],"setSize",null,"vivifuncpanelecr_prefs")@chrome://vivipos/content/init_geckojs.js -> resource://app/modules/GeckoJS.js:9
("setSize",null,"vivifuncpanelecr_prefs")@chrome://vivipos/content/init_geckojs.js:54
oncommand([object XULCommandEvent])@chrome://vivifuncpanelecrprefs/content/controlPanelUIOverlay.xul:1

}
; Components.stack.caller 
Array
{
    '0': [name: oncommand] [line: 1] [filename: chrome://vivifuncpanelecrprefs/content/controlPanelUIOverlay.xul]
}

2008-10-12 03:51:41 : [ERROR] [vivifuncpanelecr_prefs] vivifuncpanelecr_prefsController.doCommand setSize; TypeError
{
    'message': this.panel is null
    'fileName': chrome://vivifuncpanelecrprefs/content/vivifuncpanelecrprefs_controller.js
    'lineNumber': 387
    'stack': ()@chrome://vivifuncpanelecrprefs/content/vivifuncpanelecrprefs_controller.js:387
("setSize")@chrome://vivipos/content/init_geckojs.js -> resource://app/modules/GeckoJS.js:9
([object ChromeWindow],"setSize",null,E)@chrome://vivipos/content/init_geckojs.js -> resource://app/modules/GeckoJS.js:9
([object ChromeWindow],"setSize",null,"vivifuncpanelecr_prefs")@chrome://vivipos/content/init_geckojs.js -> resource://app/modules/GeckoJS.js:9
("setSize",null,"vivifuncpanelecr_prefs")@chrome://vivipos/content/init_geckojs.js:54
oncommand([object XULCommandEvent])@chrome://vivifuncpanelecrprefs/content/controlPanelUIOverlay.xul:1

}
; Components.stack.caller 
Array
{
    '0': [name: oncommand] [line: 1] [filename: chrome://vivifuncpanelecrprefs/content/controlPanelUIOverlay.xul]
}

2008-10-12 03:51:42 : [ERROR] [vivifuncpanelecr_prefs] vivifuncpanelecr_prefsController.doCommand setSize; TypeError
{
    'message': this.panel is null
    'fileName': chrome://vivifuncpanelecrprefs/content/vivifuncpanelecrprefs_controller.js
    'lineNumber': 387
    'stack': ()@chrome://vivifuncpanelecrprefs/content/vivifuncpanelecrprefs_controller.js:387
("setSize")@chrome://vivipos/content/init_geckojs.js -> resource://app/modules/GeckoJS.js:9
([object ChromeWindow],"setSize",null,E)@chrome://vivipos/content/init_geckojs.js -> resource://app/modules/GeckoJS.js:9
([object ChromeWindow],"setSize",null,"vivifuncpanelecr_prefs")@chrome://vivipos/content/init_geckojs.js -> resource://app/modules/GeckoJS.js:9
("setSize",null,"vivifuncpanelecr_prefs")@chrome://vivipos/content/init_geckojs.js:54
oncommand([object XULCommandEvent])@chrome://vivifuncpanelecrprefs/content/controlPanelUIOverlay.xul:1

}
; Components.stack.caller 
Array
{
    '0': [name: oncommand] [line: 1] [filename: chrome://vivifuncpanelecrprefs/content/controlPanelUIOverlay.xul]
}

2008-10-12 03:51:48 : [ERROR] [vivifuncpanelecr_prefs] vivifuncpanelecr_prefsController.doCommand vivifuncpanelecrPrefs_startup; TypeError
{
    'message': panel is null
    'fileName': chrome://vivifuncpanelecrprefs/content/vivifuncpanelecrprefs_controller.js
    'lineNumber': 652
    'stack': ("vivifuncpanelecr_prefs")@chrome://vivifuncpanelecrprefs/content/vivifuncpanelecrprefs_controller.js:652
("vivifuncpanelecrPrefs_startup")@chrome://vivipos/content/init_geckojs.js -> resource://app/modules/GeckoJS.js:9
([object ChromeWindow],"vivifuncpanelecrPrefs_startup","vivifuncpanelecr_prefs",E)@chrome://vivipos/content/init_geckojs.js -> resource://app/modules/GeckoJS.js:9
([object ChromeWindow],"vivifuncpanelecrPrefs_startup","vivifuncpanelecr_prefs","vivifuncpanelecr_prefs")@chrome://vivipos/content/init_geckojs.js -> resource://app/modules/GeckoJS.js:9
("vivifuncpanelecrPrefs_startup","vivifuncpanelecr_prefs","vivifuncpanelecr_prefs")@chrome://vivipos/content/init_geckojs.js:54
([object Event])@chrome://vivifuncpanelecrprefs/content/vivifuncpanelecrprefs_controller.js:737

}
; Components.stack.caller 
Array
{
    '0': [name: anonymous] [line: 737] [filename: chrome://vivifuncpanelecrprefs/content/vivifuncpanelecrprefs_controller.js]
}

2008-10-12 03:51:50 : [ERROR] [vivifuncpanelecr_prefs] vivifuncpanelecr_prefsController.doCommand setSize; TypeError
{
    'message': this.panel is null
    'fileName': chrome://vivifuncpanelecrprefs/content/vivifuncpanelecrprefs_controller.js
    'lineNumber': 387
    'stack': ()@chrome://vivifuncpanelecrprefs/content/vivifuncpanelecrprefs_controller.js:387
("setSize")@chrome://vivipos/content/init_geckojs.js -> resource://app/modules/GeckoJS.js:9
([object ChromeWindow],"setSize",null,E)@chrome://vivipos/content/init_geckojs.js -> resource://app/modules/GeckoJS.js:9
([object ChromeWindow],"setSize",null,"vivifuncpanelecr_prefs")@chrome://vivipos/content/init_geckojs.js -> resource://app/modules/GeckoJS.js:9
("setSize",null,"vivifuncpanelecr_prefs")@chrome://vivipos/content/init_geckojs.js:54
oncommand([object XULCommandEvent])@chrome://vivifuncpanelecrprefs/content/vivifuncpanelecrprefs.xul:1

}
; Components.stack.caller 
Array
{
    '0': [name: oncommand] [line: 1] [filename: chrome://vivifuncpanelecrprefs/content/vivifuncpanelecrprefs.xul]
}

2008-10-12 03:51:51 : [ERROR] [vivifuncpanelecr_prefs] vivifuncpanelecr_prefsController.doCommand setSize; TypeError
{
    'message': this.panel is null
    'fileName': chrome://vivifuncpanelecrprefs/content/vivifuncpanelecrprefs_controller.js
    'lineNumber': 387
    'stack': ()@chrome://vivifuncpanelecrprefs/content/vivifuncpanelecrprefs_controller.js:387
("setSize")@chrome://vivipos/content/init_geckojs.js -> resource://app/modules/GeckoJS.js:9
([object ChromeWindow],"setSize",null,E)@chrome://vivipos/content/init_geckojs.js -> resource://app/modules/GeckoJS.js:9
([object ChromeWindow],"setSize",null,"vivifuncpanelecr_prefs")@chrome://vivipos/content/init_geckojs.js -> resource://app/modules/GeckoJS.js:9
("setSize",null,"vivifuncpanelecr_prefs")@chrome://vivipos/content/init_geckojs.js:54
oncommand([object XULCommandEvent])@chrome://vivifuncpanelecrprefs/content/vivifuncpanelecrprefs.xul:1

}
; Components.stack.caller 
Array
{
    '0': [name: oncommand] [line: 1] [filename: chrome://vivifuncpanelecrprefs/content/vivifuncpanelecrprefs.xul]
}

2008-10-12 03:53:51 : [ERROR] [vivifuncpanelecr_prefs] vivifuncpanelecr_prefsController.doCommand vivifuncpanelecrPrefs_startup; TypeError
{
    'message': panel is null
    'fileName': chrome://vivifuncpanelecrprefs/content/vivifuncpanelecrprefs_controller.js
    'lineNumber': 652
    'stack': ("vivifuncpanelecr_prefs")@chrome://vivifuncpanelecrprefs/content/vivifuncpanelecrprefs_controller.js:652
("vivifuncpanelecrPrefs_startup")@chrome://vivipos/content/init_geckojs.js -> resource://app/modules/GeckoJS.js:9
([object ChromeWindow],"vivifuncpanelecrPrefs_startup","vivifuncpanelecr_prefs",E)@chrome://vivipos/content/init_geckojs.js -> resource://app/modules/GeckoJS.js:9
([object ChromeWindow],"vivifuncpanelecrPrefs_startup","vivifuncpanelecr_prefs","vivifuncpanelecr_prefs")@chrome://vivipos/content/init_geckojs.js -> resource://app/modules/GeckoJS.js:9
("vivifuncpanelecrPrefs_startup","vivifuncpanelecr_prefs","vivifuncpanelecr_prefs")@chrome://vivipos/content/init_geckojs.js:54
([object Event])@chrome://vivifuncpanelecrprefs/content/vivifuncpanelecrprefs_controller.js:737

}
; Components.stack.caller 
Array
{
    '0': [name: anonymous] [line: 737] [filename: chrome://vivifuncpanelecrprefs/content/vivifuncpanelecrprefs_controller.js]
}

2008-10-12 03:54:16 : [ERROR] [vivifuncpanelecr_prefs] vivifuncpanelecr_prefsController.doCommand vivifuncpanelecrPrefs_startup; TypeError
{
    'message': panel is null
    'fileName': chrome://vivifuncpanelecrprefs/content/vivifuncpanelecrprefs_controller.js
    'lineNumber': 652
    'stack': ("vivifuncpanelecr_prefs")@chrome://vivifuncpanelecrprefs/content/vivifuncpanelecrprefs_controller.js:652
("vivifuncpanelecrPrefs_startup")@chrome://vivipos/content/init_geckojs.js -> resource://app/modules/GeckoJS.js:9
([object ChromeWindow],"vivifuncpanelecrPrefs_startup","vivifuncpanelecr_prefs",E)@chrome://vivipos/content/init_geckojs.js -> resource://app/modules/GeckoJS.js:9
([object ChromeWindow],"vivifuncpanelecrPrefs_startup","vivifuncpanelecr_prefs","vivifuncpanelecr_prefs")@chrome://vivipos/content/init_geckojs.js -> resource://app/modules/GeckoJS.js:9
("vivifuncpanelecrPrefs_startup","vivifuncpanelecr_prefs","vivifuncpanelecr_prefs")@chrome://vivipos/content/init_geckojs.js:54
([object Event])@chrome://vivifuncpanelecrprefs/content/vivifuncpanelecrprefs_controller.js:737

}
; Components.stack.caller 
Array
{
    '0': [name: anonymous] [line: 737] [filename: chrome://vivifuncpanelecrprefs/content/vivifuncpanelecrprefs_controller.js]
}

2008-10-12 03:55:09 : [ERROR] [Dispatcher] GeckoJS.dispatch to commandcheckClerk; TypeError
{
    'message': B is null
    'fileName': chrome://vivipos/content/init_geckojs.js -> resource://app/modules/GeckoJS.js
    'lineNumber': 9
    'stack': ([object ChromeWindow],"checkClerk",null,null)@chrome://vivipos/content/init_geckojs.js -> resource://app/modules/GeckoJS.js:9
([object ChromeWindow],"checkClerk",null,"Main")@chrome://vivipos/content/init_geckojs.js -> resource://app/modules/GeckoJS.js:9
("checkClerk",null,"Main")@chrome://vivipos/content/init_geckojs.js:54
()@chrome://viviecr/content/controllers/changeuser_controller.js:17
("checkUser")@chrome://vivipos/content/init_geckojs.js -> resource://app/modules/GeckoJS.js:9
([object ChromeWindow],"checkUser",null,E)@chrome://vivipos/content/init_geckojs.js -> resource://app/modules/GeckoJS.js:9
([object ChromeWindow],"checkUser",null,"ChangeUser")@chrome://vivipos/content/init_geckojs.js -> resource://app/modules/GeckoJS.js:9
("checkUser",null,"ChangeUser")@chrome://vivipos/content/init_geckojs.js:54
oncommand([object XULCommandEvent])@chrome://viviecr/content/changeuser.xul:1

}
; Components.stack.caller 
Array
{
    '0': [name: anonymous] [line: 17] [filename: chrome://viviecr/content/controllers/changeuser_controller.js]
    '1': [name: oncommand] [line: 1] [filename: chrome://viviecr/content/changeuser.xul]
}

2008-10-12 04:01:46 : [INFO] [VIVIPOS] VIVIPOS CLOSE
2008-10-12 04:01:49 : [INFO] [VIVIPOS] VIVIPOS STARTUP
2008-10-12 04:05:49 : [INFO] [VIVIPOS] VIVIPOS CLOSE
2008-10-12 04:05:51 : [INFO] [VIVIPOS] VIVIPOS STARTUP
2008-10-12 04:06:04 : [INFO] [VIVIPOS] VIVIPOS CLOSE
2008-10-12 04:06:05 : [INFO] [VIVIPOS] VIVIPOS STARTUP
2008-10-12 04:06:12 : [INFO] [VIVIPOS] VIVIPOS CLOSE
2008-10-12 04:06:14 : [INFO] [VIVIPOS] VIVIPOS STARTUP
2008-10-12 04:08:15 : [INFO] [VIVIPOS] VIVIPOS CLOSE
2008-10-12 04:08:17 : [INFO] [VIVIPOS] VIVIPOS STARTUP
2008-10-12 04:08:24 : [INFO] [VIVIPOS] VIVIPOS CLOSE
2008-10-12 04:08:25 : [INFO] [VIVIPOS] VIVIPOS STARTUP
2008-10-12 04:08:44 : [INFO] [VIVIPOS] VIVIPOS CLOSE
2008-10-12 04:08:46 : [INFO] [VIVIPOS] VIVIPOS STARTUP
2008-10-12 04:10:04 : [INFO] [VIVIPOS] VIVIPOS CLOSE
2008-10-12 04:10:05 : [INFO] [VIVIPOS] VIVIPOS STARTUP
2008-10-12 04:10:16 : [INFO] [VIVIPOS] VIVIPOS CLOSE
2008-10-12 04:10:17 : [INFO] [VIVIPOS] VIVIPOS STARTUP
2008-10-12 04:10:47 : [INFO] [VIVIPOS] VIVIPOS CLOSE
2008-10-12 04:10:48 : [INFO] [VIVIPOS] VIVIPOS STARTUP
2008-10-12 04:11:42 : [INFO] [VIVIPOS] VIVIPOS CLOSE
2008-10-12 04:11:43 : [INFO] [VIVIPOS] VIVIPOS STARTUP
2008-10-12 04:12:16 : [INFO] [VIVIPOS] VIVIPOS CLOSE
2008-10-12 04:12:18 : [INFO] [VIVIPOS] VIVIPOS STARTUP
2008-10-12 04:12:24 : [INFO] [VIVIPOS] VIVIPOS CLOSE
2008-10-12 04:12:26 : [INFO] [VIVIPOS] VIVIPOS STARTUP
2008-10-12 04:14:12 : [INFO] [VIVIPOS] VIVIPOS CLOSE
2008-10-12 04:14:13 : [INFO] [VIVIPOS] VIVIPOS STARTUP
2008-10-12 04:14:44 : [INFO] [VIVIPOS] VIVIPOS CLOSE
2008-10-12 04:14:45 : [INFO] [VIVIPOS] VIVIPOS STARTUP
2008-10-12 04:16:05 : [INFO] [VIVIPOS] VIVIPOS CLOSE
2008-10-12 04:16:08 : [INFO] [VIVIPOS] VIVIPOS STARTUP
2008-10-12 04:17:00 : [INFO] [VIVIPOS] VIVIPOS CLOSE
2008-10-12 04:17:01 : [INFO] [VIVIPOS] VIVIPOS STARTUP
2008-10-12 04:17:15 : [INFO] [VIVIPOS] VIVIPOS CLOSE
2008-10-12 04:17:16 : [INFO] [VIVIPOS] VIVIPOS STARTUP
2008-10-12 04:17:49 : [INFO] [VIVIPOS] VIVIPOS CLOSE
2008-10-12 04:17:50 : [INFO] [VIVIPOS] VIVIPOS STARTUP
2008-10-12 04:18:04 : [INFO] [VIVIPOS] VIVIPOS CLOSE
2008-10-12 04:18:06 : [INFO] [VIVIPOS] VIVIPOS STARTUP
2008-10-12 04:18:36 : [INFO] [VIVIPOS] VIVIPOS CLOSE
2008-10-12 04:18:37 : [INFO] [VIVIPOS] VIVIPOS STARTUP
2008-10-12 04:19:04 : [INFO] [VIVIPOS] VIVIPOS CLOSE
2008-10-12 04:19:06 : [INFO] [VIVIPOS] VIVIPOS STARTUP
2008-10-12 04:19:19 : [INFO] [VIVIPOS] VIVIPOS CLOSE
2008-10-12 04:19:21 : [INFO] [VIVIPOS] VIVIPOS STARTUP
2008-10-12 04:20:04 : [INFO] [VIVIPOS] VIVIPOS CLOSE
2008-10-12 04:20:05 : [INFO] [VIVIPOS] VIVIPOS STARTUP
2008-10-12 04:23:54 : [INFO] [VIVIPOS] VIVIPOS CLOSE
2008-10-12 04:23:56 : [INFO] [VIVIPOS] VIVIPOS STARTUP
2008-10-12 04:24:39 : [INFO] [VIVIPOS] VIVIPOS CLOSE
2008-10-12 04:24:41 : [INFO] [VIVIPOS] VIVIPOS STARTUP
2008-10-12 04:25:41 : [INFO] [VIVIPOS] VIVIPOS CLOSE
2008-10-12 04:25:42 : [INFO] [VIVIPOS] VIVIPOS STARTUP
2008-10-12 04:27:05 : [INFO] [VIVIPOS] VIVIPOS CLOSE
2008-10-12 04:27:06 : [INFO] [VIVIPOS] VIVIPOS STARTUP
2008-10-12 04:32:18 : [INFO] [VIVIPOS] VIVIPOS CLOSE
2008-10-12 04:32:19 : [INFO] [VIVIPOS] VIVIPOS STARTUP
2008-10-12 04:32:58 : [INFO] [VIVIPOS] VIVIPOS CLOSE
2008-10-12 04:33:00 : [INFO] [VIVIPOS] VIVIPOS STARTUP
2008-10-12 04:33:13 : [INFO] [VIVIPOS] VIVIPOS CLOSE
2008-10-12 04:33:15 : [INFO] [VIVIPOS] VIVIPOS STARTUP
2008-10-12 04:33:50 : [INFO] [VIVIPOS] VIVIPOS CLOSE
2008-10-12 04:33:51 : [INFO] [VIVIPOS] VIVIPOS STARTUP
2008-10-12 04:34:08 : [INFO] [VIVIPOS] VIVIPOS CLOSE
2008-10-12 04:34:10 : [INFO] [VIVIPOS] VIVIPOS STARTUP
2008-10-12 04:39:11 : [INFO] [VIVIPOS] VIVIPOS CLOSE
2008-10-12 04:39:13 : [INFO] [VIVIPOS] VIVIPOS STARTUP
2008-10-12 04:40:42 : [INFO] [VIVIPOS] VIVIPOS CLOSE
2008-10-12 04:40:44 : [INFO] [VIVIPOS] VIVIPOS STARTUP
2008-10-12 04:41:10 : [INFO] [VIVIPOS] VIVIPOS CLOSE
2008-10-12 04:41:11 : [INFO] [VIVIPOS] VIVIPOS STARTUP
2008-10-12 04:41:47 : [INFO] [VIVIPOS] VIVIPOS CLOSE
2008-10-12 04:41:48 : [INFO] [VIVIPOS] VIVIPOS STARTUP
2008-10-12 04:42:02 : [INFO] [VIVIPOS] VIVIPOS CLOSE
2008-10-12 04:42:04 : [INFO] [VIVIPOS] VIVIPOS STARTUP
2008-10-12 04:43:51 : [INFO] [VIVIPOS] VIVIPOS CLOSE
2008-10-12 04:43:54 : [INFO] [VIVIPOS] VIVIPOS STARTUP
2008-10-12 04:45:32 : [INFO] [VIVIPOS] VIVIPOS CLOSE
2008-10-12 04:45:34 : [INFO] [VIVIPOS] VIVIPOS STARTUP
2008-10-12 04:47:28 : [INFO] [VIVIPOS] VIVIPOS CLOSE
2008-10-12 04:47:30 : [INFO] [VIVIPOS] VIVIPOS STARTUP
2008-10-12 04:50:43 : [INFO] [VIVIPOS] VIVIPOS CLOSE
2008-10-12 04:50:45 : [INFO] [VIVIPOS] VIVIPOS STARTUP
2008-10-12 04:51:58 : [INFO] [VIVIPOS] VIVIPOS CLOSE
2008-10-12 04:52:01 : [INFO] [VIVIPOS] VIVIPOS STARTUP
2008-10-12 04:53:19 : [INFO] [VIVIPOS] VIVIPOS CLOSE
2008-10-12 04:53:21 : [INFO] [VIVIPOS] VIVIPOS STARTUP
2008-10-12 04:54:48 : [INFO] [VIVIPOS] VIVIPOS CLOSE
2008-10-12 04:54:50 : [INFO] [VIVIPOS] VIVIPOS STARTUP
2008-10-12 04:57:48 : [INFO] [VIVIPOS] VIVIPOS CLOSE
2008-10-12 04:57:50 : [INFO] [VIVIPOS] VIVIPOS STARTUP
2008-10-12 04:59:23 : [INFO] [VIVIPOS] VIVIPOS CLOSE
2008-10-12 04:59:25 : [INFO] [VIVIPOS] VIVIPOS STARTUP
2008-10-12 04:59:41 : [INFO] [VIVIPOS] VIVIPOS CLOSE
2008-10-12 04:59:42 : [INFO] [VIVIPOS] VIVIPOS STARTUP
2008-10-12 05:00:00 : [WARN] [Cart] halo =undefined, sell =11
2008-10-12 05:00:00 : [ERROR] [Dispatcher] GeckoJS.dispatch to commanddoPriceLevelShift1; TypeError
{
    'message': B is null
    'fileName': chrome://vivipos/content/init_geckojs.js -> resource://app/modules/GeckoJS.js
    'lineNumber': 9
    'stack': ([object ChromeWindow],"doPriceLevelShift1","parm1",null)@chrome://vivipos/content/init_geckojs.js -> resource://app/modules/GeckoJS.js:9
([object ChromeWindow],"doPriceLevelShift1","parm1","ctrl1")@chrome://vivipos/content/init_geckojs.js -> resource://app/modules/GeckoJS.js:9
("doPriceLevelShift1","parm1","ctrl1")@chrome://vivipos/content/init_geckojs.js:54
oncommand([object XULCommandEvent])@chrome://vivipos/content/vivipos.xul:1

}
; Components.stack.caller 
Array
{
    '0': [name: oncommand] [line: 1] [filename: chrome://vivipos/content/vivipos.xul]
}

2008-10-12 05:00:00 : [ERROR] [Dispatcher] GeckoJS.dispatch to commandPriceLevelShift2; TypeError
{
    'message': B is null
    'fileName': chrome://vivipos/content/init_geckojs.js -> resource://app/modules/GeckoJS.js
    'lineNumber': 9
    'stack': ([object ChromeWindow],"PriceLevelShift2","parm2",null)@chrome://vivipos/content/init_geckojs.js -> resource://app/modules/GeckoJS.js:9
([object ChromeWindow],"PriceLevelShift2","parm2","ctrl1")@chrome://vivipos/content/init_geckojs.js -> resource://app/modules/GeckoJS.js:9
("PriceLevelShift2","parm2","ctrl1")@chrome://vivipos/content/init_geckojs.js:54
oncommand([object XULCommandEvent])@chrome://vivipos/content/vivipos.xul:1

}
; Components.stack.caller 
Array
{
    '0': [name: oncommand] [line: 1] [filename: chrome://vivipos/content/vivipos.xul]
}

2008-10-12 05:00:00 : [ERROR] [Dispatcher] GeckoJS.dispatch to commandPriceLevelShift3; TypeError
{
    'message': B is null
    'fileName': chrome://vivipos/content/init_geckojs.js -> resource://app/modules/GeckoJS.js
    'lineNumber': 9
    'stack': ([object ChromeWindow],"PriceLevelShift3","parm1",null)@chrome://vivipos/content/init_geckojs.js -> resource://app/modules/GeckoJS.js:9
([object ChromeWindow],"PriceLevelShift3","parm1","ctrl1")@chrome://vivipos/content/init_geckojs.js -> resource://app/modules/GeckoJS.js:9
("PriceLevelShift3","parm1","ctrl1")@chrome://vivipos/content/init_geckojs.js:54
oncommand([object XULCommandEvent])@chrome://vivipos/content/vivipos.xul:1

}
; Components.stack.caller 
Array
{
    '0': [name: oncommand] [line: 1] [filename: chrome://vivipos/content/vivipos.xul]
}

2008-10-12 05:00:04 : [WARN] [Cart] halo =undefined, sell =12
2008-10-12 05:00:20 : [INFO] [VIVIPOS] VIVIPOS CLOSE
2008-10-12 05:00:24 : [INFO] [VIVIPOS] VIVIPOS STARTUP
2008-10-12 05:03:42 : [INFO] [VIVIPOS] VIVIPOS CLOSE
2008-10-12 05:27:25 : [INFO] [VIVIPOS] VIVIPOS STARTUP
2008-10-12 05:31:11 : [INFO] [VIVIPOS] VIVIPOS STARTUP
2008-10-12 05:31:22 : [INFO] [VIVIPOS] VIVIPOS CLOSE
2008-10-12 05:31:25 : [INFO] [VIVIPOS] VIVIPOS STARTUP
2008-10-12 05:31:46 : [INFO] [VIVIPOS] VIVIPOS CLOSE
2008-10-12 05:31:49 : [INFO] [VIVIPOS] VIVIPOS STARTUP
2008-10-12 05:33:01 : [INFO] [VIVIPOS] VIVIPOS CLOSE
2008-10-12 05:33:04 : [INFO] [VIVIPOS] VIVIPOS STARTUP
2008-10-12 05:33:23 : [INFO] [VIVIPOS] VIVIPOS CLOSE
2008-10-12 05:33:25 : [INFO] [VIVIPOS] VIVIPOS STARTUP
2008-10-12 05:33:26 : [ERROR] [Keypad] KeypadController.doCommand keypress; TypeError
{
    'message': barcodes is null
    'fileName': chrome://viviecr/content/controllers/cart_controller.js
    'lineNumber': 93
    'stack': ()@chrome://viviecr/content/controllers/cart_controller.js:93
([object Object])@chrome://viviecr/content/controllers/keypad_controller.js:93
("keypress")@chrome://vivipos/content/init_geckojs.js -> resource://app/modules/GeckoJS.js:9
([object ChromeWindow],"keypress",[object Object],E)@chrome://vivipos/content/init_geckojs.js -> resource://app/modules/GeckoJS.js:9
([object ChromeWindow],"keypress",[object Object],"Keypad")@chrome://vivipos/content/init_geckojs.js -> resource://app/modules/GeckoJS.js:9
("keypress",[object Object],"Keypad")@chrome://vivipos/content/init_geckojs.js:54
oncommand([object XULCommandEvent])@chrome://vivipos/content/vivipos.xul:1

}
; Components.stack.caller 
Array
{
    '0': [name: oncommand] [line: 1] [filename: chrome://vivipos/content/vivipos.xul]
}

2008-10-12 05:34:24 : [INFO] [VIVIPOS] VIVIPOS CLOSE
2008-10-12 05:34:26 : [INFO] [VIVIPOS] VIVIPOS STARTUP
2008-10-12 05:34:48 : [INFO] [VIVIPOS] VIVIPOS CLOSE
2008-10-12 05:34:50 : [INFO] [VIVIPOS] VIVIPOS STARTUP
2008-10-12 06:13:27 : [INFO] [VIVIPOS] VIVIPOS CLOSE
2008-10-12 06:13:37 : [INFO] [VIVIPOS] VIVIPOS STARTUP
2008-10-12 06:13:58 : [INFO] [VIVIPOS] VIVIPOS CLOSE
2008-10-12 06:14:01 : [INFO] [VIVIPOS] VIVIPOS STARTUP
2008-10-12 06:15:19 : [INFO] [VIVIPOS] VIVIPOS CLOSE
2008-10-12 06:15:24 : [INFO] [VIVIPOS] VIVIPOS STARTUP
2008-10-12 06:18:58 : [INFO] [VIVIPOS] VIVIPOS CLOSE
2008-10-12 06:19:02 : [INFO] [VIVIPOS] VIVIPOS STARTUP
2008-10-12 06:19:35 : [INFO] [VIVIPOS] VIVIPOS CLOSE
2008-10-12 06:19:41 : [INFO] [VIVIPOS] VIVIPOS STARTUP
2008-10-12 06:32:57 : [ERROR] [vivifuncpanelecr_prefs] vivifuncpanelecr_prefsController.doCommand selectButtonColor; TypeError
{
    'message': color.spli is not a function
    'fileName': chrome://vivifuncpanelecrprefs/content/vivifuncpanelecrprefs_controller.js
    'lineNumber': 139
    'stack': ("teal")@chrome://vivifuncpanelecrprefs/content/vivifuncpanelecrprefs_controller.js:139
("selectButtonColor")@chrome://vivipos/content/init_geckojs.js -> resource://app/modules/GeckoJS.js:9
([object ChromeWindow],"selectButtonColor","teal",E)@chrome://vivipos/content/init_geckojs.js -> resource://app/modules/GeckoJS.js:9
([object ChromeWindow],"selectButtonColor","teal","vivifuncpanelecr_prefs")@chrome://vivipos/content/init_geckojs.js -> resource://app/modules/GeckoJS.js:9
("selectButtonColor","teal","vivifuncpanelecr_prefs")@chrome://vivipos/content/init_geckojs.js:54
onselect([object Event])@chrome://vivifuncpanelecrprefs/content/vivifuncpanelecrprefs.xul:1
dispatchEvent([object Event])@:0
_fireEvent([object XULElement],"select")@chrome://viviecr/content/bindings/button_colorpicker.xbl:97
setColor("teal")@chrome://viviecr/content/bindings/button_colorpicker.xbl:82
onxblclick([object MouseEvent])@chrome://viviecr/content/bindings/button_colorpicker.xbl:143

}
; Components.stack.caller 
Array
{
    '0': [name: onselect] [line: 1] [filename: chrome://vivifuncpanelecrprefs/content/vivifuncpanelecrprefs.xul]
    '1': [name: <no name>] [line: 0] [filename: null]
    '2': [name: _fireEvent] [line: 97] [filename: chrome://viviecr/content/bindings/button_colorpicker.xbl]
    '3': [name: setColor] [line: 82] [filename: chrome://viviecr/content/bindings/button_colorpicker.xbl]
    '4': [name: onxblclick] [line: 143] [filename: chrome://viviecr/content/bindings/button_colorpicker.xbl]
}

2008-10-12 06:32:57 : [ERROR] [vivifuncpanelecr_prefs] vivifuncpanelecr_prefsController.doCommand selectButtonColor; TypeError
{
    'message': color.spli is not a function
    'fileName': chrome://vivifuncpanelecrprefs/content/vivifuncpanelecrprefs_controller.js
    'lineNumber': 139
    'stack': ("teal")@chrome://vivifuncpanelecrprefs/content/vivifuncpanelecrprefs_controller.js:139
("selectButtonColor")@chrome://vivipos/content/init_geckojs.js -> resource://app/modules/GeckoJS.js:9
([object ChromeWindow],"selectButtonColor","teal",E)@chrome://vivipos/content/init_geckojs.js -> resource://app/modules/GeckoJS.js:9
([object ChromeWindow],"selectButtonColor","teal","vivifuncpanelecr_prefs")@chrome://vivipos/content/init_geckojs.js -> resource://app/modules/GeckoJS.js:9
("selectButtonColor","teal","vivifuncpanelecr_prefs")@chrome://vivipos/content/init_geckojs.js:54
anonymous([object Event])@chrome://viviecr/content/bindings/button_colorpicker.xbl:99
_fireEvent([object XULElement],"select")@chrome://viviecr/content/bindings/button_colorpicker.xbl:100
setColor("teal")@chrome://viviecr/content/bindings/button_colorpicker.xbl:82
onxblclick([object MouseEvent])@chrome://viviecr/content/bindings/button_colorpicker.xbl:143

}
; Components.stack.caller 
Array
{
    '0': [name: anonymous] [line: 99] [filename: chrome://viviecr/content/bindings/button_colorpicker.xbl]
    '1': [name: _fireEvent] [line: 100] [filename: chrome://viviecr/content/bindings/button_colorpicker.xbl]
    '2': [name: setColor] [line: 82] [filename: chrome://viviecr/content/bindings/button_colorpicker.xbl]
    '3': [name: onxblclick] [line: 143] [filename: chrome://viviecr/content/bindings/button_colorpicker.xbl]
}

2008-10-12 06:34:06 : [ERROR] [vivifuncpanelecr_prefs] vivifuncpanelecr_prefsController.doCommand selectButtonColor; TypeError
{
    'message': colors.forEach(function (c) {return "button-" + c;}) is undefined
    'fileName': chrome://vivifuncpanelecrprefs/content/vivifuncpanelecrprefs_controller.js
    'lineNumber': 140
    'stack': ("orange")@chrome://vivifuncpanelecrprefs/content/vivifuncpanelecrprefs_controller.js:140
("selectButtonColor")@chrome://vivipos/content/init_geckojs.js -> resource://app/modules/GeckoJS.js:9
([object ChromeWindow],"selectButtonColor","orange",E)@chrome://vivipos/content/init_geckojs.js -> resource://app/modules/GeckoJS.js:9
([object ChromeWindow],"selectButtonColor","orange","vivifuncpanelecr_prefs")@chrome://vivipos/content/init_geckojs.js -> resource://app/modules/GeckoJS.js:9
("selectButtonColor","orange","vivifuncpanelecr_prefs")@chrome://vivipos/content/init_geckojs.js:54
onselect([object Event])@chrome://vivifuncpanelecrprefs/content/vivifuncpanelecrprefs.xul:1
dispatchEvent([object Event])@:0
_fireEvent([object XULElement],"select")@chrome://viviecr/content/bindings/button_colorpicker.xbl:97
setColor("orange")@chrome://viviecr/content/bindings/button_colorpicker.xbl:82
onxblclick([object MouseEvent])@chrome://viviecr/content/bindings/button_colorpicker.xbl:143

}
; Components.stack.caller 
Array
{
    '0': [name: onselect] [line: 1] [filename: chrome://vivifuncpanelecrprefs/content/vivifuncpanelecrprefs.xul]
    '1': [name: <no name>] [line: 0] [filename: null]
    '2': [name: _fireEvent] [line: 97] [filename: chrome://viviecr/content/bindings/button_colorpicker.xbl]
    '3': [name: setColor] [line: 82] [filename: chrome://viviecr/content/bindings/button_colorpicker.xbl]
    '4': [name: onxblclick] [line: 143] [filename: chrome://viviecr/content/bindings/button_colorpicker.xbl]
}

2008-10-12 06:34:06 : [ERROR] [vivifuncpanelecr_prefs] vivifuncpanelecr_prefsController.doCommand selectButtonColor; TypeError
{
    'message': colors.forEach(function (c) {return "button-" + c;}) is undefined
    'fileName': chrome://vivifuncpanelecrprefs/content/vivifuncpanelecrprefs_controller.js
    'lineNumber': 140
    'stack': ("orange")@chrome://vivifuncpanelecrprefs/content/vivifuncpanelecrprefs_controller.js:140
("selectButtonColor")@chrome://vivipos/content/init_geckojs.js -> resource://app/modules/GeckoJS.js:9
([object ChromeWindow],"selectButtonColor","orange",E)@chrome://vivipos/content/init_geckojs.js -> resource://app/modules/GeckoJS.js:9
([object ChromeWindow],"selectButtonColor","orange","vivifuncpanelecr_prefs")@chrome://vivipos/content/init_geckojs.js -> resource://app/modules/GeckoJS.js:9
("selectButtonColor","orange","vivifuncpanelecr_prefs")@chrome://vivipos/content/init_geckojs.js:54
anonymous([object Event])@chrome://viviecr/content/bindings/button_colorpicker.xbl:99
_fireEvent([object XULElement],"select")@chrome://viviecr/content/bindings/button_colorpicker.xbl:100
setColor("orange")@chrome://viviecr/content/bindings/button_colorpicker.xbl:82
onxblclick([object MouseEvent])@chrome://viviecr/content/bindings/button_colorpicker.xbl:143

}
; Components.stack.caller 
Array
{
    '0': [name: anonymous] [line: 99] [filename: chrome://viviecr/content/bindings/button_colorpicker.xbl]
    '1': [name: _fireEvent] [line: 100] [filename: chrome://viviecr/content/bindings/button_colorpicker.xbl]
    '2': [name: setColor] [line: 82] [filename: chrome://viviecr/content/bindings/button_colorpicker.xbl]
    '3': [name: onxblclick] [line: 143] [filename: chrome://viviecr/content/bindings/button_colorpicker.xbl]
}

2008-10-12 06:34:38 : [ERROR] [vivifuncpanelecr_prefs] vivifuncpanelecr_prefsController.doCommand selectButtonColor; TypeError
{
    'message': colors.forEach(function (c) {return "button-" + c;}) is undefined
    'fileName': chrome://vivifuncpanelecrprefs/content/vivifuncpanelecrprefs_controller.js
    'lineNumber': 140
    'stack': ("gray")@chrome://vivifuncpanelecrprefs/content/vivifuncpanelecrprefs_controller.js:140
("selectButtonColor")@chrome://vivipos/content/init_geckojs.js -> resource://app/modules/GeckoJS.js:9
([object ChromeWindow],"selectButtonColor","gray",E)@chrome://vivipos/content/init_geckojs.js -> resource://app/modules/GeckoJS.js:9
([object ChromeWindow],"selectButtonColor","gray","vivifuncpanelecr_prefs")@chrome://vivipos/content/init_geckojs.js -> resource://app/modules/GeckoJS.js:9
("selectButtonColor","gray","vivifuncpanelecr_prefs")@chrome://vivipos/content/init_geckojs.js:54
onselect([object Event])@chrome://vivifuncpanelecrprefs/content/vivifuncpanelecrprefs.xul:1
dispatchEvent([object Event])@:0
_fireEvent([object XULElement],"select")@chrome://viviecr/content/bindings/button_colorpicker.xbl:97
setColor("gray")@chrome://viviecr/content/bindings/button_colorpicker.xbl:82
onxblclick([object MouseEvent])@chrome://viviecr/content/bindings/button_colorpicker.xbl:143

}
; Components.stack.caller 
Array
{
    '0': [name: onselect] [line: 1] [filename: chrome://vivifuncpanelecrprefs/content/vivifuncpanelecrprefs.xul]
    '1': [name: <no name>] [line: 0] [filename: null]
    '2': [name: _fireEvent] [line: 97] [filename: chrome://viviecr/content/bindings/button_colorpicker.xbl]
    '3': [name: setColor] [line: 82] [filename: chrome://viviecr/content/bindings/button_colorpicker.xbl]
    '4': [name: onxblclick] [line: 143] [filename: chrome://viviecr/content/bindings/button_colorpicker.xbl]
}

2008-10-12 06:34:38 : [ERROR] [vivifuncpanelecr_prefs] vivifuncpanelecr_prefsController.doCommand selectButtonColor; TypeError
{
    'message': colors.forEach(function (c) {return "button-" + c;}) is undefined
    'fileName': chrome://vivifuncpanelecrprefs/content/vivifuncpanelecrprefs_controller.js
    'lineNumber': 140
    'stack': ("gray")@chrome://vivifuncpanelecrprefs/content/vivifuncpanelecrprefs_controller.js:140
("selectButtonColor")@chrome://vivipos/content/init_geckojs.js -> resource://app/modules/GeckoJS.js:9
([object ChromeWindow],"selectButtonColor","gray",E)@chrome://vivipos/content/init_geckojs.js -> resource://app/modules/GeckoJS.js:9
([object ChromeWindow],"selectButtonColor","gray","vivifuncpanelecr_prefs")@chrome://vivipos/content/init_geckojs.js -> resource://app/modules/GeckoJS.js:9
("selectButtonColor","gray","vivifuncpanelecr_prefs")@chrome://vivipos/content/init_geckojs.js:54
anonymous([object Event])@chrome://viviecr/content/bindings/button_colorpicker.xbl:99
_fireEvent([object XULElement],"select")@chrome://viviecr/content/bindings/button_colorpicker.xbl:100
setColor("gray")@chrome://viviecr/content/bindings/button_colorpicker.xbl:82
onxblclick([object MouseEvent])@chrome://viviecr/content/bindings/button_colorpicker.xbl:143

}
; Components.stack.caller 
Array
{
    '0': [name: anonymous] [line: 99] [filename: chrome://viviecr/content/bindings/button_colorpicker.xbl]
    '1': [name: _fireEvent] [line: 100] [filename: chrome://viviecr/content/bindings/button_colorpicker.xbl]
    '2': [name: setColor] [line: 82] [filename: chrome://viviecr/content/bindings/button_colorpicker.xbl]
    '3': [name: onxblclick] [line: 143] [filename: chrome://viviecr/content/bindings/button_colorpicker.xbl]
}

2008-10-12 07:07:21 : [INFO] [VIVIPOS] VIVIPOS CLOSE
2008-10-12 07:07:29 : [INFO] [VIVIPOS] VIVIPOS STARTUP
2008-10-12 07:07:51 : [INFO] [VIVIPOS] VIVIPOS CLOSE
2008-10-12 07:07:53 : [INFO] [VIVIPOS] VIVIPOS STARTUP
2008-10-12 07:08:22 : [INFO] [VIVIPOS] VIVIPOS CLOSE
2008-10-12 07:08:25 : [INFO] [VIVIPOS] VIVIPOS STARTUP
2008-10-12 07:08:46 : [INFO] [VIVIPOS] VIVIPOS CLOSE
2008-10-12 07:08:48 : [INFO] [VIVIPOS] VIVIPOS STARTUP
2008-10-12 07:09:00 : [INFO] [VIVIPOS] VIVIPOS CLOSE
2008-10-12 07:09:01 : [INFO] [VIVIPOS] VIVIPOS STARTUP
2008-10-12 07:10:56 : [INFO] [VIVIPOS] VIVIPOS CLOSE
2008-10-12 07:10:58 : [INFO] [VIVIPOS] VIVIPOS STARTUP
2008-10-12 07:13:58 : [INFO] [VIVIPOS] VIVIPOS CLOSE
2008-10-12 07:14:00 : [INFO] [VIVIPOS] VIVIPOS STARTUP
2008-10-12 08:18:17 : [INFO] [VIVIPOS] VIVIPOS CLOSE
2008-10-12 08:18:20 : [INFO] [VIVIPOS] VIVIPOS STARTUP
2008-10-12 08:20:16 : [INFO] [VIVIPOS] VIVIPOS CLOSE
2008-10-12 08:20:18 : [INFO] [VIVIPOS] VIVIPOS STARTUP
2008-10-12 08:20:35 : [INFO] [VIVIPOS] VIVIPOS CLOSE
2008-10-12 08:20:37 : [INFO] [VIVIPOS] VIVIPOS STARTUP
2008-10-12 08:21:00 : [INFO] [VIVIPOS] VIVIPOS CLOSE
2008-10-12 08:21:02 : [INFO] [VIVIPOS] VIVIPOS STARTUP
2008-10-12 08:21:37 : [INFO] [VIVIPOS] VIVIPOS CLOSE
2008-10-12 08:21:39 : [INFO] [VIVIPOS] VIVIPOS STARTUP
2008-10-12 08:22:09 : [INFO] [VIVIPOS] VIVIPOS CLOSE
2008-10-12 08:22:12 : [INFO] [VIVIPOS] VIVIPOS STARTUP
2008-10-12 08:23:06 : [INFO] [VIVIPOS] VIVIPOS CLOSE
2008-10-12 08:23:08 : [INFO] [VIVIPOS] VIVIPOS STARTUP
2008-10-12 08:55:23 : [INFO] [VIVIPOS] VIVIPOS CLOSE
2008-10-12 08:55:28 : [INFO] [VIVIPOS] VIVIPOS STARTUP
2008-10-12 08:58:12 : [INFO] [VIVIPOS] VIVIPOS CLOSE
2008-10-12 08:58:15 : [INFO] [VIVIPOS] VIVIPOS STARTUP
2008-10-12 08:58:49 : [INFO] [VIVIPOS] VIVIPOS CLOSE
2008-10-12 08:58:52 : [INFO] [VIVIPOS] VIVIPOS STARTUP
2008-10-12 09:00:27 : [INFO] [VIVIPOS] VIVIPOS CLOSE
2008-10-12 09:00:29 : [INFO] [VIVIPOS] VIVIPOS STARTUP
2008-10-12 09:01:33 : [INFO] [VIVIPOS] VIVIPOS CLOSE
2008-10-12 09:01:36 : [INFO] [VIVIPOS] VIVIPOS STARTUP
2008-10-12 09:03:46 : [INFO] [VIVIPOS] VIVIPOS CLOSE
2008-10-12 09:03:49 : [INFO] [VIVIPOS] VIVIPOS STARTUP
2008-10-12 09:05:09 : [INFO] [VIVIPOS] VIVIPOS CLOSE
2008-10-12 09:05:11 : [INFO] [VIVIPOS] VIVIPOS STARTUP
2008-10-12 09:06:29 : [INFO] [VIVIPOS] VIVIPOS CLOSE
2008-10-12 09:06:30 : [INFO] [VIVIPOS] VIVIPOS STARTUP
2008-10-12 09:06:34 : [ERROR] [Event] GeckoJS.Event.dispatch (change) ; TypeError
{
    'message': this.keys is undefined
    'fileName': chrome://vivipos/content/bindings/viviorderstatus.xbl
    'lineNumber': 196
    'stack': changeHandler([object Object])@chrome://vivipos/content/bindings/viviorderstatus.xbl:196
([object Object],0,[object Array])@chrome://vivipos/content/init_geckojs.js -> resource://app/modules/GeckoJS.js:9
("change",[object Object])@chrome://vivipos/content/init_geckojs.js -> resource://app/modules/GeckoJS.js:9
("vivipos_fec_check_number",18.04869369086045)@chrome://vivipos/content/init_geckojs.js -> resource://app/modules/GeckoJS.js:9
changeField("vivipos_fec_check_number")@chrome://viviorderstatus/content/driver.xul:8
oncommand([object XULCommandEvent])@chrome://vivipos/content/vivipos.xul:1

}
; Components.stack.caller 
Array
{
    '0': [name: changeField] [line: 8] [filename: chrome://viviorderstatus/content/driver.xul]
    '1': [name: oncommand] [line: 1] [filename: chrome://vivipos/content/vivipos.xul]
}

2008-10-12 09:06:34 : [ERROR] [Event] GeckoJS.Event.dispatch (change) ; TypeError
{
    'message': this.keys is undefined
    'fileName': chrome://vivipos/content/bindings/viviorderstatus.xbl
    'lineNumber': 196
    'stack': changeHandler([object Object])@chrome://vivipos/content/bindings/viviorderstatus.xbl:196
([object Object],0,[object Array])@chrome://vivipos/content/init_geckojs.js -> resource://app/modules/GeckoJS.js:9
("change",[object Object])@chrome://vivipos/content/init_geckojs.js -> resource://app/modules/GeckoJS.js:9
("vivipos_fec_number_of_customers",29.17604168573672)@chrome://vivipos/content/init_geckojs.js -> resource://app/modules/GeckoJS.js:9
changeField("vivipos_fec_number_of_customers")@chrome://viviorderstatus/content/driver.xul:8
oncommand([object XULCommandEvent])@chrome://vivipos/content/vivipos.xul:1

}
; Components.stack.caller 
Array
{
    '0': [name: changeField] [line: 8] [filename: chrome://viviorderstatus/content/driver.xul]
    '1': [name: oncommand] [line: 1] [filename: chrome://vivipos/content/vivipos.xul]
}

2008-10-12 09:08:18 : [INFO] [VIVIPOS] VIVIPOS CLOSE
2008-10-12 09:08:20 : [INFO] [VIVIPOS] VIVIPOS STARTUP
2008-10-12 09:08:25 : [ERROR] [Event] GeckoJS.Event.dispatch (change) ; TypeError
{
    'message': this.keys is undefined
    'fileName': chrome://vivipos/content/bindings/viviorderstatus.xbl
    'lineNumber': 196
    'stack': changeHandler([object Object])@chrome://vivipos/content/bindings/viviorderstatus.xbl:196
([object Object],0,[object Array])@chrome://vivipos/content/init_geckojs.js -> resource://app/modules/GeckoJS.js:9
("change",[object Object])@chrome://vivipos/content/init_geckojs.js -> resource://app/modules/GeckoJS.js:9
("vivipos_fec_price_level",93.48866385826955)@chrome://vivipos/content/init_geckojs.js -> resource://app/modules/GeckoJS.js:9
changeField("vivipos_fec_price_level")@chrome://viviorderstatus/content/driver.xul:8
oncommand([object XULCommandEvent])@chrome://vivipos/content/vivipos.xul:1

}
; Components.stack.caller 
Array
{
    '0': [name: changeField] [line: 8] [filename: chrome://viviorderstatus/content/driver.xul]
    '1': [name: oncommand] [line: 1] [filename: chrome://vivipos/content/vivipos.xul]
}

2008-10-12 09:08:26 : [ERROR] [Event] GeckoJS.Event.dispatch (change) ; TypeError
{
    'message': this.keys is undefined
    'fileName': chrome://vivipos/content/bindings/viviorderstatus.xbl
    'lineNumber': 196
    'stack': changeHandler([object Object])@chrome://vivipos/content/bindings/viviorderstatus.xbl:196
([object Object],0,[object Array])@chrome://vivipos/content/init_geckojs.js -> resource://app/modules/GeckoJS.js:9
("change",[object Object])@chrome://vivipos/content/init_geckojs.js -> resource://app/modules/GeckoJS.js:9
("vivipos_fec_tax_status",57.12913360814974)@chrome://vivipos/content/init_geckojs.js -> resource://app/modules/GeckoJS.js:9
changeField("vivipos_fec_tax_status")@chrome://viviorderstatus/content/driver.xul:8
oncommand([object XULCommandEvent])@chrome://vivipos/content/vivipos.xul:1

}
; Components.stack.caller 
Array
{
    '0': [name: changeField] [line: 8] [filename: chrome://viviorderstatus/content/driver.xul]
    '1': [name: oncommand] [line: 1] [filename: chrome://vivipos/content/vivipos.xul]
}

2008-10-12 09:08:26 : [ERROR] [Event] GeckoJS.Event.dispatch (change) ; TypeError
{
    'message': this.keys is undefined
    'fileName': chrome://vivipos/content/bindings/viviorderstatus.xbl
    'lineNumber': 196
    'stack': changeHandler([object Object])@chrome://vivipos/content/bindings/viviorderstatus.xbl:196
([object Object],0,[object Array])@chrome://vivipos/content/init_geckojs.js -> resource://app/modules/GeckoJS.js:9
("change",[object Object])@chrome://vivipos/content/init_geckojs.js -> resource://app/modules/GeckoJS.js:9
("vivipos_fec_order_sequence",93.47575442391306)@chrome://vivipos/content/init_geckojs.js -> resource://app/modules/GeckoJS.js:9
changeField("vivipos_fec_order_sequence")@chrome://viviorderstatus/content/driver.xul:8
oncommand([object XULCommandEvent])@chrome://vivipos/content/vivipos.xul:1

}
; Components.stack.caller 
Array
{
    '0': [name: changeField] [line: 8] [filename: chrome://viviorderstatus/content/driver.xul]
    '1': [name: oncommand] [line: 1] [filename: chrome://vivipos/content/vivipos.xul]
}

2008-10-12 09:08:27 : [ERROR] [Event] GeckoJS.Event.dispatch (change) ; TypeError
{
    'message': this.keys is undefined
    'fileName': chrome://vivipos/content/bindings/viviorderstatus.xbl
    'lineNumber': 196
    'stack': changeHandler([object Object])@chrome://vivipos/content/bindings/viviorderstatus.xbl:196
([object Object],0,[object Array])@chrome://vivipos/content/init_geckojs.js -> resource://app/modules/GeckoJS.js:9
("change",[object Object])@chrome://vivipos/content/init_geckojs.js -> resource://app/modules/GeckoJS.js:9
("vivipos_fec_tax_status",17.124493436772646)@chrome://vivipos/content/init_geckojs.js -> resource://app/modules/GeckoJS.js:9
changeField("vivipos_fec_tax_status")@chrome://viviorderstatus/content/driver.xul:8
oncommand([object XULCommandEvent])@chrome://vivipos/content/vivipos.xul:1

}
; Components.stack.caller 
Array
{
    '0': [name: changeField] [line: 8] [filename: chrome://viviorderstatus/content/driver.xul]
    '1': [name: oncommand] [line: 1] [filename: chrome://vivipos/content/vivipos.xul]
}

2008-10-12 09:08:27 : [ERROR] [Event] GeckoJS.Event.dispatch (change) ; TypeError
{
    'message': this.keys is undefined
    'fileName': chrome://vivipos/content/bindings/viviorderstatus.xbl
    'lineNumber': 196
    'stack': changeHandler([object Object])@chrome://vivipos/content/bindings/viviorderstatus.xbl:196
([object Object],0,[object Array])@chrome://vivipos/content/init_geckojs.js -> resource://app/modules/GeckoJS.js:9
("change",[object Object])@chrome://vivipos/content/init_geckojs.js -> resource://app/modules/GeckoJS.js:9
("vivipos_fec_price_level",45.02805131802714)@chrome://vivipos/content/init_geckojs.js -> resource://app/modules/GeckoJS.js:9
changeField("vivipos_fec_price_level")@chrome://viviorderstatus/content/driver.xul:8
oncommand([object XULCommandEvent])@chrome://vivipos/content/vivipos.xul:1

}
; Components.stack.caller 
Array
{
    '0': [name: changeField] [line: 8] [filename: chrome://viviorderstatus/content/driver.xul]
    '1': [name: oncommand] [line: 1] [filename: chrome://vivipos/content/vivipos.xul]
}

2008-10-12 09:09:46 : [INFO] [VIVIPOS] VIVIPOS CLOSE
2008-10-12 09:09:47 : [INFO] [VIVIPOS] VIVIPOS STARTUP
2008-10-12 09:11:38 : [INFO] [VIVIPOS] VIVIPOS CLOSE
2008-10-12 09:11:39 : [INFO] [VIVIPOS] VIVIPOS STARTUP
2008-10-12 09:12:19 : [INFO] [VIVIPOS] VIVIPOS CLOSE
2008-10-12 09:12:21 : [INFO] [VIVIPOS] VIVIPOS STARTUP
2008-10-12 09:12:40 : [INFO] [VIVIPOS] VIVIPOS CLOSE
2008-10-12 09:12:41 : [INFO] [VIVIPOS] VIVIPOS STARTUP
2008-10-12 09:16:32 : [INFO] [VIVIPOS] VIVIPOS CLOSE
2008-10-12 09:16:35 : [INFO] [VIVIPOS] VIVIPOS STARTUP
2008-10-12 09:16:55 : [INFO] [VIVIPOS] VIVIPOS CLOSE
2008-10-12 09:16:57 : [INFO] [VIVIPOS] VIVIPOS STARTUP
2008-10-12 09:17:29 : [INFO] [VIVIPOS] VIVIPOS CLOSE
2008-10-12 09:17:31 : [INFO] [VIVIPOS] VIVIPOS STARTUP
2008-10-12 09:18:21 : [INFO] [VIVIPOS] VIVIPOS CLOSE
2008-10-12 09:18:23 : [INFO] [VIVIPOS] VIVIPOS STARTUP
2008-10-12 09:18:34 : [INFO] [VIVIPOS] VIVIPOS CLOSE
2008-10-12 09:18:36 : [INFO] [VIVIPOS] VIVIPOS STARTUP
2008-10-12 09:19:01 : [INFO] [VIVIPOS] VIVIPOS CLOSE
2008-10-12 09:19:04 : [INFO] [VIVIPOS] VIVIPOS STARTUP
2008-10-12 09:19:22 : [INFO] [VIVIPOS] VIVIPOS CLOSE
2008-10-12 09:19:24 : [INFO] [VIVIPOS] VIVIPOS STARTUP
2008-10-12 09:19:42 : [INFO] [VIVIPOS] VIVIPOS CLOSE
2008-10-12 09:19:43 : [INFO] [VIVIPOS] VIVIPOS STARTUP
2008-10-12 09:34:59 : [INFO] [VIVIPOS] VIVIPOS CLOSE
2008-10-12 09:35:00 : [INFO] [VIVIPOS] VIVIPOS STARTUP
2008-10-12 09:35:35 : [INFO] [VIVIPOS] VIVIPOS CLOSE
2008-10-12 09:35:36 : [INFO] [VIVIPOS] VIVIPOS STARTUP
2008-10-12 09:39:52 : [INFO] [VIVIPOS] VIVIPOS STARTUP
2008-10-12 09:40:32 : [INFO] [VIVIPOS] VIVIPOS CLOSE
2008-10-12 09:40:34 : [INFO] [VIVIPOS] VIVIPOS STARTUP
2008-10-12 09:41:01 : [INFO] [VIVIPOS] VIVIPOS CLOSE
2008-10-12 09:41:03 : [INFO] [VIVIPOS] VIVIPOS STARTUP
2008-10-12 09:41:14 : [INFO] [VIVIPOS] VIVIPOS CLOSE
2008-10-12 09:41:15 : [INFO] [VIVIPOS] VIVIPOS STARTUP
2008-10-12 09:41:50 : [INFO] [VIVIPOS] VIVIPOS CLOSE
2008-10-12 09:41:51 : [INFO] [VIVIPOS] VIVIPOS STARTUP
2008-10-12 09:43:41 : [INFO] [VIVIPOS] VIVIPOS CLOSE
2008-10-12 09:43:43 : [INFO] [VIVIPOS] VIVIPOS STARTUP
2008-10-12 09:44:19 : [INFO] [VIVIPOS] VIVIPOS CLOSE
2008-10-12 09:44:21 : [INFO] [VIVIPOS] VIVIPOS STARTUP
2008-10-12 09:45:03 : [INFO] [VIVIPOS] VIVIPOS CLOSE
2008-10-12 09:45:05 : [INFO] [VIVIPOS] VIVIPOS STARTUP
2008-10-12 09:58:55 : [INFO] [VIVIPOS] VIVIPOS STARTUP
