This file contains any messages produced by compilers while
running configure, to aid debugging if configure makes a mistake.

It was created by libaosd configure 0.1.3, which was
generated by GNU Autoconf 2.61.  Invocation command line was

  $ ./configure 

## --------- ##
## Platform. ##
## --------- ##

hostname = rack-t61
uname -m = i686
uname -r = 2.6.27-9-generic
uname -s = Linux
uname -v = #1 SMP Thu Nov 20 22:15:32 UTC 2008

/usr/bin/uname -p = unknown
/bin/uname -X     = unknown

/bin/arch              = unknown
/usr/bin/arch -k       = unknown
/usr/convex/getsysinfo = unknown
/usr/bin/hostinfo      = unknown
/bin/machine           = unknown
/usr/bin/oslevel       = unknown
/bin/universe          = unknown

PATH: /home/rack/bin
PATH: /usr/local/sbin
PATH: /usr/local/bin
PATH: /usr/sbin
PATH: /usr/bin
PATH: /sbin
PATH: /bin
PATH: /usr/games


## ----------- ##
## Core tests. ##
## ----------- ##

configure:1741: checking build system type
configure:1759: result: i686-pc-linux-gnu
configure:1781: checking host system type
configure:1796: result: i686-pc-linux-gnu
configure:1818: checking target system type
configure:1833: result: i686-pc-linux-gnu
configure:1911: checking for gcc
configure:1927: found /usr/bin/gcc
configure:1938: result: gcc
configure:2176: checking for C compiler version
configure:2183: gcc --version >&5
gcc (GCC) 4.2.3 (Ubuntu 4.2.3-2ubuntu7)
Copyright (C) 2007 Free Software Foundation, Inc.
This is free software; see the source for copying conditions.  There is NO
warranty; not even for MERCHANTABILITY or FITNESS FOR A PARTICULAR PURPOSE.

configure:2186: $? = 0
configure:2193: gcc -v >&5
Using built-in specs.
Target: i486-linux-gnu
Configured with: ../src/configure -v --enable-languages=c,c++,fortran,objc,obj-c++,treelang --prefix=/usr --enable-shared --with-system-zlib --libexecdir=/usr/lib --without-included-gettext --enable-threads=posix --enable-nls --with-gxx-include-dir=/usr/include/c++/4.2 --program-suffix=-4.2 --enable-clocale=gnu --enable-libstdcxx-debug --enable-objc-gc --enable-mpfr --enable-targets=all --enable-checking=release --build=i486-linux-gnu --host=i486-linux-gnu --target=i486-linux-gnu
Thread model: posix
gcc version 4.2.3 (Ubuntu 4.2.3-2ubuntu7)
configure:2196: $? = 0
configure:2203: gcc -V >&5
gcc: '-V' option must have argument
configure:2206: $? = 1
configure:2229: checking for C compiler default output file name
configure:2256: gcc    conftest.c  >&5
configure:2259: $? = 0
configure:2297: result: a.out
configure:2314: checking whether the C compiler works
configure:2324: ./a.out
configure:2327: $? = 0
configure:2344: result: yes
configure:2351: checking whether we are cross compiling
configure:2353: result: no
configure:2356: checking for suffix of executables
configure:2363: gcc -o conftest    conftest.c  >&5
configure:2366: $? = 0
configure:2390: result: 
configure:2396: checking for suffix of object files
configure:2422: gcc -c   conftest.c >&5
configure:2425: $? = 0
configure:2448: result: o
configure:2452: checking whether we are using the GNU C compiler
configure:2481: gcc -c   conftest.c >&5
configure:2487: $? = 0
configure:2504: result: yes
configure:2509: checking whether gcc accepts -g
configure:2539: gcc -c -g  conftest.c >&5
configure:2545: $? = 0
configure:2644: result: yes
configure:2661: checking for gcc option to accept ISO C89
configure:2735: gcc  -c -g -O2  conftest.c >&5
configure:2741: $? = 0
configure:2764: result: none needed
configure:2787: checking how to run the C preprocessor
configure:2827: gcc -E  conftest.c
configure:2833: $? = 0
configure:2864: gcc -E  conftest.c
conftest.c:8:28: error: ac_nonexistent.h: No such file or directory
configure:2870: $? = 1
configure: failed program was:
| /* confdefs.h.  */
| #define PACKAGE_NAME "libaosd"
| #define PACKAGE_TARNAME "libaosd"
| #define PACKAGE_VERSION "0.1.3"
| #define PACKAGE_STRING "libaosd 0.1.3"
| #define PACKAGE_BUGREPORT "http://bugzilla.atheme.org/"
| /* end confdefs.h.  */
| #include <ac_nonexistent.h>
configure:2903: result: gcc -E
configure:2932: gcc -E  conftest.c
configure:2938: $? = 0
configure:2969: gcc -E  conftest.c
conftest.c:8:28: error: ac_nonexistent.h: No such file or directory
configure:2975: $? = 1
configure: failed program was:
| /* confdefs.h.  */
| #define PACKAGE_NAME "libaosd"
| #define PACKAGE_TARNAME "libaosd"
| #define PACKAGE_VERSION "0.1.3"
| #define PACKAGE_STRING "libaosd 0.1.3"
| #define PACKAGE_BUGREPORT "http://bugzilla.atheme.org/"
| /* end confdefs.h.  */
| #include <ac_nonexistent.h>
configure:3012: checking whether ln -s works
configure:3016: result: yes
configure:3023: checking whether make sets $(MAKE)
configure:3044: result: yes
configure:3054: checking for library containing strerror
configure:3095: gcc -o conftest -g -O2   conftest.c  >&5
configure:3101: $? = 0
configure:3129: result: none required
configure:3140: checking for ar
configure:3158: found /usr/bin/ar
configure:3170: result: /usr/bin/ar
configure:3190: checking for shared library system
configure:3258: result: POSIX
configure:3295: checking for pkg-config
configure:3313: found /usr/bin/pkg-config
configure:3326: result: /usr/bin/pkg-config
configure:3344: checking for x11
configure:3348: result: yes
configure:3352: checking X11_CFLAGS
configure:3355: result:  
configure:3358: checking X11_LIBS
configure:3361: result: -lX11  
configure:3445: checking for xrender
configure:3449: result: yes
configure:3453: checking XRENDER_CFLAGS
configure:3456: result:  
configure:3459: checking XRENDER_LIBS
configure:3462: result: -lXrender -lX11  
configure:3549: checking for cairo
configure:3553: result: yes
configure:3557: checking CAIRO_CFLAGS
configure:3560: result: -I/usr/include/cairo -I/usr/include/freetype2 -I/usr/include/libpng12 -I/usr/include/pixman-1  
configure:3563: checking CAIRO_LIBS
configure:3566: result: -lcairo  
configure:3650: checking for pango
configure:3654: result: yes
configure:3658: checking PANGO_CFLAGS
configure:3661: result: -I/usr/include/pango-1.0 -I/usr/include/glib-2.0 -I/usr/lib/glib-2.0/include  
configure:3664: checking PANGO_LIBS
configure:3667: result: -lpango-1.0 -lgobject-2.0 -lgmodule-2.0 -ldl -lglib-2.0  
configure:3751: checking for pangocairo
configure:3755: result: yes
configure:3759: checking PANGOCAIRO_CFLAGS
configure:3762: result: -I/usr/include/pango-1.0 -I/usr/include/cairo -I/usr/include/glib-2.0 -I/usr/lib/glib-2.0/include -I/usr/include/freetype2 -I/usr/include/libpng12 -I/usr/include/pixman-1  
configure:3765: checking PANGOCAIRO_LIBS
configure:3768: result: -lpangocairo-1.0 -lpango-1.0 -lcairo -lgobject-2.0 -lgmodule-2.0 -ldl -lglib-2.0  
configure:3867: checking for xcomposite
configure:3871: result: yes
configure:3875: checking XCOMPOSITE_CFLAGS
configure:3878: result:  
configure:3881: checking XCOMPOSITE_LIBS
configure:3884: result: -lXcomposite -lXfixes  
configure:4035: creating ./config.status

## ---------------------- ##
## Running config.status. ##
## ---------------------- ##

This file was extended by libaosd config.status 0.1.3, which was
generated by GNU Autoconf 2.61.  Invocation command line was

  CONFIG_FILES    = 
  CONFIG_HEADERS  = 
  CONFIG_LINKS    = 
  CONFIG_COMMANDS = 
  $ ./config.status 

on rack-t61

config.status:636: creating buildsys.mk
config.status:636: creating extra.mk
config.status:636: creating libaosd.pc
config.status:636: creating config.h
config.status:840: config.h is unchanged

## ---------------- ##
## Cache variables. ##
## ---------------- ##

ac_cv_build=i686-pc-linux-gnu
ac_cv_c_compiler_gnu=yes
ac_cv_env_CC_set=
ac_cv_env_CC_value=
ac_cv_env_CFLAGS_set=
ac_cv_env_CFLAGS_value=
ac_cv_env_CPPFLAGS_set=
ac_cv_env_CPPFLAGS_value=
ac_cv_env_CPP_set=
ac_cv_env_CPP_value=
ac_cv_env_LDFLAGS_set=
ac_cv_env_LDFLAGS_value=
ac_cv_env_LIBS_set=
ac_cv_env_LIBS_value=
ac_cv_env_build_alias_set=
ac_cv_env_build_alias_value=
ac_cv_env_host_alias_set=
ac_cv_env_host_alias_value=
ac_cv_env_target_alias_set=
ac_cv_env_target_alias_value=
ac_cv_host=i686-pc-linux-gnu
ac_cv_objext=o
ac_cv_path_AR=/usr/bin/ar
ac_cv_path_PKG_CONFIG=/usr/bin/pkg-config
ac_cv_prog_CPP='gcc -E'
ac_cv_prog_ac_ct_CC=gcc
ac_cv_prog_cc_c89=
ac_cv_prog_cc_g=yes
ac_cv_prog_make_make_set=yes
ac_cv_search_strerror='none required'
ac_cv_target=i686-pc-linux-gnu

## ----------------- ##
## Output variables. ##
## ----------------- ##

AR='/usr/bin/ar'
AUX_CFLAGS='-I/usr/include/cairo -I/usr/include/freetype2 -I/usr/include/libpng12 -I/usr/include/pixman-1   -I/usr/include/pango-1.0 -I/usr/include/glib-2.0 -I/usr/lib/glib-2.0/include   -I/usr/include/pango-1.0 -I/usr/include/cairo -I/usr/include/glib-2.0 -I/usr/lib/glib-2.0/include -I/usr/include/freetype2 -I/usr/include/libpng12 -I/usr/include/pixman-1    '
AUX_LDFLAGS='-lcairo   -lpango-1.0 -lgobject-2.0 -lgmodule-2.0 -ldl -lglib-2.0   -lpangocairo-1.0 -lpango-1.0 -lcairo -lgobject-2.0 -lgmodule-2.0 -ldl -lglib-2.0   -lXcomposite -lXfixes  '
CAIRO_CFLAGS='-I/usr/include/cairo -I/usr/include/freetype2 -I/usr/include/libpng12 -I/usr/include/pixman-1  '
CAIRO_LIBS='-lcairo  '
CC='gcc'
CFLAGS='-g -O2 -Wall -Wpointer-arith -Wstrict-prototypes -Wmissing-prototypes -Wmissing-declarations -Wnested-externs -fno-strict-aliasing'
CLEAN_LIB=''
CPP='gcc -E'
CPPFLAGS=''
DEFS='-DHAVE_CONFIG_H'
ECHO_C=''
ECHO_N='-n'
ECHO_T=''
EXEEXT=''
INSTALL_LIB='${INSTALL} -m 755 $$i ${DESTDIR}${libdir}/$$i.${LIB_MAJOR}.${LIB_MINOR}.0 && ${LN_S} -f $$i.${LIB_MAJOR}.${LIB_MINOR}.0 ${DESTDIR}${libdir}/$$i.${LIB_MAJOR} && ${LN_S} -f $$i.${LIB_MAJOR}.${LIB_MINOR}.0 ${DESTDIR}${libdir}/$$i'
LDFLAGS=''
LIBOBJS=''
LIBS=''
LIB_CFLAGS='-fPIC'
LIB_CPPFLAGS='-DPIC'
LIB_LDFLAGS='-shared -fPIC -Wl,-soname=${LIB}.${LIB_MAJOR}'
LIB_PREFIX='lib'
LIB_SUFFIX='.so'
LN_S='ln -s'
LTLIBOBJS=''
OBJEXT='o'
PACKAGE='libaosd'
PACKAGES='cairo pango pangocairo xcomposite'
PACKAGE_BUGREPORT='http://bugzilla.atheme.org/'
PACKAGE_NAME='libaosd'
PACKAGE_STRING='libaosd 0.1.3'
PACKAGE_TARNAME='libaosd'
PACKAGE_VERSION='0.1.3'
PANGOCAIRO_CFLAGS='-I/usr/include/pango-1.0 -I/usr/include/cairo -I/usr/include/glib-2.0 -I/usr/lib/glib-2.0/include -I/usr/include/freetype2 -I/usr/include/libpng12 -I/usr/include/pixman-1  '
PANGOCAIRO_LIBS='-lpangocairo-1.0 -lpango-1.0 -lcairo -lgobject-2.0 -lgmodule-2.0 -ldl -lglib-2.0  '
PANGO_CFLAGS='-I/usr/include/pango-1.0 -I/usr/include/glib-2.0 -I/usr/lib/glib-2.0/include  '
PANGO_LIBS='-lpango-1.0 -lgobject-2.0 -lgmodule-2.0 -ldl -lglib-2.0  '
PATH_SEPARATOR=':'
PKG_CONFIG='/usr/bin/pkg-config'
PLUGIN_CFLAGS='-fPIC'
PLUGIN_CPPFLAGS='-DPIC'
PLUGIN_LDFLAGS='-shared -fPIC'
PLUGIN_SUFFIX='.so'
SET_MAKE=''
SHELL='/bin/bash'
UNINSTALL_LIB='rm -f ${DESTDIR}${libdir}/$$i ${DESTDIR}${libdir}/$$i.${LIB_MAJOR} ${DESTDIR}${libdir}/$$i.${LIB_MAJOR}.${LIB_MINOR}.0'
X11_CFLAGS=' '
X11_LIBS='-lX11  '
XCOMPOSITE_CFLAGS=' '
XCOMPOSITE_LIBS='-lXcomposite -lXfixes  '
XRENDER_CFLAGS=' '
XRENDER_LIBS='-lXrender -lX11  '
X_LIBS='-lX11   -lXrender -lX11  '
ac_ct_CC='gcc'
bindir='${exec_prefix}/bin'
build='i686-pc-linux-gnu'
build_alias=''
build_cpu='i686'
build_os='linux-gnu'
build_vendor='pc'
datadir='${datarootdir}'
datarootdir='${prefix}/share'
docdir='${datarootdir}/doc/${PACKAGE_TARNAME}'
dvidir='${docdir}'
exec_prefix='${prefix}'
host='i686-pc-linux-gnu'
host_alias=''
host_cpu='i686'
host_os='linux-gnu'
host_vendor='pc'
htmldir='${docdir}'
includedir='${prefix}/include'
infodir='${datarootdir}/info'
libdir='${exec_prefix}/lib'
libexecdir='${exec_prefix}/libexec'
localedir='${datarootdir}/locale'
localstatedir='${prefix}/var'
mandir='${datarootdir}/man'
oldincludedir='/usr/include'
pdfdir='${docdir}'
prefix='/usr/local'
program_transform_name='s,x,x,'
psdir='${docdir}'
sbindir='${exec_prefix}/sbin'
sharedstatedir='${prefix}/com'
sysconfdir='${prefix}/etc'
target='i686-pc-linux-gnu'
target_alias=''
target_cpu='i686'
target_os='linux-gnu'
target_vendor='pc'

## ----------- ##
## confdefs.h. ##
## ----------- ##

#define PACKAGE_NAME "libaosd"
#define PACKAGE_TARNAME "libaosd"
#define PACKAGE_VERSION "0.1.3"
#define PACKAGE_STRING "libaosd 0.1.3"
#define PACKAGE_BUGREPORT "http://bugzilla.atheme.org/"
#define HAVE_XCOMPOSITE 1

configure: exit 0
