This file contains any messages produced by compilers while
running configure, to aid debugging if configure makes a mistake.

It was created by matchbox-keyboard configure 0.1, which was
generated by GNU Autoconf 2.61.  Invocation command line was

  $ ./configure --prefix=/usr --enable-static --no-create --no-recursion

## --------- ##
## Platform. ##
## --------- ##

hostname = rack-t61
uname -m = i686
uname -r = 2.6.27-9-generic
uname -s = Linux
uname -v = #1 SMP Thu Nov 20 22:15:32 UTC 2008

/usr/bin/uname -p = unknown
/bin/uname -X     = unknown

/bin/arch              = unknown
/usr/bin/arch -k       = unknown
/usr/convex/getsysinfo = unknown
/usr/bin/hostinfo      = unknown
/bin/machine           = unknown
/usr/bin/oslevel       = unknown
/bin/universe          = unknown

PATH: /home/rack/bin
PATH: /usr/local/sbin
PATH: /usr/local/bin
PATH: /usr/sbin
PATH: /usr/bin
PATH: /sbin
PATH: /bin
PATH: /usr/games


## ----------- ##
## Core tests. ##
## ----------- ##

configure:2025: checking for a BSD-compatible install
configure:2081: result: /usr/bin/install -c
configure:2092: checking whether build environment is sane
configure:2135: result: yes
configure:2163: checking for a thread-safe mkdir -p
configure:2202: result: /bin/mkdir -p
configure:2215: checking for gawk
configure:2245: result: no
configure:2215: checking for mawk
configure:2231: found /usr/bin/mawk
configure:2242: result: mawk
configure:2253: checking whether make sets $(MAKE)
configure:2274: result: yes
configure:2534: checking build system type
configure:2552: result: i686-pc-linux-gnu
configure:2574: checking host system type
configure:2589: result: i686-pc-linux-gnu
configure:2623: checking for style of include used by make
configure:2651: result: GNU
configure:2721: checking for gcc
configure:2737: found /usr/bin/gcc
configure:2748: result: gcc
configure:2986: checking for C compiler version
configure:2993: gcc --version >&5
gcc (GCC) 4.2.3 (Ubuntu 4.2.3-2ubuntu7)
Copyright (C) 2007 Free Software Foundation, Inc.
This is free software; see the source for copying conditions.  There is NO
warranty; not even for MERCHANTABILITY or FITNESS FOR A PARTICULAR PURPOSE.

configure:2996: $? = 0
configure:3003: gcc -v >&5
Using built-in specs.
Target: i486-linux-gnu
Configured with: ../src/configure -v --enable-languages=c,c++,fortran,objc,obj-c++,treelang --prefix=/usr --enable-shared --with-system-zlib --libexecdir=/usr/lib --without-included-gettext --enable-threads=posix --enable-nls --with-gxx-include-dir=/usr/include/c++/4.2 --program-suffix=-4.2 --enable-clocale=gnu --enable-libstdcxx-debug --enable-objc-gc --enable-mpfr --enable-targets=all --enable-checking=release --build=i486-linux-gnu --host=i486-linux-gnu --target=i486-linux-gnu
Thread model: posix
gcc version 4.2.3 (Ubuntu 4.2.3-2ubuntu7)
configure:3006: $? = 0
configure:3013: gcc -V >&5
gcc: '-V' option must have argument
configure:3016: $? = 1
configure:3039: checking for C compiler default output file name
configure:3066: gcc    conftest.c  >&5
configure:3069: $? = 0
configure:3107: result: a.out
configure:3124: checking whether the C compiler works
configure:3134: ./a.out
configure:3137: $? = 0
configure:3154: result: yes
configure:3161: checking whether we are cross compiling
configure:3163: result: no
configure:3166: checking for suffix of executables
configure:3173: gcc -o conftest    conftest.c  >&5
configure:3176: $? = 0
configure:3200: result: 
configure:3206: checking for suffix of object files
configure:3232: gcc -c   conftest.c >&5
configure:3235: $? = 0
configure:3258: result: o
configure:3262: checking whether we are using the GNU C compiler
configure:3291: gcc -c   conftest.c >&5
configure:3297: $? = 0
configure:3314: result: yes
configure:3319: checking whether gcc accepts -g
configure:3349: gcc -c -g  conftest.c >&5
configure:3355: $? = 0
configure:3454: result: yes
configure:3471: checking for gcc option to accept ISO C89
configure:3545: gcc  -c -g -O2  conftest.c >&5
configure:3551: $? = 0
configure:3574: result: none needed
configure:3594: checking dependency style of gcc
configure:3685: result: gcc3
configure:3700: checking for a sed that does not truncate output
configure:3779: result: /bin/sed
configure:3797: checking for grep that handles long lines and -e
configure:3871: result: /bin/grep
configure:3876: checking for egrep
configure:3954: result: /bin/grep -E
configure:3959: checking for fgrep
configure:4037: result: /bin/grep -F
configure:4072: checking for ld used by gcc
configure:4139: result: /usr/bin/ld
configure:4148: checking if the linker (/usr/bin/ld) is GNU ld
configure:4163: result: yes
configure:4175: checking for BSD- or MS-compatible name lister (nm)
configure:4224: result: /usr/bin/nm -B
configure:4346: checking the name lister (/usr/bin/nm -B) interface
configure:4353: gcc -c -g -O2  conftest.c >&5
configure:4356: /usr/bin/nm -B "conftest.o"
configure:4359: output
00000000 B some_variable
configure:4366: result: BSD nm
configure:4369: checking whether ln -s works
configure:4373: result: yes
configure:4381: checking the maximum length of command line arguments
configure:4501: result: 98304
configure:4518: checking whether the shell understands some XSI constructs
configure:4528: result: yes
configure:4532: checking whether the shell understands "+="
configure:4538: result: yes
configure:4573: checking for /usr/bin/ld option to reload object files
configure:4580: result: -r
configure:4607: checking how to recognize dependent libraries
configure:4797: result: pass_all
configure:4857: checking for ar
configure:4873: found /usr/bin/ar
configure:4884: result: ar
configure:4966: checking for strip
configure:4982: found /usr/bin/strip
configure:4993: result: strip
configure:5069: checking for ranlib
configure:5085: found /usr/bin/ranlib
configure:5096: result: ranlib
configure:5190: checking command to parse /usr/bin/nm -B output from gcc object
configure:5308: gcc -c -g -O2  conftest.c >&5
configure:5311: $? = 0
configure:5315: /usr/bin/nm -B conftest.o \| sed -n -e 's/^.*[	 ]\([ABCDGIRSTW][ABCDGIRSTW]*\)[	 ][	 ]*\([_A-Za-z][_A-Za-z0-9]*\)$/\1 \2 \2/p' \> conftest.nm
configure:5318: $? = 0
configure:5372: gcc -o conftest -g -O2   conftest.c conftstm.o >&5
configure:5375: $? = 0
configure:5413: result: ok
configure:6292: checking how to run the C preprocessor
configure:6332: gcc -E  conftest.c
configure:6338: $? = 0
configure:6369: gcc -E  conftest.c
conftest.c:11:28: error: ac_nonexistent.h: No such file or directory
configure:6375: $? = 1
configure: failed program was:
| /* confdefs.h.  */
| #define PACKAGE_NAME "matchbox-keyboard"
| #define PACKAGE_TARNAME "matchbox-keyboard"
| #define PACKAGE_VERSION "0.1"
| #define PACKAGE_STRING "matchbox-keyboard 0.1"
| #define PACKAGE_BUGREPORT "mallum@handhelds.org"
| #define PACKAGE "matchbox-keyboard"
| #define VERSION "0.1"
| #define _GNU_SOURCE 1
| /* end confdefs.h.  */
| #include <ac_nonexistent.h>
configure:6408: result: gcc -E
configure:6437: gcc -E  conftest.c
configure:6443: $? = 0
configure:6474: gcc -E  conftest.c
conftest.c:11:28: error: ac_nonexistent.h: No such file or directory
configure:6480: $? = 1
configure: failed program was:
| /* confdefs.h.  */
| #define PACKAGE_NAME "matchbox-keyboard"
| #define PACKAGE_TARNAME "matchbox-keyboard"
| #define PACKAGE_VERSION "0.1"
| #define PACKAGE_STRING "matchbox-keyboard 0.1"
| #define PACKAGE_BUGREPORT "mallum@handhelds.org"
| #define PACKAGE "matchbox-keyboard"
| #define VERSION "0.1"
| #define _GNU_SOURCE 1
| /* end confdefs.h.  */
| #include <ac_nonexistent.h>
configure:6518: checking for ANSI C header files
configure:6548: gcc -c -g -O2  conftest.c >&5
configure:6554: $? = 0
configure:6653: gcc -o conftest -g -O2   conftest.c  >&5
configure:6656: $? = 0
configure:6662: ./conftest
configure:6665: $? = 0
configure:6682: result: yes
configure:6706: checking for sys/types.h
configure:6727: gcc -c -g -O2  conftest.c >&5
configure:6733: $? = 0
configure:6749: result: yes
configure:6706: checking for sys/stat.h
configure:6727: gcc -c -g -O2  conftest.c >&5
configure:6733: $? = 0
configure:6749: result: yes
configure:6706: checking for stdlib.h
configure:6727: gcc -c -g -O2  conftest.c >&5
configure:6733: $? = 0
configure:6749: result: yes
configure:6706: checking for string.h
configure:6727: gcc -c -g -O2  conftest.c >&5
configure:6733: $? = 0
configure:6749: result: yes
configure:6706: checking for memory.h
configure:6727: gcc -c -g -O2  conftest.c >&5
configure:6733: $? = 0
configure:6749: result: yes
configure:6706: checking for strings.h
configure:6727: gcc -c -g -O2  conftest.c >&5
configure:6733: $? = 0
configure:6749: result: yes
configure:6706: checking for inttypes.h
configure:6727: gcc -c -g -O2  conftest.c >&5
configure:6733: $? = 0
configure:6749: result: yes
configure:6706: checking for stdint.h
configure:6727: gcc -c -g -O2  conftest.c >&5
configure:6733: $? = 0
configure:6749: result: yes
configure:6706: checking for unistd.h
configure:6727: gcc -c -g -O2  conftest.c >&5
configure:6733: $? = 0
configure:6749: result: yes
configure:6765: checking for dlfcn.h
configure:6786: gcc -c -g -O2  conftest.c >&5
configure:6792: $? = 0
configure:6808: result: yes
configure:6962: checking for objdir
configure:6977: result: .libs
configure:7269: checking if gcc supports -fno-rtti -fno-exceptions
configure:7287: gcc -c -g -O2  -fno-rtti -fno-exceptions conftest.c >&5
cc1: warning: command line option "-fno-rtti" is valid for C++/ObjC++ but not for C
configure:7291: $? = 0
configure:7304: result: no
configure:7324: checking for gcc option to produce PIC
configure:7581: result: -fPIC -DPIC
configure:7593: checking if gcc PIC flag -fPIC -DPIC works
configure:7611: gcc -c -g -O2  -fPIC -DPIC -DPIC conftest.c >&5
configure:7615: $? = 0
configure:7628: result: yes
configure:7652: checking if gcc static flag -static works
configure:7680: result: yes
configure:7695: checking if gcc supports -c -o file.o
configure:7716: gcc -c -g -O2  -o out/conftest2.o conftest.c >&5
configure:7720: $? = 0
configure:7742: result: yes
configure:7750: checking if gcc supports -c -o file.o
configure:7797: result: yes
configure:7830: checking whether the gcc linker (/usr/bin/ld) supports shared libraries
configure:8885: result: yes
configure:8922: checking whether -lc should be explicitly linked in
configure:8927: gcc -c -g -O2  conftest.c >&5
configure:8930: $? = 0
configure:8945: gcc -shared conftest.o  -v -Wl,-soname -Wl,conftest -o conftest 2\>\&1 \| /bin/grep  -lc  \>/dev/null 2\>\&1
configure:8948: $? = 0
configure:8960: result: no
configure:9124: checking dynamic linker characteristics
configure:9567: gcc -o conftest -g -O2   -Wl,-rpath -Wl,/foo conftest.c  >&5
configure:9573: $? = 0
configure:9815: result: GNU/Linux ld.so
configure:9917: checking how to hardcode library paths into programs
configure:9942: result: immediate
configure:10755: checking whether stripping libraries is possible
configure:10760: result: yes
configure:10795: checking if libtool supports shared libraries
configure:10797: result: yes
configure:10800: checking whether to build shared libraries
configure:10821: result: yes
configure:10824: checking whether to build static libraries
configure:10828: result: yes
configure:10911: checking for gcc
configure:10938: result: gcc
configure:11176: checking for C compiler version
configure:11183: gcc --version >&5
gcc (GCC) 4.2.3 (Ubuntu 4.2.3-2ubuntu7)
Copyright (C) 2007 Free Software Foundation, Inc.
This is free software; see the source for copying conditions.  There is NO
warranty; not even for MERCHANTABILITY or FITNESS FOR A PARTICULAR PURPOSE.

configure:11186: $? = 0
configure:11193: gcc -v >&5
Using built-in specs.
Target: i486-linux-gnu
Configured with: ../src/configure -v --enable-languages=c,c++,fortran,objc,obj-c++,treelang --prefix=/usr --enable-shared --with-system-zlib --libexecdir=/usr/lib --without-included-gettext --enable-threads=posix --enable-nls --with-gxx-include-dir=/usr/include/c++/4.2 --program-suffix=-4.2 --enable-clocale=gnu --enable-libstdcxx-debug --enable-objc-gc --enable-mpfr --enable-targets=all --enable-checking=release --build=i486-linux-gnu --host=i486-linux-gnu --target=i486-linux-gnu
Thread model: posix
gcc version 4.2.3 (Ubuntu 4.2.3-2ubuntu7)
configure:11196: $? = 0
configure:11203: gcc -V >&5
gcc: '-V' option must have argument
configure:11206: $? = 1
configure:11209: checking whether we are using the GNU C compiler
configure:11261: result: yes
configure:11266: checking whether gcc accepts -g
configure:11401: result: yes
configure:11418: checking for gcc option to accept ISO C89
configure:11521: result: none needed
configure:11541: checking dependency style of gcc
configure:11632: result: gcc3
configure:11655: checking for dirent.h that defines DIR
configure:11684: gcc -c -g -O2  conftest.c >&5
configure:11690: $? = 0
configure:11706: result: yes
configure:11719: checking for library containing opendir
configure:11760: gcc -o conftest -g -O2   conftest.c  >&5
configure:11766: $? = 0
configure:11794: result: none required
configure:11888: checking for ANSI C header files
configure:12052: result: yes
configure:12065: checking for an ANSI C-conforming const
configure:12140: gcc -c -g -O2  conftest.c >&5
configure:12146: $? = 0
configure:12161: result: yes
configure:12171: checking for pid_t
configure:12201: gcc -c -g -O2  conftest.c >&5
configure:12207: $? = 0
configure:12222: result: yes
configure:12234: checking whether time.h and sys/time.h may both be included
configure:12264: gcc -c -g -O2  conftest.c >&5
configure:12270: $? = 0
configure:12285: result: yes
configure:12299: checking for working alloca.h
configure:12326: gcc -o conftest -g -O2   conftest.c  >&5
configure:12332: $? = 0
configure:12349: result: yes
configure:12359: checking for alloca
configure:12406: gcc -o conftest -g -O2   conftest.c  >&5
configure:12412: $? = 0
configure:12429: result: yes
configure:12656: checking whether closedir returns void
configure:12690: gcc -o conftest -g -O2   conftest.c  >&5
configure:12693: $? = 0
configure:12699: ./conftest
configure:12702: $? = 0
configure:12718: result: no
configure:12743: checking vfork.h usability
configure:12760: gcc -c -g -O2  conftest.c >&5
conftest.c:61:19: error: vfork.h: No such file or directory
configure:12766: $? = 1
configure: failed program was:
| /* confdefs.h.  */
| #define PACKAGE_NAME "matchbox-keyboard"
| #define PACKAGE_TARNAME "matchbox-keyboard"
| #define PACKAGE_VERSION "0.1"
| #define PACKAGE_STRING "matchbox-keyboard 0.1"
| #define PACKAGE_BUGREPORT "mallum@handhelds.org"
| #define PACKAGE "matchbox-keyboard"
| #define VERSION "0.1"
| #define _GNU_SOURCE 1
| #define STDC_HEADERS 1
| #define HAVE_SYS_TYPES_H 1
| #define HAVE_SYS_STAT_H 1
| #define HAVE_STDLIB_H 1
| #define HAVE_STRING_H 1
| #define HAVE_MEMORY_H 1
| #define HAVE_STRINGS_H 1
| #define HAVE_INTTYPES_H 1
| #define HAVE_STDINT_H 1
| #define HAVE_UNISTD_H 1
| #define HAVE_DLFCN_H 1
| #define LT_OBJDIR ".libs/"
| #define HAVE_DIRENT_H 1
| #define STDC_HEADERS 1
| #define TIME_WITH_SYS_TIME 1
| #define HAVE_ALLOCA_H 1
| #define HAVE_ALLOCA 1
| /* end confdefs.h.  */
| #include <stdio.h>
| #ifdef HAVE_SYS_TYPES_H
| # include <sys/types.h>
| #endif
| #ifdef HAVE_SYS_STAT_H
| # include <sys/stat.h>
| #endif
| #ifdef STDC_HEADERS
| # include <stdlib.h>
| # include <stddef.h>
| #else
| # ifdef HAVE_STDLIB_H
| #  include <stdlib.h>
| # endif
| #endif
| #ifdef HAVE_STRING_H
| # if !defined STDC_HEADERS && defined HAVE_MEMORY_H
| #  include <memory.h>
| # endif
| # include <string.h>
| #endif
| #ifdef HAVE_STRINGS_H
| # include <strings.h>
| #endif
| #ifdef HAVE_INTTYPES_H
| # include <inttypes.h>
| #endif
| #ifdef HAVE_STDINT_H
| # include <stdint.h>
| #endif
| #ifdef HAVE_UNISTD_H
| # include <unistd.h>
| #endif
| #include <vfork.h>
configure:12780: result: no
configure:12784: checking vfork.h presence
configure:12799: gcc -E  conftest.c
conftest.c:28:19: error: vfork.h: No such file or directory
configure:12805: $? = 1
configure: failed program was:
| /* confdefs.h.  */
| #define PACKAGE_NAME "matchbox-keyboard"
| #define PACKAGE_TARNAME "matchbox-keyboard"
| #define PACKAGE_VERSION "0.1"
| #define PACKAGE_STRING "matchbox-keyboard 0.1"
| #define PACKAGE_BUGREPORT "mallum@handhelds.org"
| #define PACKAGE "matchbox-keyboard"
| #define VERSION "0.1"
| #define _GNU_SOURCE 1
| #define STDC_HEADERS 1
| #define HAVE_SYS_TYPES_H 1
| #define HAVE_SYS_STAT_H 1
| #define HAVE_STDLIB_H 1
| #define HAVE_STRING_H 1
| #define HAVE_MEMORY_H 1
| #define HAVE_STRINGS_H 1
| #define HAVE_INTTYPES_H 1
| #define HAVE_STDINT_H 1
| #define HAVE_UNISTD_H 1
| #define HAVE_DLFCN_H 1
| #define LT_OBJDIR ".libs/"
| #define HAVE_DIRENT_H 1
| #define STDC_HEADERS 1
| #define TIME_WITH_SYS_TIME 1
| #define HAVE_ALLOCA_H 1
| #define HAVE_ALLOCA 1
| /* end confdefs.h.  */
| #include <vfork.h>
configure:12819: result: no
configure:12852: checking for vfork.h
configure:12860: result: no
configure:12878: checking for fork
configure:12934: gcc -o conftest -g -O2   conftest.c  >&5
conftest.c:51: warning: conflicting types for built-in function 'fork'
configure:12940: $? = 0
configure:12958: result: yes
configure:12878: checking for vfork
configure:12934: gcc -o conftest -g -O2   conftest.c  >&5
configure:12940: $? = 0
configure:12958: result: yes
configure:12969: checking for working fork
configure:13001: gcc -o conftest -g -O2   conftest.c  >&5
configure:13004: $? = 0
configure:13010: ./conftest
configure:13013: $? = 0
configure:13029: result: yes
configure:13050: checking for working vfork
configure:13188: result: yes
configure:13235: checking sys/select.h usability
configure:13252: gcc -c -g -O2  conftest.c >&5
configure:13258: $? = 0
configure:13272: result: yes
configure:13276: checking sys/select.h presence
configure:13291: gcc -E  conftest.c
configure:13297: $? = 0
configure:13311: result: yes
configure:13344: checking for sys/select.h
configure:13352: result: yes
configure:13235: checking sys/socket.h usability
configure:13252: gcc -c -g -O2  conftest.c >&5
configure:13258: $? = 0
configure:13272: result: yes
configure:13276: checking sys/socket.h presence
configure:13291: gcc -E  conftest.c
configure:13297: $? = 0
configure:13311: result: yes
configure:13344: checking for sys/socket.h
configure:13352: result: yes
configure:13365: checking types of arguments for select
configure:13403: gcc -c -g -O2  conftest.c >&5
configure:13409: $? = 0
configure:13430: result: int,fd_set *,struct timeval *
configure:13453: checking return type of signal handlers
configure:13481: gcc -c -g -O2  conftest.c >&5
conftest.c: In function 'main':
conftest.c:43: error: void value not ignored as it ought to be
configure:13487: $? = 1
configure: failed program was:
| /* confdefs.h.  */
| #define PACKAGE_NAME "matchbox-keyboard"
| #define PACKAGE_TARNAME "matchbox-keyboard"
| #define PACKAGE_VERSION "0.1"
| #define PACKAGE_STRING "matchbox-keyboard 0.1"
| #define PACKAGE_BUGREPORT "mallum@handhelds.org"
| #define PACKAGE "matchbox-keyboard"
| #define VERSION "0.1"
| #define _GNU_SOURCE 1
| #define STDC_HEADERS 1
| #define HAVE_SYS_TYPES_H 1
| #define HAVE_SYS_STAT_H 1
| #define HAVE_STDLIB_H 1
| #define HAVE_STRING_H 1
| #define HAVE_MEMORY_H 1
| #define HAVE_STRINGS_H 1
| #define HAVE_INTTYPES_H 1
| #define HAVE_STDINT_H 1
| #define HAVE_UNISTD_H 1
| #define HAVE_DLFCN_H 1
| #define LT_OBJDIR ".libs/"
| #define HAVE_DIRENT_H 1
| #define STDC_HEADERS 1
| #define TIME_WITH_SYS_TIME 1
| #define HAVE_ALLOCA_H 1
| #define HAVE_ALLOCA 1
| #define HAVE_FORK 1
| #define HAVE_VFORK 1
| #define HAVE_WORKING_VFORK 1
| #define HAVE_WORKING_FORK 1
| #define HAVE_SYS_SELECT_H 1
| #define HAVE_SYS_SOCKET_H 1
| #define SELECT_TYPE_ARG1 int
| #define SELECT_TYPE_ARG234 (fd_set *)
| #define SELECT_TYPE_ARG5 (struct timeval *)
| /* end confdefs.h.  */
| #include <sys/types.h>
| #include <signal.h>
| 
| int
| main ()
| {
| return *(signal (0, 0)) (0) == 1;
|   ;
|   return 0;
| }
configure:13502: result: void
configure:13510: checking whether lstat dereferences a symlink specified with a trailing slash
configure:13546: gcc -o conftest -g -O2   conftest.c  >&5
configure:13549: $? = 0
configure:13555: ./conftest
configure:13558: $? = 0
configure:13581: result: yes
configure:13600: checking whether stat accepts an empty string
configure:13630: gcc -o conftest -g -O2   conftest.c  >&5
configure:13633: $? = 0
configure:13639: ./conftest
configure:13642: $? = 0
configure:13658: result: no
configure:13806: checking for pkg-config
configure:13824: found /usr/bin/pkg-config
configure:13836: result: /usr/bin/pkg-config
configure:13865: checking pkg-config is at least version 0.9.0
configure:13868: result: yes
configure:13879: checking for FAKEKEY
configure:13887: $PKG_CONFIG --exists --print-errors "libfakekey"
configure:13890: $? = 0
configure:13905: $PKG_CONFIG --exists --print-errors "libfakekey"
configure:13908: $? = 0
configure:13948: result: yes
configure:14030: checking for XFT
configure:14038: $PKG_CONFIG --exists --print-errors "xft"
configure:14041: $? = 0
configure:14056: $PKG_CONFIG --exists --print-errors "xft"
configure:14059: $? = 0
configure:14099: result: yes
configure:14389: checking expat.h usability
configure:14406: gcc -c -g -O2   conftest.c >&5
configure:14412: $? = 0
configure:14426: result: yes
configure:14430: checking expat.h presence
configure:14445: gcc -E   conftest.c
configure:14451: $? = 0
configure:14465: result: yes
configure:14498: checking for expat.h
configure:14505: result: yes
configure:14676: checking for XML_ParserCreate
configure:14732: gcc -o conftest -g -O2    conftest.c  -lexpat >&5
configure:14738: $? = 0
configure:14756: result: yes
configure:14794: checking for libpng12
configure:14798: result: yes
configure:15064: creating ./config.status

## ---------------- ##
## Cache variables. ##
## ---------------- ##

ac_cv_build=i686-pc-linux-gnu
ac_cv_c_compiler_gnu=yes
ac_cv_c_const=yes
ac_cv_env_APPLET_CFLAGS_set=
ac_cv_env_APPLET_CFLAGS_value=
ac_cv_env_APPLET_LIBS_set=
ac_cv_env_APPLET_LIBS_value=
ac_cv_env_CAIRO_CFLAGS_set=
ac_cv_env_CAIRO_CFLAGS_value=
ac_cv_env_CAIRO_LIBS_set=
ac_cv_env_CAIRO_LIBS_value=
ac_cv_env_CC_set=
ac_cv_env_CC_value=
ac_cv_env_CFLAGS_set=
ac_cv_env_CFLAGS_value=
ac_cv_env_CPPFLAGS_set=
ac_cv_env_CPPFLAGS_value=
ac_cv_env_CPP_set=
ac_cv_env_CPP_value=
ac_cv_env_FAKEKEY_CFLAGS_set=
ac_cv_env_FAKEKEY_CFLAGS_value=
ac_cv_env_FAKEKEY_LIBS_set=
ac_cv_env_FAKEKEY_LIBS_value=
ac_cv_env_GTK2_CFLAGS_set=
ac_cv_env_GTK2_CFLAGS_value=
ac_cv_env_GTK2_LIBS_set=
ac_cv_env_GTK2_LIBS_value=
ac_cv_env_LDFLAGS_set=
ac_cv_env_LDFLAGS_value=
ac_cv_env_LIBS_set=
ac_cv_env_LIBS_value=
ac_cv_env_PKG_CONFIG_set=
ac_cv_env_PKG_CONFIG_value=
ac_cv_env_XFT_CFLAGS_set=
ac_cv_env_XFT_CFLAGS_value=
ac_cv_env_XFT_LIBS_set=
ac_cv_env_XFT_LIBS_value=
ac_cv_env_build_alias_set=
ac_cv_env_build_alias_value=
ac_cv_env_host_alias_set=
ac_cv_env_host_alias_value=
ac_cv_env_target_alias_set=
ac_cv_env_target_alias_value=
ac_cv_func_XML_ParserCreate=yes
ac_cv_func_alloca_works=yes
ac_cv_func_closedir_void=no
ac_cv_func_fork=yes
ac_cv_func_fork_works=yes
ac_cv_func_lstat_dereferences_slashed_symlink=yes
ac_cv_func_select_args='int,fd_set *,struct timeval *'
ac_cv_func_stat_empty_string_bug=no
ac_cv_func_vfork=yes
ac_cv_func_vfork_works=yes
ac_cv_header_dirent_dirent_h=yes
ac_cv_header_dlfcn_h=yes
ac_cv_header_expat_h=yes
ac_cv_header_inttypes_h=yes
ac_cv_header_memory_h=yes
ac_cv_header_stdc=yes
ac_cv_header_stdint_h=yes
ac_cv_header_stdlib_h=yes
ac_cv_header_string_h=yes
ac_cv_header_strings_h=yes
ac_cv_header_sys_select_h=yes
ac_cv_header_sys_socket_h=yes
ac_cv_header_sys_stat_h=yes
ac_cv_header_sys_types_h=yes
ac_cv_header_time=yes
ac_cv_header_unistd_h=yes
ac_cv_header_vfork_h=no
ac_cv_host=i686-pc-linux-gnu
ac_cv_objext=o
ac_cv_path_EGREP='/bin/grep -E'
ac_cv_path_FGREP='/bin/grep -F'
ac_cv_path_GREP=/bin/grep
ac_cv_path_SED=/bin/sed
ac_cv_path_ac_pt_PKG_CONFIG=/usr/bin/pkg-config
ac_cv_path_install='/usr/bin/install -c'
ac_cv_path_mkdir=/bin/mkdir
ac_cv_prog_AWK=mawk
ac_cv_prog_CPP='gcc -E'
ac_cv_prog_ac_ct_AR=ar
ac_cv_prog_ac_ct_CC=gcc
ac_cv_prog_ac_ct_RANLIB=ranlib
ac_cv_prog_ac_ct_STRIP=strip
ac_cv_prog_cc_c89=
ac_cv_prog_cc_g=yes
ac_cv_prog_make_make_set=yes
ac_cv_search_opendir='none required'
ac_cv_type_pid_t=yes
ac_cv_type_signal=void
ac_cv_working_alloca_h=yes
am_cv_CC_dependencies_compiler_type=gcc3
lt_cv_deplibs_check_method=pass_all
lt_cv_file_magic_cmd='$MAGIC_CMD'
lt_cv_file_magic_test_file=
lt_cv_ld_reload_flag=-r
lt_cv_nm_interface='BSD nm'
lt_cv_objdir=.libs
lt_cv_path_LD=/usr/bin/ld
lt_cv_path_NM='/usr/bin/nm -B'
lt_cv_prog_compiler_c_o=yes
lt_cv_prog_compiler_pic_works=yes
lt_cv_prog_compiler_rtti_exceptions=no
lt_cv_prog_compiler_static_works=yes
lt_cv_prog_gnu_ld=yes
lt_cv_sys_global_symbol_pipe='sed -n -e '\''s/^.*[	 ]\([ABCDGIRSTW][ABCDGIRSTW]*\)[	 ][	 ]*\([_A-Za-z][_A-Za-z0-9]*\)$/\1 \2 \2/p'\'''
lt_cv_sys_global_symbol_to_c_name_address='sed -n -e '\''s/^: \([^ ]*\) $/  {\"\1\", (void *) 0},/p'\'' -e '\''s/^[ABCDGIRSTW]* \([^ ]*\) \([^ ]*\)$/  {"\2", (void *) \&\2},/p'\'''
lt_cv_sys_global_symbol_to_c_name_address_lib_prefix='sed -n -e '\''s/^: \([^ ]*\) $/  {\"\1\", (void *) 0},/p'\'' -e '\''s/^[ABCDGIRSTW]* \([^ ]*\) \(lib[^ ]*\)$/  {"\2", (void *) \&\2},/p'\'' -e '\''s/^[ABCDGIRSTW]* \([^ ]*\) \([^ ]*\)$/  {"lib\2", (void *) \&\2},/p'\'''
lt_cv_sys_global_symbol_to_cdecl='sed -n -e '\''s/^T .* \(.*\)$/extern int \1();/p'\'' -e '\''s/^[ABCDGIRSTW]* .* \(.*\)$/extern char \1;/p'\'''
lt_cv_sys_max_cmd_len=98304
pkg_cv_FAKEKEY_CFLAGS=' '
pkg_cv_FAKEKEY_LIBS='-lX11 -lXtst -lfakekey  '
pkg_cv_XFT_CFLAGS='-I/usr/include/freetype2  '
pkg_cv_XFT_LIBS='-lXft -lfontconfig  '

## ----------------- ##
## Output variables. ##
## ----------------- ##

ACLOCAL='${SHELL} /home/rack/workspace/matchbox-keyboard-0.1+svn20080701/missing --run aclocal-1.10'
ALLOCA=''
AMDEPBACKSLASH='\'
AMDEP_FALSE='#'
AMDEP_TRUE=''
AMTAR='${SHELL} /home/rack/workspace/matchbox-keyboard-0.1+svn20080701/missing --run tar'
APPLET_CFLAGS=''
APPLET_LIBS=''
AR='ar'
AUTOCONF='${SHELL} /home/rack/workspace/matchbox-keyboard-0.1+svn20080701/missing --run autoconf'
AUTOHEADER='${SHELL} /home/rack/workspace/matchbox-keyboard-0.1+svn20080701/missing --run autoheader'
AUTOMAKE='${SHELL} /home/rack/workspace/matchbox-keyboard-0.1+svn20080701/missing --run automake-1.10'
AWK='mawk'
CAIRO_CFLAGS=''
CAIRO_LIBS=''
CC='gcc'
CCDEPMODE='depmode=gcc3'
CFLAGS='-g -O2'
CPP='gcc -E'
CPPFLAGS=''
CYGPATH_W='echo'
DEFS='-DHAVE_CONFIG_H'
DEPDIR='.deps'
DSYMUTIL=''
DUMPBIN=''
ECHO_C=''
ECHO_N='-n'
ECHO_T=''
EGREP='/bin/grep -E'
EXEEXT=''
EXPAT_CFLAGS=''
EXPAT_LIBS='-lexpat'
FAKEKEY_CFLAGS='-g -Wall -fno-strict-aliasing  '
FAKEKEY_LIBS='-lX11 -lXtst -lfakekey  '
FGREP='/bin/grep -F'
GREP='/bin/grep'
GTK2_CFLAGS=''
GTK2_LIBS=''
GTK_VERSION=''
HAVE_EXPAT='1'
HAVE_XMLPARSE_H=''
INSTALL_DATA='${INSTALL} -m 644'
INSTALL_PROGRAM='${INSTALL}'
INSTALL_SCRIPT='${INSTALL}'
INSTALL_STRIP_PROGRAM='$(install_sh) -c -s'
LD='/usr/bin/ld'
LDFLAGS=''
LIBOBJS=''
LIBS=''
LIBTOOL='$(SHELL) $(top_builddir)/libtool'
LIPO=''
LN_S='ln -s'
LTLIBOBJS=''
MAKEINFO='${SHELL} /home/rack/workspace/matchbox-keyboard-0.1+svn20080701/missing --run makeinfo'
NM='/usr/bin/nm -B'
NMEDIT=''
OBJEXT='o'
OTOOL64=''
OTOOL=''
PACKAGE='matchbox-keyboard'
PACKAGE_BUGREPORT='mallum@handhelds.org'
PACKAGE_NAME='matchbox-keyboard'
PACKAGE_STRING='matchbox-keyboard 0.1'
PACKAGE_TARNAME='matchbox-keyboard'
PACKAGE_VERSION='0.1'
PATH_SEPARATOR=':'
PKG_CONFIG='/usr/bin/pkg-config'
PNG_CFLAGS='-I/usr/include/libpng12  '
PNG_LIBS='-lpng12  '
RANLIB='ranlib'
SED='/bin/sed'
SET_MAKE=''
SHELL='/bin/bash'
STRIP='strip'
VERSION='0.1'
WANT_APPLET_FALSE=''
WANT_APPLET_TRUE='#'
WANT_CAIRO_FALSE=''
WANT_CAIRO_TRUE='#'
WANT_EXAMPLES_FALSE=''
WANT_EXAMPLES_TRUE='#'
WANT_IM_FALSE=''
WANT_IM_TRUE='#'
XFT_CFLAGS='-I/usr/include/freetype2  '
XFT_LIBS='-lXft -lfontconfig  '
ac_ct_CC='gcc'
ac_ct_DUMPBIN=''
am__fastdepCC_FALSE='#'
am__fastdepCC_TRUE=''
am__include='include'
am__isrc=''
am__leading_dot='.'
am__quote=''
am__tar='${AMTAR} chof - "$$tardir"'
am__untar='${AMTAR} xf -'
bindir='${exec_prefix}/bin'
build='i686-pc-linux-gnu'
build_alias=''
build_cpu='i686'
build_os='linux-gnu'
build_vendor='pc'
datadir='${datarootdir}'
datarootdir='${prefix}/share'
docdir='${datarootdir}/doc/${PACKAGE_TARNAME}'
dvidir='${docdir}'
exec_prefix='${prefix}'
host='i686-pc-linux-gnu'
host_alias=''
host_cpu='i686'
host_os='linux-gnu'
host_vendor='pc'
htmldir='${docdir}'
includedir='${prefix}/include'
infodir='${datarootdir}/info'
install_sh='$(SHELL) /home/rack/workspace/matchbox-keyboard-0.1+svn20080701/install-sh'
libdir='${exec_prefix}/lib'
libexecdir='${exec_prefix}/libexec'
localedir='${datarootdir}/locale'
localstatedir='${prefix}/var'
lt_ECHO='echo'
mandir='${datarootdir}/man'
mkdir_p='/bin/mkdir -p'
oldincludedir='/usr/include'
pdfdir='${docdir}'
prefix='/usr'
program_transform_name='s,x,x,'
psdir='${docdir}'
sbindir='${exec_prefix}/sbin'
sharedstatedir='${prefix}/com'
sysconfdir='${prefix}/etc'
target_alias=''

## ----------- ##
## confdefs.h. ##
## ----------- ##

#define PACKAGE_NAME "matchbox-keyboard"
#define PACKAGE_TARNAME "matchbox-keyboard"
#define PACKAGE_VERSION "0.1"
#define PACKAGE_STRING "matchbox-keyboard 0.1"
#define PACKAGE_BUGREPORT "mallum@handhelds.org"
#define PACKAGE "matchbox-keyboard"
#define VERSION "0.1"
#define _GNU_SOURCE 1
#define STDC_HEADERS 1
#define HAVE_SYS_TYPES_H 1
#define HAVE_SYS_STAT_H 1
#define HAVE_STDLIB_H 1
#define HAVE_STRING_H 1
#define HAVE_MEMORY_H 1
#define HAVE_STRINGS_H 1
#define HAVE_INTTYPES_H 1
#define HAVE_STDINT_H 1
#define HAVE_UNISTD_H 1
#define HAVE_DLFCN_H 1
#define LT_OBJDIR ".libs/"
#define HAVE_DIRENT_H 1
#define STDC_HEADERS 1
#define TIME_WITH_SYS_TIME 1
#define HAVE_ALLOCA_H 1
#define HAVE_ALLOCA 1
#define HAVE_FORK 1
#define HAVE_VFORK 1
#define HAVE_WORKING_VFORK 1
#define HAVE_WORKING_FORK 1
#define HAVE_SYS_SELECT_H 1
#define HAVE_SYS_SOCKET_H 1
#define SELECT_TYPE_ARG1 int
#define SELECT_TYPE_ARG234 (fd_set *)
#define SELECT_TYPE_ARG5 (struct timeval *)
#define RETSIGTYPE void
#define LSTAT_FOLLOWS_SLASHED_SYMLINK 1
#define HAVE_XML_PARSERCREATE 1
#define HAVE_EXPAT 1

configure: exit 0

## ---------------------- ##
## Running config.status. ##
## ---------------------- ##

This file was extended by matchbox-keyboard config.status 0.1, which was
generated by GNU Autoconf 2.61.  Invocation command line was

  CONFIG_FILES    = 
  CONFIG_HEADERS  = 
  CONFIG_LINKS    = 
  CONFIG_COMMANDS = 
  $ ./config.status 

on rack-t61

config.status:878: creating Makefile
config.status:878: creating src/Makefile
config.status:878: creating layouts/Makefile
config.status:878: creating examples/Makefile
config.status:878: creating gtk-im/Makefile
config.status:878: creating applet/Makefile
config.status:878: creating config.h
config.status:1125: config.h is unchanged
config.status:1172: executing depfiles commands
config.status:1172: executing libtool commands
