This file contains any messages produced by compilers while
running configure, to aid debugging if configure makes a mistake.

It was created by libsmbios configure 2.0.3, which was
generated by GNU Autoconf 2.61.  Invocation command line was

  $ ./configure 

## --------- ##
## Platform. ##
## --------- ##

hostname = rack-t61
uname -m = i686
uname -r = 2.6.27-9-generic
uname -s = Linux
uname -v = #1 SMP Thu Nov 20 22:15:32 UTC 2008

/usr/bin/uname -p = unknown
/bin/uname -X     = unknown

/bin/arch              = unknown
/usr/bin/arch -k       = unknown
/usr/convex/getsysinfo = unknown
/usr/bin/hostinfo      = unknown
/bin/machine           = unknown
/usr/bin/oslevel       = unknown
/bin/universe          = unknown

PATH: /home/rack/bin
PATH: /usr/local/sbin
PATH: /usr/local/bin
PATH: /usr/sbin
PATH: /usr/bin
PATH: /sbin
PATH: /bin
PATH: /usr/games


## ----------- ##
## Core tests. ##
## ----------- ##

configure:2016: checking for a BSD-compatible install
configure:2072: result: /usr/bin/install -c
configure:2083: checking whether build environment is sane
configure:2126: result: yes
configure:2154: checking for a thread-safe mkdir -p
configure:2193: result: /bin/mkdir -p
configure:2206: checking for gawk
configure:2236: result: no
configure:2206: checking for mawk
configure:2222: found /usr/bin/mawk
configure:2233: result: mawk
configure:2244: checking whether make sets $(MAKE)
configure:2265: result: yes
configure:2453: checking whether to enable maintainer-specific portions of Makefiles
configure:2462: result: no
configure:2509: checking for cppunit-config
configure:2527: found /usr/bin/cppunit-config
configure:2540: result: /usr/bin/cppunit-config
configure:2550: checking for Cppunit - version >= 1.9.6
configure:2596: result: 1.12.0
configure:2685: checking for gcc
configure:2701: found /usr/bin/gcc
configure:2712: result: gcc
configure:2950: checking for C compiler version
configure:2957: gcc --version >&5
gcc (GCC) 4.2.3 (Ubuntu 4.2.3-2ubuntu7)
Copyright (C) 2007 Free Software Foundation, Inc.
This is free software; see the source for copying conditions.  There is NO
warranty; not even for MERCHANTABILITY or FITNESS FOR A PARTICULAR PURPOSE.

configure:2960: $? = 0
configure:2967: gcc -v >&5
Using built-in specs.
Target: i486-linux-gnu
Configured with: ../src/configure -v --enable-languages=c,c++,fortran,objc,obj-c++,treelang --prefix=/usr --enable-shared --with-system-zlib --libexecdir=/usr/lib --without-included-gettext --enable-threads=posix --enable-nls --with-gxx-include-dir=/usr/include/c++/4.2 --program-suffix=-4.2 --enable-clocale=gnu --enable-libstdcxx-debug --enable-objc-gc --enable-mpfr --enable-targets=all --enable-checking=release --build=i486-linux-gnu --host=i486-linux-gnu --target=i486-linux-gnu
Thread model: posix
gcc version 4.2.3 (Ubuntu 4.2.3-2ubuntu7)
configure:2970: $? = 0
configure:2977: gcc -V >&5
gcc: '-V' option must have argument
configure:2980: $? = 1
configure:3003: checking for C compiler default output file name
configure:3030: gcc    conftest.c  >&5
configure:3033: $? = 0
configure:3071: result: a.out
configure:3088: checking whether the C compiler works
configure:3098: ./a.out
configure:3101: $? = 0
configure:3118: result: yes
configure:3125: checking whether we are cross compiling
configure:3127: result: no
configure:3130: checking for suffix of executables
configure:3137: gcc -o conftest    conftest.c  >&5
configure:3140: $? = 0
configure:3164: result: 
configure:3170: checking for suffix of object files
configure:3196: gcc -c   conftest.c >&5
configure:3199: $? = 0
configure:3222: result: o
configure:3226: checking whether we are using the GNU C compiler
configure:3255: gcc -c   conftest.c >&5
configure:3261: $? = 0
configure:3278: result: yes
configure:3283: checking whether gcc accepts -g
configure:3313: gcc -c -g  conftest.c >&5
configure:3319: $? = 0
configure:3418: result: yes
configure:3435: checking for gcc option to accept ISO C89
configure:3509: gcc  -c -g -O2  conftest.c >&5
configure:3515: $? = 0
configure:3538: result: none needed
configure:3567: checking for style of include used by make
configure:3595: result: GNU
configure:3620: checking dependency style of gcc
configure:3711: result: gcc3
configure:3727: checking whether gcc and cc understand -c and -o together
configure:3762: gcc -c conftest.c -o conftest2.o >&5
configure:3765: $? = 0
configure:3771: gcc -c conftest.c -o conftest2.o >&5
configure:3774: $? = 0
configure:3785: cc -c conftest.c >&5
configure:3788: $? = 0
configure:3796: cc -c conftest.c -o conftest2.o >&5
configure:3799: $? = 0
configure:3805: cc -c conftest.c -o conftest2.o >&5
configure:3808: $? = 0
configure:3826: result: yes
configure:3910: checking for g++
configure:3926: found /usr/bin/g++
configure:3937: result: g++
configure:3968: checking for C++ compiler version
configure:3975: g++ --version >&5
g++ (GCC) 4.2.3 (Ubuntu 4.2.3-2ubuntu7)
Copyright (C) 2007 Free Software Foundation, Inc.
This is free software; see the source for copying conditions.  There is NO
warranty; not even for MERCHANTABILITY or FITNESS FOR A PARTICULAR PURPOSE.

configure:3978: $? = 0
configure:3985: g++ -v >&5
Using built-in specs.
Target: i486-linux-gnu
Configured with: ../src/configure -v --enable-languages=c,c++,fortran,objc,obj-c++,treelang --prefix=/usr --enable-shared --with-system-zlib --libexecdir=/usr/lib --without-included-gettext --enable-threads=posix --enable-nls --with-gxx-include-dir=/usr/include/c++/4.2 --program-suffix=-4.2 --enable-clocale=gnu --enable-libstdcxx-debug --enable-objc-gc --enable-mpfr --enable-targets=all --enable-checking=release --build=i486-linux-gnu --host=i486-linux-gnu --target=i486-linux-gnu
Thread model: posix
gcc version 4.2.3 (Ubuntu 4.2.3-2ubuntu7)
configure:3988: $? = 0
configure:3995: g++ -V >&5
g++: '-V' option must have argument
configure:3998: $? = 1
configure:4001: checking whether we are using the GNU C++ compiler
configure:4030: g++ -c   conftest.cpp >&5
configure:4036: $? = 0
configure:4053: result: yes
configure:4058: checking whether g++ accepts -g
configure:4088: g++ -c -g  conftest.cpp >&5
configure:4094: $? = 0
configure:4193: result: yes
configure:4218: checking dependency style of g++
configure:4309: result: gcc3
configure:4329: checking how to run the C preprocessor
configure:4369: gcc -E  conftest.c
configure:4375: $? = 0
configure:4406: gcc -E  conftest.c
conftest.c:10:28: error: ac_nonexistent.h: No such file or directory
configure:4412: $? = 1
configure: failed program was:
| /* confdefs.h.  */
| #define PACKAGE_NAME "libsmbios"
| #define PACKAGE_TARNAME "libsmbios"
| #define PACKAGE_VERSION "2.0.3"
| #define PACKAGE_STRING "libsmbios 2.0.3"
| #define PACKAGE_BUGREPORT ""
| #define PACKAGE "libsmbios"
| #define VERSION "2.0.3"
| /* end confdefs.h.  */
| #include <ac_nonexistent.h>
configure:4445: result: gcc -E
configure:4474: gcc -E  conftest.c
configure:4480: $? = 0
configure:4511: gcc -E  conftest.c
conftest.c:10:28: error: ac_nonexistent.h: No such file or directory
configure:4517: $? = 1
configure: failed program was:
| /* confdefs.h.  */
| #define PACKAGE_NAME "libsmbios"
| #define PACKAGE_TARNAME "libsmbios"
| #define PACKAGE_VERSION "2.0.3"
| #define PACKAGE_STRING "libsmbios 2.0.3"
| #define PACKAGE_BUGREPORT ""
| #define PACKAGE "libsmbios"
| #define VERSION "2.0.3"
| /* end confdefs.h.  */
| #include <ac_nonexistent.h>
configure:4632: checking build system type
configure:4650: result: i686-pc-linux-gnu
configure:4672: checking host system type
configure:4687: result: i686-pc-linux-gnu
configure:4709: checking for a sed that does not truncate output
configure:4765: result: /bin/sed
configure:4768: checking for grep that handles long lines and -e
configure:4842: result: /bin/grep
configure:4847: checking for egrep
configure:4925: result: /bin/grep -E
configure:4941: checking for ld used by gcc
configure:5008: result: /usr/bin/ld
configure:5017: checking if the linker (/usr/bin/ld) is GNU ld
configure:5032: result: yes
configure:5037: checking for /usr/bin/ld option to reload object files
configure:5044: result: -r
configure:5062: checking for BSD-compatible nm
configure:5111: result: /usr/bin/nm -B
configure:5115: checking whether ln -s works
configure:5119: result: yes
configure:5126: checking how to recognize dependent libraries
configure:5312: result: pass_all
configure:5550: checking for ANSI C header files
configure:5580: gcc -c -g -O2  conftest.c >&5
configure:5586: $? = 0
configure:5685: gcc -o conftest -g -O2   conftest.c  >&5
configure:5688: $? = 0
configure:5694: ./conftest
configure:5697: $? = 0
configure:5714: result: yes
configure:5738: checking for sys/types.h
configure:5759: gcc -c -g -O2  conftest.c >&5
configure:5765: $? = 0
configure:5781: result: yes
configure:5738: checking for sys/stat.h
configure:5759: gcc -c -g -O2  conftest.c >&5
configure:5765: $? = 0
configure:5781: result: yes
configure:5738: checking for stdlib.h
configure:5759: gcc -c -g -O2  conftest.c >&5
configure:5765: $? = 0
configure:5781: result: yes
configure:5738: checking for string.h
configure:5759: gcc -c -g -O2  conftest.c >&5
configure:5765: $? = 0
configure:5781: result: yes
configure:5738: checking for memory.h
configure:5759: gcc -c -g -O2  conftest.c >&5
configure:5765: $? = 0
configure:5781: result: yes
configure:5738: checking for strings.h
configure:5759: gcc -c -g -O2  conftest.c >&5
configure:5765: $? = 0
configure:5781: result: yes
configure:5738: checking for inttypes.h
configure:5759: gcc -c -g -O2  conftest.c >&5
configure:5765: $? = 0
configure:5781: result: yes
configure:5738: checking for stdint.h
configure:5759: gcc -c -g -O2  conftest.c >&5
configure:5765: $? = 0
configure:5781: result: yes
configure:5738: checking for unistd.h
configure:5759: gcc -c -g -O2  conftest.c >&5
configure:5765: $? = 0
configure:5781: result: yes
configure:5808: checking dlfcn.h usability
configure:5825: gcc -c -g -O2  conftest.c >&5
configure:5831: $? = 0
configure:5845: result: yes
configure:5849: checking dlfcn.h presence
configure:5864: gcc -E  conftest.c
configure:5870: $? = 0
configure:5884: result: yes
configure:5912: checking for dlfcn.h
configure:5920: result: yes
configure:5943: checking how to run the C++ preprocessor
configure:5979: g++ -E  conftest.cpp
configure:5985: $? = 0
configure:6016: g++ -E  conftest.cpp
conftest.cpp:21:28: error: ac_nonexistent.h: No such file or directory
configure:6022: $? = 1
configure: failed program was:
| /* confdefs.h.  */
| #define PACKAGE_NAME "libsmbios"
| #define PACKAGE_TARNAME "libsmbios"
| #define PACKAGE_VERSION "2.0.3"
| #define PACKAGE_STRING "libsmbios 2.0.3"
| #define PACKAGE_BUGREPORT ""
| #define PACKAGE "libsmbios"
| #define VERSION "2.0.3"
| #define STDC_HEADERS 1
| #define HAVE_SYS_TYPES_H 1
| #define HAVE_SYS_STAT_H 1
| #define HAVE_STDLIB_H 1
| #define HAVE_STRING_H 1
| #define HAVE_MEMORY_H 1
| #define HAVE_STRINGS_H 1
| #define HAVE_INTTYPES_H 1
| #define HAVE_STDINT_H 1
| #define HAVE_UNISTD_H 1
| #define HAVE_DLFCN_H 1
| /* end confdefs.h.  */
| #include <ac_nonexistent.h>
configure:6055: result: g++ -E
configure:6084: g++ -E  conftest.cpp
configure:6090: $? = 0
configure:6121: g++ -E  conftest.cpp
conftest.cpp:21:28: error: ac_nonexistent.h: No such file or directory
configure:6127: $? = 1
configure: failed program was:
| /* confdefs.h.  */
| #define PACKAGE_NAME "libsmbios"
| #define PACKAGE_TARNAME "libsmbios"
| #define PACKAGE_VERSION "2.0.3"
| #define PACKAGE_STRING "libsmbios 2.0.3"
| #define PACKAGE_BUGREPORT ""
| #define PACKAGE "libsmbios"
| #define VERSION "2.0.3"
| #define STDC_HEADERS 1
| #define HAVE_SYS_TYPES_H 1
| #define HAVE_SYS_STAT_H 1
| #define HAVE_STDLIB_H 1
| #define HAVE_STRING_H 1
| #define HAVE_MEMORY_H 1
| #define HAVE_STRINGS_H 1
| #define HAVE_INTTYPES_H 1
| #define HAVE_STDINT_H 1
| #define HAVE_UNISTD_H 1
| #define HAVE_DLFCN_H 1
| /* end confdefs.h.  */
| #include <ac_nonexistent.h>
configure:6220: checking for g77
configure:6250: result: no
configure:6220: checking for xlf
configure:6250: result: no
configure:6220: checking for f77
configure:6250: result: no
configure:6220: checking for frt
configure:6250: result: no
configure:6220: checking for pgf77
configure:6250: result: no
configure:6220: checking for cf77
configure:6250: result: no
configure:6220: checking for fort77
configure:6250: result: no
configure:6220: checking for fl32
configure:6250: result: no
configure:6220: checking for af77
configure:6250: result: no
configure:6220: checking for xlf90
configure:6250: result: no
configure:6220: checking for f90
configure:6250: result: no
configure:6220: checking for pgf90
configure:6250: result: no
configure:6220: checking for pghpf
configure:6250: result: no
configure:6220: checking for epcf90
configure:6250: result: no
configure:6220: checking for gfortran
configure:6250: result: no
configure:6220: checking for g95
configure:6250: result: no
configure:6220: checking for xlf95
configure:6250: result: no
configure:6220: checking for f95
configure:6250: result: no
configure:6220: checking for fort
configure:6250: result: no
configure:6220: checking for ifort
configure:6250: result: no
configure:6220: checking for ifc
configure:6250: result: no
configure:6220: checking for efc
configure:6250: result: no
configure:6220: checking for pgf95
configure:6250: result: no
configure:6220: checking for lf95
configure:6250: result: no
configure:6220: checking for ftn
configure:6250: result: no
configure:6277: checking for Fortran 77 compiler version
configure:6284:  --version >&5
./configure: line 6285: --version: command not found
configure:6287: $? = 127
configure:6294:  -v >&5
./configure: line 6295: -v: command not found
configure:6297: $? = 127
configure:6304:  -V >&5
./configure: line 6305: -V: command not found
configure:6307: $? = 127
configure:6315: checking whether we are using the GNU Fortran 77 compiler
configure:6334:  -c  conftest.F >&5
./configure: line 6335: -c: command not found
configure:6340: $? = 127
configure: failed program was:
|       program main
| #ifndef __GNUC__
|        choke me
| #endif
| 
|       end
configure:6357: result: no
configure:6363: checking whether  accepts -g
configure:6380:  -c -g conftest.f >&5
./configure: line 6381: -c: command not found
configure:6386: $? = 127
configure: failed program was:
|       program main
| 
|       end
configure:6402: result: no
configure:6432: checking the maximum length of command line arguments
configure:6544: result: 98304
configure:6556: checking command to parse /usr/bin/nm -B output from gcc object
configure:6661: gcc -c -g -O2  conftest.c >&5
configure:6664: $? = 0
configure:6668: /usr/bin/nm -B conftest.o \| sed -n -e 's/^.*[ 	]\([ABCDGIRSTW][ABCDGIRSTW]*\)[ 	][ 	]*\([_A-Za-z][_A-Za-z0-9]*\)$/\1 \2 \2/p' \> conftest.nm
configure:6671: $? = 0
configure:6723: gcc -o conftest -g -O2   conftest.c conftstm.o >&5
configure:6726: $? = 0
configure:6764: result: ok
configure:6768: checking for objdir
configure:6783: result: .libs
configure:6875: checking for ar
configure:6891: found /usr/bin/ar
configure:6902: result: ar
configure:6971: checking for ranlib
configure:6987: found /usr/bin/ranlib
configure:6998: result: ranlib
configure:7067: checking for strip
configure:7083: found /usr/bin/strip
configure:7094: result: strip
configure:7380: checking if gcc supports -fno-rtti -fno-exceptions
configure:7398: gcc -c -g -O2  -fno-rtti -fno-exceptions conftest.c >&5
cc1: warning: command line option "-fno-rtti" is valid for C++/ObjC++ but not for C
configure:7402: $? = 0
configure:7415: result: no
configure:7430: checking for gcc option to produce PIC
configure:7662: result: -fPIC
configure:7670: checking if gcc PIC flag -fPIC works
configure:7688: gcc -c -g -O2  -fPIC -DPIC conftest.c >&5
configure:7692: $? = 0
configure:7705: result: yes
configure:7733: checking if gcc static flag -static works
configure:7761: result: yes
configure:7771: checking if gcc supports -c -o file.o
configure:7792: gcc -c -g -O2  -o out/conftest2.o conftest.c >&5
configure:7796: $? = 0
configure:7818: result: yes
configure:7844: checking whether the gcc linker (/usr/bin/ld) supports shared libraries
configure:8824: result: yes
configure:8845: checking whether -lc should be explicitly linked in
configure:8850: gcc -c -g -O2  conftest.c >&5
configure:8853: $? = 0
configure:8868: gcc -shared conftest.o  -v -Wl,-soname -Wl,conftest -o conftest 2\>\&1 \| grep  -lc  \>/dev/null 2\>\&1
configure:8871: $? = 0
configure:8883: result: no
configure:8891: checking dynamic linker characteristics
configure:9495: result: GNU/Linux ld.so
configure:9504: checking how to hardcode library paths into programs
configure:9529: result: immediate
configure:9543: checking whether stripping libraries is possible
configure:9548: result: yes
configure:10350: checking if libtool supports shared libraries
configure:10352: result: yes
configure:10355: checking whether to build shared libraries
configure:10376: result: yes
configure:10379: checking whether to build static libraries
configure:10383: result: yes
configure:10476: creating libtool
configure:11064: checking for ld used by g++
configure:11131: result: /usr/bin/ld
configure:11140: checking if the linker (/usr/bin/ld) is GNU ld
configure:11155: result: yes
configure:11206: checking whether the g++ linker (/usr/bin/ld) supports shared libraries
configure:12180: result: yes
configure:12198: g++ -c -g -O2  conftest.cpp >&5
configure:12201: $? = 0
configure:12353: checking for g++ option to produce PIC
configure:12637: result: -fPIC
configure:12645: checking if g++ PIC flag -fPIC works
configure:12663: g++ -c -g -O2  -fPIC -DPIC conftest.cpp >&5
configure:12667: $? = 0
configure:12680: result: yes
configure:12708: checking if g++ static flag -static works
configure:12736: result: yes
configure:12746: checking if g++ supports -c -o file.o
configure:12767: g++ -c -g -O2  -o out/conftest2.o conftest.cpp >&5
configure:12771: $? = 0
configure:12793: result: yes
configure:12819: checking whether the g++ linker (/usr/bin/ld) supports shared libraries
configure:12844: result: yes
configure:12911: checking dynamic linker characteristics
configure:13463: result: GNU/Linux ld.so
configure:13472: checking how to hardcode library paths into programs
configure:13497: result: immediate
configure:19685: checking for a BSD-compatible install
configure:19741: result: /usr/bin/install -c
configure:19756: checking for ANSI C header files
configure:19920: result: yes
configure:19950: checking libintl.h usability
configure:19967: gcc -c -g -O2  conftest.c >&5
configure:19973: $? = 0
configure:19987: result: yes
configure:19991: checking libintl.h presence
configure:20006: gcc -E  conftest.c
configure:20012: $? = 0
configure:20026: result: yes
configure:20054: checking for libintl.h
configure:20062: result: yes
configure:19950: checking limits.h usability
configure:19967: gcc -c -g -O2  conftest.c >&5
configure:19973: $? = 0
configure:19987: result: yes
configure:19991: checking limits.h presence
configure:20006: gcc -E  conftest.c
configure:20012: $? = 0
configure:20026: result: yes
configure:20054: checking for limits.h
configure:20062: result: yes
configure:19940: checking for stdlib.h
configure:19946: result: yes
configure:19940: checking for string.h
configure:19946: result: yes
configure:19950: checking sys/file.h usability
configure:19967: gcc -c -g -O2  conftest.c >&5
configure:19973: $? = 0
configure:19987: result: yes
configure:19991: checking sys/file.h presence
configure:20006: gcc -E  conftest.c
configure:20012: $? = 0
configure:20026: result: yes
configure:20054: checking for sys/file.h
configure:20062: result: yes
configure:19940: checking for unistd.h
configure:19946: result: yes
configure:20077: checking for stdbool.h that conforms to C99
configure:20170: gcc -c -g -O2  conftest.c >&5
configure:20176: $? = 0
configure:20191: result: yes
configure:20193: checking for _Bool
configure:20223: gcc -c -g -O2  conftest.c >&5
configure:20229: $? = 0
configure:20244: result: yes
configure:20263: checking for an ANSI C-conforming const
configure:20338: gcc -c -g -O2  conftest.c >&5
configure:20344: $? = 0
configure:20359: result: yes
configure:20369: checking for inline
configure:20395: gcc -c -g -O2  conftest.c >&5
configure:20401: $? = 0
configure:20419: result: inline
configure:20438: checking for off_t
configure:20468: gcc -c -g -O2  conftest.c >&5
configure:20474: $? = 0
configure:20489: result: yes
configure:20501: checking for size_t
configure:20531: gcc -c -g -O2  conftest.c >&5
configure:20537: $? = 0
configure:20552: result: yes
configure:20564: checking for ptrdiff_t
configure:20594: gcc -c -g -O2  conftest.c >&5
configure:20600: $? = 0
configure:20615: result: yes
configure:20633: checking for stdlib.h
configure:20639: result: yes
configure:20768: checking for GNU libc compatible malloc
configure:20802: gcc -o conftest -g -O2   conftest.c  >&5
configure:20805: $? = 0
configure:20811: ./conftest
configure:20814: $? = 0
configure:20830: result: yes
configure:20858: checking for working memcmp
configure:20911: gcc -o conftest -g -O2   conftest.c  >&5
configure:20914: $? = 0
configure:20920: ./conftest
configure:20923: $? = 0
configure:20939: result: yes
configure:20954: checking for stdlib.h
configure:20960: result: yes
configure:20954: checking for unistd.h
configure:20960: result: yes
configure:21093: checking for getpagesize
configure:21149: gcc -o conftest -g -O2   conftest.c  >&5
configure:21155: $? = 0
configure:21173: result: yes
configure:21183: checking for working mmap
configure:21330: gcc -o conftest -g -O2   conftest.c  >&5
configure:21333: $? = 0
configure:21339: ./conftest
configure:21342: $? = 0
configure:21358: result: yes
configure:21380: checking for getpagesize
configure:21460: result: yes
configure:21380: checking for memmove
configure:21436: gcc -o conftest -g -O2   conftest.c  >&5
conftest.c:61: warning: conflicting types for built-in function 'memmove'
configure:21442: $? = 0
configure:21460: result: yes
configure:21380: checking for memset
configure:21436: gcc -o conftest -g -O2   conftest.c  >&5
conftest.c:62: warning: conflicting types for built-in function 'memset'
configure:21442: $? = 0
configure:21460: result: yes
configure:21380: checking for munmap
configure:21436: gcc -o conftest -g -O2   conftest.c  >&5
configure:21442: $? = 0
configure:21460: result: yes
configure:21380: checking for strerror
configure:21436: gcc -o conftest -g -O2   conftest.c  >&5
configure:21442: $? = 0
configure:21460: result: yes
configure:21380: checking for strndup
configure:21436: gcc -o conftest -g -O2   conftest.c  >&5
conftest.c:65: warning: conflicting types for built-in function 'strndup'
configure:21442: $? = 0
configure:21460: result: yes
configure:21380: checking for strtol
configure:21436: gcc -o conftest -g -O2   conftest.c  >&5
configure:21442: $? = 0
configure:21460: result: yes
configure:21380: checking for strtoul
configure:21436: gcc -o conftest -g -O2   conftest.c  >&5
configure:21442: $? = 0
configure:21460: result: yes
configure:21473: checking for doxygen
configure:21506: result: no
configure:21533: checking for dot
configure:21566: result: no
configure:21826: creating ./config.status

## ---------------------- ##
## Running config.status. ##
## ---------------------- ##

This file was extended by libsmbios config.status 2.0.3, which was
generated by GNU Autoconf 2.61.  Invocation command line was

  CONFIG_FILES    = 
  CONFIG_HEADERS  = 
  CONFIG_LINKS    = 
  CONFIG_COMMANDS = 
  $ ./config.status 

on rack-t61

config.status:672: creating Makefile
config.status:672: creating include/smbios/version.h
config.status:672: creating doc/full-documentation.dox
config.status:672: creating doc/interface-only.dox
config.status:672: creating libsmbios.spec
config.status:863: executing depfiles commands

## ---------------- ##
## Cache variables. ##
## ---------------- ##

ac_cv_build=i686-pc-linux-gnu
ac_cv_c_compiler_gnu=yes
ac_cv_c_const=yes
ac_cv_c_inline=inline
ac_cv_cxx_compiler_gnu=yes
ac_cv_env_CCC_set=
ac_cv_env_CCC_value=
ac_cv_env_CC_set=
ac_cv_env_CC_value=
ac_cv_env_CFLAGS_set=
ac_cv_env_CFLAGS_value=
ac_cv_env_CPPFLAGS_set=
ac_cv_env_CPPFLAGS_value=
ac_cv_env_CPP_set=
ac_cv_env_CPP_value=
ac_cv_env_CXXCPP_set=
ac_cv_env_CXXCPP_value=
ac_cv_env_CXXFLAGS_set=
ac_cv_env_CXXFLAGS_value=
ac_cv_env_CXX_set=
ac_cv_env_CXX_value=
ac_cv_env_F77_set=
ac_cv_env_F77_value=
ac_cv_env_FFLAGS_set=
ac_cv_env_FFLAGS_value=
ac_cv_env_LDFLAGS_set=
ac_cv_env_LDFLAGS_value=
ac_cv_env_LIBS_set=
ac_cv_env_LIBS_value=
ac_cv_env_build_alias_set=
ac_cv_env_build_alias_value=
ac_cv_env_host_alias_set=
ac_cv_env_host_alias_value=
ac_cv_env_target_alias_set=
ac_cv_env_target_alias_value=
ac_cv_f77_compiler_gnu=no
ac_cv_func_getpagesize=yes
ac_cv_func_malloc_0_nonnull=yes
ac_cv_func_memcmp_working=yes
ac_cv_func_memmove=yes
ac_cv_func_memset=yes
ac_cv_func_mmap_fixed_mapped=yes
ac_cv_func_munmap=yes
ac_cv_func_strerror=yes
ac_cv_func_strndup=yes
ac_cv_func_strtol=yes
ac_cv_func_strtoul=yes
ac_cv_header_dlfcn_h=yes
ac_cv_header_inttypes_h=yes
ac_cv_header_libintl_h=yes
ac_cv_header_limits_h=yes
ac_cv_header_memory_h=yes
ac_cv_header_stdbool_h=yes
ac_cv_header_stdc=yes
ac_cv_header_stdint_h=yes
ac_cv_header_stdlib_h=yes
ac_cv_header_string_h=yes
ac_cv_header_strings_h=yes
ac_cv_header_sys_file_h=yes
ac_cv_header_sys_stat_h=yes
ac_cv_header_sys_types_h=yes
ac_cv_header_unistd_h=yes
ac_cv_host=i686-pc-linux-gnu
ac_cv_objext=o
ac_cv_path_CPPUNIT_CONFIG=/usr/bin/cppunit-config
ac_cv_path_EGREP='/bin/grep -E'
ac_cv_path_GREP=/bin/grep
ac_cv_path_install='/usr/bin/install -c'
ac_cv_path_mkdir=/bin/mkdir
ac_cv_prog_AWK=mawk
ac_cv_prog_CPP='gcc -E'
ac_cv_prog_CXXCPP='g++ -E'
ac_cv_prog_ac_ct_AR=ar
ac_cv_prog_ac_ct_CC=gcc
ac_cv_prog_ac_ct_CXX=g++
ac_cv_prog_ac_ct_RANLIB=ranlib
ac_cv_prog_ac_ct_STRIP=strip
ac_cv_prog_cc_c89=
ac_cv_prog_cc_g=yes
ac_cv_prog_cc_gcc_c_o=yes
ac_cv_prog_cxx_g=yes
ac_cv_prog_f77_g=no
ac_cv_prog_make_make_set=yes
ac_cv_type__Bool=yes
ac_cv_type_off_t=yes
ac_cv_type_ptrdiff_t=yes
ac_cv_type_size_t=yes
am_cv_CC_dependencies_compiler_type=gcc3
am_cv_CXX_dependencies_compiler_type=gcc3
lt_cv_deplibs_check_method=pass_all
lt_cv_file_magic_cmd='$MAGIC_CMD'
lt_cv_file_magic_test_file=
lt_cv_ld_reload_flag=-r
lt_cv_objdir=.libs
lt_cv_path_LD=/usr/bin/ld
lt_cv_path_LDCXX=/usr/bin/ld
lt_cv_path_NM='/usr/bin/nm -B'
lt_cv_path_SED=/bin/sed
lt_cv_prog_compiler_c_o=yes
lt_cv_prog_compiler_c_o_CXX=yes
lt_cv_prog_compiler_rtti_exceptions=no
lt_cv_prog_gnu_ld=yes
lt_cv_prog_gnu_ldcxx=yes
lt_cv_sys_global_symbol_pipe='sed -n -e '\''s/^.*[ 	]\([ABCDGIRSTW][ABCDGIRSTW]*\)[ 	][ 	]*\([_A-Za-z][_A-Za-z0-9]*\)$/\1 \2 \2/p'\'''
lt_cv_sys_global_symbol_to_c_name_address='sed -n -e '\''s/^: \([^ ]*\) $/  {\"\1\", (lt_ptr) 0},/p'\'' -e '\''s/^[BCDEGRST] \([^ ]*\) \([^ ]*\)$/  {"\2", (lt_ptr) \&\2},/p'\'''
lt_cv_sys_global_symbol_to_cdecl='sed -n -e '\''s/^. .* \(.*\)$/extern int \1;/p'\'''
lt_cv_sys_max_cmd_len=98304
lt_lt_cv_prog_compiler_c_o='"yes"'
lt_lt_cv_prog_compiler_c_o_CXX='"yes"'
lt_lt_cv_sys_global_symbol_pipe='"sed -n -e '\''s/^.*[ 	]\\([ABCDGIRSTW][ABCDGIRSTW]*\\)[ 	][ 	]*\\([_A-Za-z][_A-Za-z0-9]*\\)\$/\\1 \\2 \\2/p'\''"'
lt_lt_cv_sys_global_symbol_to_c_name_address='"sed -n -e '\''s/^: \\([^ ]*\\) \$/  {\\\"\\1\\\", (lt_ptr) 0},/p'\'' -e '\''s/^[BCDEGRST] \\([^ ]*\\) \\([^ ]*\\)\$/  {\"\\2\", (lt_ptr) \\&\\2},/p'\''"'
lt_lt_cv_sys_global_symbol_to_cdecl='"sed -n -e '\''s/^. .* \\(.*\\)\$/extern int \\1;/p'\''"'

## ----------------- ##
## Output variables. ##
## ----------------- ##

ACLOCAL='${SHELL} /home/rack/workspace/tmp/libsmbios-2.0.3/build/missing --run aclocal-1.10'
AMDEPBACKSLASH='\'
AMDEP_FALSE='#'
AMDEP_TRUE=''
AMTAR='${SHELL} /home/rack/workspace/tmp/libsmbios-2.0.3/build/missing --run tar'
AR='ar'
AUTOCONF='${SHELL} /home/rack/workspace/tmp/libsmbios-2.0.3/build/missing --run autoconf'
AUTOHEADER='${SHELL} /home/rack/workspace/tmp/libsmbios-2.0.3/build/missing --run autoheader'
AUTOMAKE='${SHELL} /home/rack/workspace/tmp/libsmbios-2.0.3/build/missing --run automake-1.10'
AWK='mawk'
CC='gcc'
CCDEPMODE='depmode=gcc3'
CFLAGS='-g -O2'
CPP='gcc -E'
CPPFLAGS=''
CPPUNIT_CFLAGS=''
CPPUNIT_CONFIG='/usr/bin/cppunit-config'
CPPUNIT_LIBS='-lcppunit -ldl'
CXX='g++'
CXXCPP='g++ -E'
CXXDEPMODE='depmode=gcc3'
CXXFLAGS='-g -O2'
CYGPATH_W='echo'
DEFS='-DPACKAGE_NAME=\"libsmbios\" -DPACKAGE_TARNAME=\"libsmbios\" -DPACKAGE_BUGREPORT=\"\" -DPACKAGE=\"libsmbios\" -DSTDC_HEADERS=1 -DHAVE_SYS_TYPES_H=1 -DHAVE_SYS_STAT_H=1 -DHAVE_STDLIB_H=1 -DHAVE_STRING_H=1 -DHAVE_MEMORY_H=1 -DHAVE_STRINGS_H=1 -DHAVE_INTTYPES_H=1 -DHAVE_STDINT_H=1 -DHAVE_UNISTD_H=1 -DHAVE_DLFCN_H=1 -DSTDC_HEADERS=1 -DHAVE_LIBINTL_H=1 -DHAVE_LIMITS_H=1 -DHAVE_STDLIB_H=1 -DHAVE_STRING_H=1 -DHAVE_SYS_FILE_H=1 -DHAVE_UNISTD_H=1 -DHAVE__BOOL=1 -DHAVE_STDBOOL_H=1 -DHAVE_PTRDIFF_T=1 -DHAVE_STDLIB_H=1 -DHAVE_MALLOC=1 -DHAVE_STDLIB_H=1 -DHAVE_UNISTD_H=1 -DHAVE_GETPAGESIZE=1 -DHAVE_MMAP=1 -DHAVE_GETPAGESIZE=1 -DHAVE_MEMMOVE=1 -DHAVE_MEMSET=1 -DHAVE_MUNMAP=1 -DHAVE_STRERROR=1 -DHAVE_STRNDUP=1 -DHAVE_STRTOL=1 -DHAVE_STRTOUL=1 -DVERSION=\"2.0.3\" -DPACKAGE_VERSION=\"2.0.3\" -DPACKAGE_STRING=\"libsmbios\ 2.0.3\"'
DEPDIR='.deps'
DOT=''
DOXYGEN=''
ECHO='echo'
ECHO_C=''
ECHO_N='-n'
ECHO_T=''
EGREP='/bin/grep -E'
EXEEXT=''
F77=''
FFLAGS=''
GREP='/bin/grep'
HAS_DOT_FALSE=''
HAS_DOT_TRUE='#'
HAS_DOXYGEN_FALSE=''
HAS_DOXYGEN_TRUE='#'
INSTALL_DATA='${INSTALL} -m 644'
INSTALL_PROGRAM='${INSTALL}'
INSTALL_SCRIPT='${INSTALL}'
INSTALL_STRIP_PROGRAM='$(install_sh) -c -s'
LDFLAGS=''
LIBOBJS=''
LIBS=''
LIBTOOL='$(SHELL) $(top_builddir)/libtool'
LIBTOOL_AGE='0'
LIBTOOL_CURRENT='2'
LIBTOOL_REVISION='0'
LIBXML2_CFLAGS='-I/usr/include/libxml2'
LIBXML2_LIBS='-lxml2'
LN_S='ln -s'
LTLIBOBJS=''
MAINT='#'
MAINTAINER_MODE_FALSE=''
MAINTAINER_MODE_TRUE='#'
MAKEINFO='${SHELL} /home/rack/workspace/tmp/libsmbios-2.0.3/build/missing --run makeinfo'
OBJEXT='o'
PACKAGE='libsmbios'
PACKAGE_BUGREPORT=''
PACKAGE_NAME='libsmbios'
PACKAGE_STRING='libsmbios 2.0.3'
PACKAGE_TARNAME='libsmbios'
PACKAGE_VERSION='2.0.3'
PATH_SEPARATOR=':'
RANLIB='ranlib'
RELEASE_EXTRALEVEL=''
RELEASE_MAJOR='2'
RELEASE_MINOR='0'
RELEASE_NAME='libsmbios'
RELEASE_RPM_EXTRALEVEL='%{nil}'
RELEASE_SUBLEVEL='3'
SED='/bin/sed'
SET_MAKE=''
SHELL='/bin/bash'
STRIP='strip'
VERSION='2.0.3'
ac_ct_CC='gcc'
ac_ct_CXX='g++'
ac_ct_F77=''
am__fastdepCC_FALSE='#'
am__fastdepCC_TRUE=''
am__fastdepCXX_FALSE='#'
am__fastdepCXX_TRUE=''
am__include='include'
am__isrc=''
am__leading_dot='.'
am__quote=''
am__tar='${AMTAR} chof - "$$tardir"'
am__untar='${AMTAR} xf -'
bindir='${exec_prefix}/bin'
build='i686-pc-linux-gnu'
build_alias=''
build_cpu='i686'
build_os='linux-gnu'
build_vendor='pc'
datadir='${datarootdir}'
datarootdir='${prefix}/share'
docdir='${datarootdir}/doc/${PACKAGE_TARNAME}'
dvidir='${docdir}'
exec_prefix='${prefix}'
host='i686-pc-linux-gnu'
host_alias=''
host_cpu='i686'
host_os='linux-gnu'
host_vendor='pc'
htmldir='${docdir}'
includedir='${prefix}/include'
infodir='${datarootdir}/info'
install_sh='$(SHELL) /home/rack/workspace/tmp/libsmbios-2.0.3/build/install-sh'
libdir='${exec_prefix}/lib'
libexecdir='${exec_prefix}/libexec'
localedir='${datarootdir}/locale'
localstatedir='${prefix}/var'
mandir='${datarootdir}/man'
mkdir_p='/bin/mkdir -p'
oldincludedir='/usr/include'
pdfdir='${docdir}'
prefix='/usr/local'
program_transform_name='s,x,x,'
psdir='${docdir}'
sbindir='${exec_prefix}/sbin'
sharedstatedir='${prefix}/com'
sysconfdir='${prefix}/etc'
target_alias=''

## ----------- ##
## confdefs.h. ##
## ----------- ##

#define PACKAGE_NAME "libsmbios"
#define PACKAGE_TARNAME "libsmbios"
#define PACKAGE_BUGREPORT ""
#define PACKAGE "libsmbios"
#define STDC_HEADERS 1
#define HAVE_SYS_TYPES_H 1
#define HAVE_SYS_STAT_H 1
#define HAVE_STDLIB_H 1
#define HAVE_STRING_H 1
#define HAVE_MEMORY_H 1
#define HAVE_STRINGS_H 1
#define HAVE_INTTYPES_H 1
#define HAVE_STDINT_H 1
#define HAVE_UNISTD_H 1
#define HAVE_DLFCN_H 1
#define STDC_HEADERS 1
#define HAVE_LIBINTL_H 1
#define HAVE_LIMITS_H 1
#define HAVE_STDLIB_H 1
#define HAVE_STRING_H 1
#define HAVE_SYS_FILE_H 1
#define HAVE_UNISTD_H 1
#define HAVE__BOOL 1
#define HAVE_STDBOOL_H 1
#define HAVE_PTRDIFF_T 1
#define HAVE_STDLIB_H 1
#define HAVE_MALLOC 1
#define HAVE_STDLIB_H 1
#define HAVE_UNISTD_H 1
#define HAVE_GETPAGESIZE 1
#define HAVE_MMAP 1
#define HAVE_GETPAGESIZE 1
#define HAVE_MEMMOVE 1
#define HAVE_MEMSET 1
#define HAVE_MUNMAP 1
#define HAVE_STRERROR 1
#define HAVE_STRNDUP 1
#define HAVE_STRTOL 1
#define HAVE_STRTOUL 1
#define VERSION "2.0.3"
#define PACKAGE_VERSION "2.0.3"
#define PACKAGE_STRING "libsmbios 2.0.3"

configure: exit 0
