This file contains any messages produced by compilers while
running configure, to aid debugging if configure makes a mistake.

It was created by cryptsetup configure 1.1.0, which was
generated by GNU Autoconf 2.65.  Invocation command line was

  $ ./configure --exec-prefix=/ --disable-shared-library --no-create --no-recursion

## --------- ##
## Platform. ##
## --------- ##

hostname = roundrock-dev
uname -m = i686
uname -r = 2.6.32-24-generic
uname -s = Linux
uname -v = #41-Ubuntu SMP Thu Aug 19 01:12:52 UTC 2010

/usr/bin/uname -p = unknown
/bin/uname -X     = unknown

/bin/arch              = unknown
/usr/bin/arch -k       = unknown
/usr/convex/getsysinfo = unknown
/usr/bin/hostinfo      = unknown
/bin/machine           = unknown
/usr/bin/oslevel       = unknown
/bin/universe          = unknown

PATH: /usr/local/sbin
PATH: /usr/local/bin
PATH: /usr/sbin
PATH: /usr/bin
PATH: /sbin
PATH: /bin
PATH: /usr/games
PATH: /usr/local/BerkeleyDB.5.0/bin


## ----------- ##
## Core tests. ##
## ----------- ##

configure:2517: checking for a BSD-compatible install
configure:2585: result: /usr/bin/install -c
configure:2596: checking whether build environment is sane
configure:2646: result: yes
configure:2787: checking for a thread-safe mkdir -p
configure:2826: result: /bin/mkdir -p
configure:2839: checking for gawk
configure:2855: found /usr/bin/gawk
configure:2866: result: gawk
configure:2877: checking whether make sets $(MAKE)
configure:2899: result: yes
configure:2989: checking build system type
configure:3003: result: i686-pc-linux-gnu
configure:3023: checking host system type
configure:3036: result: i686-pc-linux-gnu
configure:3068: checking for style of include used by make
configure:3096: result: GNU
configure:3166: checking for gcc
configure:3182: found /usr/bin/gcc
configure:3193: result: gcc
configure:3422: checking for C compiler version
configure:3431: gcc --version >&5
gcc (Ubuntu 4.4.3-4ubuntu5) 4.4.3
Copyright (C) 2009 Free Software Foundation, Inc.
This is free software; see the source for copying conditions.  There is NO
warranty; not even for MERCHANTABILITY or FITNESS FOR A PARTICULAR PURPOSE.

configure:3442: $? = 0
configure:3431: gcc -v >&5
Using built-in specs.
Target: i486-linux-gnu
Configured with: ../src/configure -v --with-pkgversion='Ubuntu 4.4.3-4ubuntu5' --with-bugurl=file:///usr/share/doc/gcc-4.4/README.Bugs --enable-languages=c,c++,fortran,objc,obj-c++ --prefix=/usr --enable-shared --enable-multiarch --enable-linker-build-id --with-system-zlib --libexecdir=/usr/lib --without-included-gettext --enable-threads=posix --with-gxx-include-dir=/usr/include/c++/4.4 --program-suffix=-4.4 --enable-nls --enable-clocale=gnu --enable-libstdcxx-debug --enable-plugin --enable-objc-gc --enable-targets=all --disable-werror --with-arch-32=i486 --with-tune=generic --enable-checking=release --build=i486-linux-gnu --host=i486-linux-gnu --target=i486-linux-gnu
Thread model: posix
gcc version 4.4.3 (Ubuntu 4.4.3-4ubuntu5) 
configure:3442: $? = 0
configure:3431: gcc -V >&5
gcc: '-V' option must have argument
configure:3442: $? = 1
configure:3431: gcc -qversion >&5
gcc: unrecognized option '-qversion'
gcc: no input files
configure:3442: $? = 1
configure:3462: checking whether the C compiler works
configure:3484: gcc    conftest.c  >&5
configure:3488: $? = 0
configure:3537: result: yes
configure:3540: checking for C compiler default output file name
configure:3542: result: a.out
configure:3548: checking for suffix of executables
configure:3555: gcc -o conftest    conftest.c  >&5
configure:3559: $? = 0
configure:3581: result: 
configure:3603: checking whether we are cross compiling
configure:3611: gcc -o conftest    conftest.c  >&5
configure:3615: $? = 0
configure:3622: ./conftest
configure:3626: $? = 0
configure:3641: result: no
configure:3646: checking for suffix of object files
configure:3668: gcc -c   conftest.c >&5
configure:3672: $? = 0
configure:3693: result: o
configure:3697: checking whether we are using the GNU C compiler
configure:3716: gcc -c   conftest.c >&5
configure:3716: $? = 0
configure:3725: result: yes
configure:3734: checking whether gcc accepts -g
configure:3754: gcc -c -g  conftest.c >&5
configure:3754: $? = 0
configure:3795: result: yes
configure:3812: checking for gcc option to accept ISO C89
configure:3876: gcc  -c -g -O2  conftest.c >&5
configure:3876: $? = 0
configure:3889: result: none needed
configure:3911: checking dependency style of gcc
configure:4021: result: gcc3
configure:4042: checking how to run the C preprocessor
configure:4073: gcc -E  conftest.c
configure:4073: $? = 0
configure:4087: gcc -E  conftest.c
conftest.c:11:28: error: ac_nonexistent.h: No such file or directory
configure:4087: $? = 1
configure: failed program was:
| /* confdefs.h */
| #define PACKAGE_NAME "cryptsetup"
| #define PACKAGE_TARNAME "cryptsetup"
| #define PACKAGE_VERSION "1.1.0"
| #define PACKAGE_STRING "cryptsetup 1.1.0"
| #define PACKAGE_BUGREPORT ""
| #define PACKAGE_URL ""
| #define PACKAGE "cryptsetup"
| #define VERSION "1.1.0"
| /* end confdefs.h.  */
| #include <ac_nonexistent.h>
configure:4112: result: gcc -E
configure:4132: gcc -E  conftest.c
configure:4132: $? = 0
configure:4146: gcc -E  conftest.c
conftest.c:11:28: error: ac_nonexistent.h: No such file or directory
configure:4146: $? = 1
configure: failed program was:
| /* confdefs.h */
| #define PACKAGE_NAME "cryptsetup"
| #define PACKAGE_TARNAME "cryptsetup"
| #define PACKAGE_VERSION "1.1.0"
| #define PACKAGE_STRING "cryptsetup 1.1.0"
| #define PACKAGE_BUGREPORT ""
| #define PACKAGE_URL ""
| #define PACKAGE "cryptsetup"
| #define VERSION "1.1.0"
| /* end confdefs.h.  */
| #include <ac_nonexistent.h>
configure:4175: checking for grep that handles long lines and -e
configure:4233: result: /bin/grep
configure:4238: checking for egrep
configure:4300: result: /bin/grep -E
configure:4305: checking for ANSI C header files
configure:4325: gcc -c -g -O2  conftest.c >&5
configure:4325: $? = 0
configure:4398: gcc -o conftest -g -O2   conftest.c  >&5
configure:4398: $? = 0
configure:4398: ./conftest
configure:4398: $? = 0
configure:4409: result: yes
configure:4422: checking for sys/types.h
configure:4422: gcc -c -g -O2  conftest.c >&5
configure:4422: $? = 0
configure:4422: result: yes
configure:4422: checking for sys/stat.h
configure:4422: gcc -c -g -O2  conftest.c >&5
configure:4422: $? = 0
configure:4422: result: yes
configure:4422: checking for stdlib.h
configure:4422: gcc -c -g -O2  conftest.c >&5
configure:4422: $? = 0
configure:4422: result: yes
configure:4422: checking for string.h
configure:4422: gcc -c -g -O2  conftest.c >&5
configure:4422: $? = 0
configure:4422: result: yes
configure:4422: checking for memory.h
configure:4422: gcc -c -g -O2  conftest.c >&5
configure:4422: $? = 0
configure:4422: result: yes
configure:4422: checking for strings.h
configure:4422: gcc -c -g -O2  conftest.c >&5
configure:4422: $? = 0
configure:4422: result: yes
configure:4422: checking for inttypes.h
configure:4422: gcc -c -g -O2  conftest.c >&5
configure:4422: $? = 0
configure:4422: result: yes
configure:4422: checking for stdint.h
configure:4422: gcc -c -g -O2  conftest.c >&5
configure:4422: $? = 0
configure:4422: result: yes
configure:4422: checking for unistd.h
configure:4422: gcc -c -g -O2  conftest.c >&5
configure:4422: $? = 0
configure:4422: result: yes
configure:4436: checking minix/config.h usability
configure:4436: gcc -c -g -O2  conftest.c >&5
conftest.c:54:26: error: minix/config.h: No such file or directory
configure:4436: $? = 1
configure: failed program was:
| /* confdefs.h */
| #define PACKAGE_NAME "cryptsetup"
| #define PACKAGE_TARNAME "cryptsetup"
| #define PACKAGE_VERSION "1.1.0"
| #define PACKAGE_STRING "cryptsetup 1.1.0"
| #define PACKAGE_BUGREPORT ""
| #define PACKAGE_URL ""
| #define PACKAGE "cryptsetup"
| #define VERSION "1.1.0"
| #define STDC_HEADERS 1
| #define HAVE_SYS_TYPES_H 1
| #define HAVE_SYS_STAT_H 1
| #define HAVE_STDLIB_H 1
| #define HAVE_STRING_H 1
| #define HAVE_MEMORY_H 1
| #define HAVE_STRINGS_H 1
| #define HAVE_INTTYPES_H 1
| #define HAVE_STDINT_H 1
| #define HAVE_UNISTD_H 1
| /* end confdefs.h.  */
| #include <stdio.h>
| #ifdef HAVE_SYS_TYPES_H
| # include <sys/types.h>
| #endif
| #ifdef HAVE_SYS_STAT_H
| # include <sys/stat.h>
| #endif
| #ifdef STDC_HEADERS
| # include <stdlib.h>
| # include <stddef.h>
| #else
| # ifdef HAVE_STDLIB_H
| #  include <stdlib.h>
| # endif
| #endif
| #ifdef HAVE_STRING_H
| # if !defined STDC_HEADERS && defined HAVE_MEMORY_H
| #  include <memory.h>
| # endif
| # include <string.h>
| #endif
| #ifdef HAVE_STRINGS_H
| # include <strings.h>
| #endif
| #ifdef HAVE_INTTYPES_H
| # include <inttypes.h>
| #endif
| #ifdef HAVE_STDINT_H
| # include <stdint.h>
| #endif
| #ifdef HAVE_UNISTD_H
| # include <unistd.h>
| #endif
| #include <minix/config.h>
configure:4436: result: no
configure:4436: checking minix/config.h presence
configure:4436: gcc -E  conftest.c
conftest.c:21:26: error: minix/config.h: No such file or directory
configure:4436: $? = 1
configure: failed program was:
| /* confdefs.h */
| #define PACKAGE_NAME "cryptsetup"
| #define PACKAGE_TARNAME "cryptsetup"
| #define PACKAGE_VERSION "1.1.0"
| #define PACKAGE_STRING "cryptsetup 1.1.0"
| #define PACKAGE_BUGREPORT ""
| #define PACKAGE_URL ""
| #define PACKAGE "cryptsetup"
| #define VERSION "1.1.0"
| #define STDC_HEADERS 1
| #define HAVE_SYS_TYPES_H 1
| #define HAVE_SYS_STAT_H 1
| #define HAVE_STDLIB_H 1
| #define HAVE_STRING_H 1
| #define HAVE_MEMORY_H 1
| #define HAVE_STRINGS_H 1
| #define HAVE_INTTYPES_H 1
| #define HAVE_STDINT_H 1
| #define HAVE_UNISTD_H 1
| /* end confdefs.h.  */
| #include <minix/config.h>
configure:4436: result: no
configure:4436: checking for minix/config.h
configure:4436: result: no
configure:4457: checking whether it is safe to define __EXTENSIONS__
configure:4475: gcc -c -g -O2  conftest.c >&5
configure:4475: $? = 0
configure:4482: result: yes
configure:4545: checking for gcc
configure:4572: result: gcc
configure:4801: checking for C compiler version
configure:4810: gcc --version >&5
gcc (Ubuntu 4.4.3-4ubuntu5) 4.4.3
Copyright (C) 2009 Free Software Foundation, Inc.
This is free software; see the source for copying conditions.  There is NO
warranty; not even for MERCHANTABILITY or FITNESS FOR A PARTICULAR PURPOSE.

configure:4821: $? = 0
configure:4810: gcc -v >&5
Using built-in specs.
Target: i486-linux-gnu
Configured with: ../src/configure -v --with-pkgversion='Ubuntu 4.4.3-4ubuntu5' --with-bugurl=file:///usr/share/doc/gcc-4.4/README.Bugs --enable-languages=c,c++,fortran,objc,obj-c++ --prefix=/usr --enable-shared --enable-multiarch --enable-linker-build-id --with-system-zlib --libexecdir=/usr/lib --without-included-gettext --enable-threads=posix --with-gxx-include-dir=/usr/include/c++/4.4 --program-suffix=-4.4 --enable-nls --enable-clocale=gnu --enable-libstdcxx-debug --enable-plugin --enable-objc-gc --enable-targets=all --disable-werror --with-arch-32=i486 --with-tune=generic --enable-checking=release --build=i486-linux-gnu --host=i486-linux-gnu --target=i486-linux-gnu
Thread model: posix
gcc version 4.4.3 (Ubuntu 4.4.3-4ubuntu5) 
configure:4821: $? = 0
configure:4810: gcc -V >&5
gcc: '-V' option must have argument
configure:4821: $? = 1
configure:4810: gcc -qversion >&5
gcc: unrecognized option '-qversion'
gcc: no input files
configure:4821: $? = 1
configure:4825: checking whether we are using the GNU C compiler
configure:4853: result: yes
configure:4862: checking whether gcc accepts -g
configure:4923: result: yes
configure:4940: checking for gcc option to accept ISO C89
configure:5017: result: none needed
configure:5039: checking dependency style of gcc
configure:5149: result: gcc3
configure:5165: checking whether gcc and cc understand -c and -o together
configure:5196: gcc -c conftest.c -o conftest2.o >&5
configure:5200: $? = 0
configure:5206: gcc -c conftest.c -o conftest2.o >&5
configure:5210: $? = 0
configure:5221: cc -c conftest.c >&5
configure:5225: $? = 0
configure:5233: cc -c conftest.c -o conftest2.o >&5
configure:5237: $? = 0
configure:5243: cc -c conftest.c -o conftest2.o >&5
configure:5247: $? = 0
configure:5265: result: yes
configure:5295: checking how to run the C preprocessor
configure:5365: result: gcc -E
configure:5385: gcc -E  conftest.c
configure:5385: $? = 0
configure:5399: gcc -E  conftest.c
conftest.c:26:28: error: ac_nonexistent.h: No such file or directory
configure:5399: $? = 1
configure: failed program was:
| /* confdefs.h */
| #define PACKAGE_NAME "cryptsetup"
| #define PACKAGE_TARNAME "cryptsetup"
| #define PACKAGE_VERSION "1.1.0"
| #define PACKAGE_STRING "cryptsetup 1.1.0"
| #define PACKAGE_BUGREPORT ""
| #define PACKAGE_URL ""
| #define PACKAGE "cryptsetup"
| #define VERSION "1.1.0"
| #define STDC_HEADERS 1
| #define HAVE_SYS_TYPES_H 1
| #define HAVE_SYS_STAT_H 1
| #define HAVE_STDLIB_H 1
| #define HAVE_STRING_H 1
| #define HAVE_MEMORY_H 1
| #define HAVE_STRINGS_H 1
| #define HAVE_INTTYPES_H 1
| #define HAVE_STDINT_H 1
| #define HAVE_UNISTD_H 1
| #define __EXTENSIONS__ 1
| #define _ALL_SOURCE 1
| #define _GNU_SOURCE 1
| #define _POSIX_PTHREAD_SEMANTICS 1
| #define _TANDEM_SOURCE 1
| /* end confdefs.h.  */
| #include <ac_nonexistent.h>
configure:5428: checking whether make sets $(MAKE)
configure:5450: result: yes
configure:5515: checking for a sed that does not truncate output
configure:5579: result: /bin/sed
configure:5597: checking for fgrep
configure:5659: result: /bin/grep -F
configure:5694: checking for ld used by gcc
configure:5761: result: /usr/bin/ld
configure:5768: checking if the linker (/usr/bin/ld) is GNU ld
configure:5783: result: yes
configure:5795: checking for BSD- or MS-compatible name lister (nm)
configure:5844: result: /usr/bin/nm -B
configure:5962: checking the name lister (/usr/bin/nm -B) interface
configure:5969: gcc -c -g -O2  conftest.c >&5
configure:5972: /usr/bin/nm -B "conftest.o"
configure:5975: output
00000000 B some_variable
configure:5982: result: BSD nm
configure:5985: checking whether ln -s works
configure:5989: result: yes
configure:5997: checking the maximum length of command line arguments
configure:6117: result: 805306365
configure:6134: checking whether the shell understands some XSI constructs
configure:6144: result: yes
configure:6148: checking whether the shell understands "+="
configure:6154: result: yes
configure:6189: checking for /usr/bin/ld option to reload object files
configure:6196: result: -r
configure:6265: checking for objdump
configure:6281: found /usr/bin/objdump
configure:6292: result: objdump
configure:6324: checking how to recognize dependent libraries
configure:6520: result: pass_all
configure:6580: checking for ar
configure:6596: found /usr/bin/ar
configure:6607: result: ar
configure:6685: checking for strip
configure:6701: found /usr/bin/strip
configure:6712: result: strip
configure:6784: checking for ranlib
configure:6800: found /usr/bin/ranlib
configure:6811: result: ranlib
configure:6901: checking command to parse /usr/bin/nm -B output from gcc object
configure:7019: gcc -c -g -O2  conftest.c >&5
configure:7022: $? = 0
configure:7026: /usr/bin/nm -B conftest.o \| sed -n -e 's/^.*[	 ]\([ABCDGIRSTW][ABCDGIRSTW]*\)[	 ][	 ]*\([_A-Za-z][_A-Za-z0-9]*\)$/\1 \2 \2/p' \> conftest.nm
configure:7029: $? = 0
configure:7083: gcc -o conftest -g -O2   conftest.c conftstm.o >&5
configure:7086: $? = 0
configure:7124: result: ok
configure:7929: checking for dlfcn.h
configure:7929: gcc -c -g -O2  conftest.c >&5
configure:7929: $? = 0
configure:7929: result: yes
configure:8083: checking for objdir
configure:8098: result: .libs
configure:8394: checking if gcc supports -fno-rtti -fno-exceptions
configure:8412: gcc -c -g -O2  -fno-rtti -fno-exceptions conftest.c >&5
cc1: warning: command line option "-fno-rtti" is valid for C++/ObjC++ but not for C
configure:8416: $? = 0
configure:8429: result: no
configure:8449: checking for gcc option to produce PIC
configure:8721: result: -fPIC -DPIC
configure:8733: checking if gcc PIC flag -fPIC -DPIC works
configure:8751: gcc -c -g -O2  -fPIC -DPIC -DPIC conftest.c >&5
configure:8755: $? = 0
configure:8768: result: yes
configure:8792: checking if gcc static flag -static works
configure:8820: result: yes
configure:8835: checking if gcc supports -c -o file.o
configure:8856: gcc -c -g -O2  -o out/conftest2.o conftest.c >&5
configure:8860: $? = 0
configure:8882: result: yes
configure:8890: checking if gcc supports -c -o file.o
configure:8937: result: yes
configure:8970: checking whether the gcc linker (/usr/bin/ld) supports shared libraries
configure:9961: result: yes
configure:9998: checking whether -lc should be explicitly linked in
configure:10003: gcc -c -g -O2  conftest.c >&5
configure:10006: $? = 0
configure:10021: gcc -shared conftest.o  -v -Wl,-soname -Wl,conftest -o conftest 2\>\&1 \| /bin/grep  -lc  \>/dev/null 2\>\&1
configure:10024: $? = 0
configure:10036: result: no
configure:10200: checking dynamic linker characteristics
configure:10633: gcc -o conftest -g -O2   -Wl,-rpath -Wl,/foo conftest.c  >&5
configure:10633: $? = 0
configure:10863: result: GNU/Linux ld.so
configure:10965: checking how to hardcode library paths into programs
configure:10990: result: immediate
configure:11510: checking whether stripping libraries is possible
configure:11515: result: yes
configure:11550: checking if libtool supports shared libraries
configure:11552: result: yes
configure:11555: checking whether to build shared libraries
configure:11576: result: yes
configure:11579: checking whether to build static libraries
configure:11583: result: no
configure:11622: checking for dirent.h that defines DIR
configure:11641: gcc -c -g -O2  conftest.c >&5
configure:11641: $? = 0
configure:11649: result: yes
configure:11663: checking for library containing opendir
configure:11694: gcc -o conftest -g -O2   conftest.c  >&5
configure:11694: $? = 0
configure:11711: result: none required
configure:11778: checking for ANSI C header files
configure:11882: result: yes
configure:11894: checking fcntl.h usability
configure:11894: gcc -c -g -O2  conftest.c >&5
configure:11894: $? = 0
configure:11894: result: yes
configure:11894: checking fcntl.h presence
configure:11894: gcc -E  conftest.c
configure:11894: $? = 0
configure:11894: result: yes
configure:11894: checking for fcntl.h
configure:11894: result: yes
configure:11894: checking malloc.h usability
configure:11894: gcc -c -g -O2  conftest.c >&5
configure:11894: $? = 0
configure:11894: result: yes
configure:11894: checking malloc.h presence
configure:11894: gcc -E  conftest.c
configure:11894: $? = 0
configure:11894: result: yes
configure:11894: checking for malloc.h
configure:11894: result: yes
configure:11894: checking for inttypes.h
configure:11894: result: yes
configure:11894: checking sys/ioctl.h usability
configure:11894: gcc -c -g -O2  conftest.c >&5
configure:11894: $? = 0
configure:11894: result: yes
configure:11894: checking sys/ioctl.h presence
configure:11894: gcc -E  conftest.c
configure:11894: $? = 0
configure:11894: result: yes
configure:11894: checking for sys/ioctl.h
configure:11894: result: yes
configure:11894: checking sys/mman.h usability
configure:11894: gcc -c -g -O2  conftest.c >&5
configure:11894: $? = 0
configure:11894: result: yes
configure:11894: checking sys/mman.h presence
configure:11894: gcc -E  conftest.c
configure:11894: $? = 0
configure:11894: result: yes
configure:11894: checking for sys/mman.h
configure:11894: result: yes
configure:11894: checking ctype.h usability
configure:11894: gcc -c -g -O2  conftest.c >&5
configure:11894: $? = 0
configure:11894: result: yes
configure:11894: checking ctype.h presence
configure:11894: gcc -E  conftest.c
configure:11894: $? = 0
configure:11894: result: yes
configure:11894: checking for ctype.h
configure:11894: result: yes
configure:11894: checking for unistd.h
configure:11894: result: yes
configure:11894: checking locale.h usability
configure:11894: gcc -c -g -O2  conftest.c >&5
configure:11894: $? = 0
configure:11894: result: yes
configure:11894: checking locale.h presence
configure:11894: gcc -E  conftest.c
configure:11894: $? = 0
configure:11894: result: yes
configure:11894: checking for locale.h
configure:11894: result: yes
configure:11908: checking uuid/uuid.h usability
configure:11908: gcc -c -g -O2  conftest.c >&5
configure:11908: $? = 0
configure:11908: result: yes
configure:11908: checking uuid/uuid.h presence
configure:11908: gcc -E  conftest.c
configure:11908: $? = 0
configure:11908: result: yes
configure:11908: checking for uuid/uuid.h
configure:11908: result: yes
configure:11920: checking libdevmapper.h usability
configure:11920: gcc -c -g -O2  conftest.c >&5
configure:11920: $? = 0
configure:11920: result: yes
configure:11920: checking libdevmapper.h presence
configure:11920: gcc -E  conftest.c
configure:11920: $? = 0
configure:11920: result: yes
configure:11920: checking for libdevmapper.h
configure:11920: result: yes
configure:11930: checking for uuid_clear in -luuid
configure:11955: gcc -o conftest -g -O2   conftest.c -luuid   >&5
configure:11955: $? = 0
configure:11964: result: yes
configure:11998: checking for libgcrypt-config
configure:12016: found /usr/bin/libgcrypt-config
configure:12029: result: /usr/bin/libgcrypt-config
configure:12046: checking for LIBGCRYPT - version >= 1.1.42
configure:12080: result: yes (1.4.4)
configure:12121: checking for setlocale,
configure:12121: gcc -o conftest -g -O2   conftest.c  >&5
conftest.c:42:18: warning: missing whitespace after the macro name
conftest.c:55:17: warning: extra tokens at end of #undef directive
conftest.c:63: error: expected identifier or '(' before ')' token
conftest.c:67:31: error: operator ',' has no right operand
conftest.c: In function 'main':
conftest.c:74: error: expected expression before ')' token
configure:12121: $? = 1
configure: failed program was:
| /* confdefs.h */
| #define PACKAGE_NAME "cryptsetup"
| #define PACKAGE_TARNAME "cryptsetup"
| #define PACKAGE_VERSION "1.1.0"
| #define PACKAGE_STRING "cryptsetup 1.1.0"
| #define PACKAGE_BUGREPORT ""
| #define PACKAGE_URL ""
| #define PACKAGE "cryptsetup"
| #define VERSION "1.1.0"
| #define STDC_HEADERS 1
| #define HAVE_SYS_TYPES_H 1
| #define HAVE_SYS_STAT_H 1
| #define HAVE_STDLIB_H 1
| #define HAVE_STRING_H 1
| #define HAVE_MEMORY_H 1
| #define HAVE_STRINGS_H 1
| #define HAVE_INTTYPES_H 1
| #define HAVE_STDINT_H 1
| #define HAVE_UNISTD_H 1
| #define __EXTENSIONS__ 1
| #define _ALL_SOURCE 1
| #define _GNU_SOURCE 1
| #define _POSIX_PTHREAD_SEMANTICS 1
| #define _TANDEM_SOURCE 1
| #define HAVE_DLFCN_H 1
| #define LT_OBJDIR ".libs/"
| #define HAVE_DIRENT_H 1
| #define STDC_HEADERS 1
| #define HAVE_FCNTL_H 1
| #define HAVE_MALLOC_H 1
| #define HAVE_INTTYPES_H 1
| #define HAVE_SYS_IOCTL_H 1
| #define HAVE_SYS_MMAN_H 1
| #define HAVE_CTYPE_H 1
| #define HAVE_UNISTD_H 1
| #define HAVE_LOCALE_H 1
| #define HAVE_UUID_UUID_H 1
| #define HAVE_LIBUUID 1
| /* end confdefs.h.  */
| /* Define setlocale, to an innocuous variant, in case <limits.h> declares setlocale,.
|    For example, HP-UX 11i <limits.h> declares gettimeofday.  */
| #define setlocale, innocuous_setlocale,
| 
| /* System header to define __stub macros and hopefully few prototypes,
|     which can conflict with char setlocale, (); below.
|     Prefer <limits.h> to <assert.h> if __STDC__ is defined, since
|     <limits.h> exists even on freestanding compilers.  */
| 
| #ifdef __STDC__
| # include <limits.h>
| #else
| # include <assert.h>
| #endif
| 
| #undef setlocale,
| 
| /* Override any GCC internal prototype to avoid an error.
|    Use char because int might match the return type of a GCC
|    builtin and then its argument prototype would still apply.  */
| #ifdef __cplusplus
| extern "C"
| #endif
| char setlocale, ();
| /* The GNU C library defines this for functions which it implements
|     to always fail with ENOSYS.  Some functions are actually named
|     something starting with __ and the normal name is an alias.  */
| #if defined __stub_setlocale, || defined __stub___setlocale,
| choke me
| #endif
| 
| int
| main ()
| {
| return setlocale, ();
|   ;
|   return 0;
| }
configure:12121: result: no
configure:12121: checking for posix_memalign
configure:12121: gcc -o conftest -g -O2   conftest.c  >&5
configure:12121: $? = 0
configure:12121: result: yes
configure:12132: checking for an ANSI C-conforming const
configure:12197: gcc -c -g -O2  conftest.c >&5
configure:12197: $? = 0
configure:12204: result: yes
configure:12212: checking whether byte ordering is bigendian
configure:12227: gcc -c -g -O2  conftest.c >&5
conftest.c:42: error: expected '=', ',', ';', 'asm' or '__attribute__' before 'a'
configure:12227: $? = 1
configure: failed program was:
| /* confdefs.h */
| #define PACKAGE_NAME "cryptsetup"
| #define PACKAGE_TARNAME "cryptsetup"
| #define PACKAGE_VERSION "1.1.0"
| #define PACKAGE_STRING "cryptsetup 1.1.0"
| #define PACKAGE_BUGREPORT ""
| #define PACKAGE_URL ""
| #define PACKAGE "cryptsetup"
| #define VERSION "1.1.0"
| #define STDC_HEADERS 1
| #define HAVE_SYS_TYPES_H 1
| #define HAVE_SYS_STAT_H 1
| #define HAVE_STDLIB_H 1
| #define HAVE_STRING_H 1
| #define HAVE_MEMORY_H 1
| #define HAVE_STRINGS_H 1
| #define HAVE_INTTYPES_H 1
| #define HAVE_STDINT_H 1
| #define HAVE_UNISTD_H 1
| #define __EXTENSIONS__ 1
| #define _ALL_SOURCE 1
| #define _GNU_SOURCE 1
| #define _POSIX_PTHREAD_SEMANTICS 1
| #define _TANDEM_SOURCE 1
| #define HAVE_DLFCN_H 1
| #define LT_OBJDIR ".libs/"
| #define HAVE_DIRENT_H 1
| #define STDC_HEADERS 1
| #define HAVE_FCNTL_H 1
| #define HAVE_MALLOC_H 1
| #define HAVE_INTTYPES_H 1
| #define HAVE_SYS_IOCTL_H 1
| #define HAVE_SYS_MMAN_H 1
| #define HAVE_CTYPE_H 1
| #define HAVE_UNISTD_H 1
| #define HAVE_LOCALE_H 1
| #define HAVE_UUID_UUID_H 1
| #define HAVE_LIBUUID 1
| #define HAVE_POSIX_MEMALIGN 1
| /* end confdefs.h.  */
| #ifndef __APPLE_CC__
| 	       not a universal capable compiler
| 	     #endif
| 	     typedef int dummy;
| 
configure:12272: gcc -c -g -O2  conftest.c >&5
configure:12272: $? = 0
configure:12290: gcc -c -g -O2  conftest.c >&5
conftest.c: In function 'main':
conftest.c:48: error: 'not' undeclared (first use in this function)
conftest.c:48: error: (Each undeclared identifier is reported only once
conftest.c:48: error: for each function it appears in.)
conftest.c:48: error: expected ';' before 'big'
configure:12290: $? = 1
configure: failed program was:
| /* confdefs.h */
| #define PACKAGE_NAME "cryptsetup"
| #define PACKAGE_TARNAME "cryptsetup"
| #define PACKAGE_VERSION "1.1.0"
| #define PACKAGE_STRING "cryptsetup 1.1.0"
| #define PACKAGE_BUGREPORT ""
| #define PACKAGE_URL ""
| #define PACKAGE "cryptsetup"
| #define VERSION "1.1.0"
| #define STDC_HEADERS 1
| #define HAVE_SYS_TYPES_H 1
| #define HAVE_SYS_STAT_H 1
| #define HAVE_STDLIB_H 1
| #define HAVE_STRING_H 1
| #define HAVE_MEMORY_H 1
| #define HAVE_STRINGS_H 1
| #define HAVE_INTTYPES_H 1
| #define HAVE_STDINT_H 1
| #define HAVE_UNISTD_H 1
| #define __EXTENSIONS__ 1
| #define _ALL_SOURCE 1
| #define _GNU_SOURCE 1
| #define _POSIX_PTHREAD_SEMANTICS 1
| #define _TANDEM_SOURCE 1
| #define HAVE_DLFCN_H 1
| #define LT_OBJDIR ".libs/"
| #define HAVE_DIRENT_H 1
| #define STDC_HEADERS 1
| #define HAVE_FCNTL_H 1
| #define HAVE_MALLOC_H 1
| #define HAVE_INTTYPES_H 1
| #define HAVE_SYS_IOCTL_H 1
| #define HAVE_SYS_MMAN_H 1
| #define HAVE_CTYPE_H 1
| #define HAVE_UNISTD_H 1
| #define HAVE_LOCALE_H 1
| #define HAVE_UUID_UUID_H 1
| #define HAVE_LIBUUID 1
| #define HAVE_POSIX_MEMALIGN 1
| /* end confdefs.h.  */
| #include <sys/types.h>
| 		#include <sys/param.h>
| 
| int
| main ()
| {
| #if BYTE_ORDER != BIG_ENDIAN
| 		 not big endian
| 		#endif
| 
|   ;
|   return 0;
| }
configure:12418: result: no
configure:12436: checking for off_t
configure:12436: gcc -c -g -O2  conftest.c >&5
configure:12436: $? = 0
configure:12436: gcc -c -g -O2  conftest.c >&5
conftest.c: In function 'main':
conftest.c:77: error: expected expression before ')' token
configure:12436: $? = 1
configure: failed program was:
| /* confdefs.h */
| #define PACKAGE_NAME "cryptsetup"
| #define PACKAGE_TARNAME "cryptsetup"
| #define PACKAGE_VERSION "1.1.0"
| #define PACKAGE_STRING "cryptsetup 1.1.0"
| #define PACKAGE_BUGREPORT ""
| #define PACKAGE_URL ""
| #define PACKAGE "cryptsetup"
| #define VERSION "1.1.0"
| #define STDC_HEADERS 1
| #define HAVE_SYS_TYPES_H 1
| #define HAVE_SYS_STAT_H 1
| #define HAVE_STDLIB_H 1
| #define HAVE_STRING_H 1
| #define HAVE_MEMORY_H 1
| #define HAVE_STRINGS_H 1
| #define HAVE_INTTYPES_H 1
| #define HAVE_STDINT_H 1
| #define HAVE_UNISTD_H 1
| #define __EXTENSIONS__ 1
| #define _ALL_SOURCE 1
| #define _GNU_SOURCE 1
| #define _POSIX_PTHREAD_SEMANTICS 1
| #define _TANDEM_SOURCE 1
| #define HAVE_DLFCN_H 1
| #define LT_OBJDIR ".libs/"
| #define HAVE_DIRENT_H 1
| #define STDC_HEADERS 1
| #define HAVE_FCNTL_H 1
| #define HAVE_MALLOC_H 1
| #define HAVE_INTTYPES_H 1
| #define HAVE_SYS_IOCTL_H 1
| #define HAVE_SYS_MMAN_H 1
| #define HAVE_CTYPE_H 1
| #define HAVE_UNISTD_H 1
| #define HAVE_LOCALE_H 1
| #define HAVE_UUID_UUID_H 1
| #define HAVE_LIBUUID 1
| #define HAVE_POSIX_MEMALIGN 1
| /* end confdefs.h.  */
| #include <stdio.h>
| #ifdef HAVE_SYS_TYPES_H
| # include <sys/types.h>
| #endif
| #ifdef HAVE_SYS_STAT_H
| # include <sys/stat.h>
| #endif
| #ifdef STDC_HEADERS
| # include <stdlib.h>
| # include <stddef.h>
| #else
| # ifdef HAVE_STDLIB_H
| #  include <stdlib.h>
| # endif
| #endif
| #ifdef HAVE_STRING_H
| # if !defined STDC_HEADERS && defined HAVE_MEMORY_H
| #  include <memory.h>
| # endif
| # include <string.h>
| #endif
| #ifdef HAVE_STRINGS_H
| # include <strings.h>
| #endif
| #ifdef HAVE_INTTYPES_H
| # include <inttypes.h>
| #endif
| #ifdef HAVE_STDINT_H
| # include <stdint.h>
| #endif
| #ifdef HAVE_UNISTD_H
| # include <unistd.h>
| #endif
| int
| main ()
| {
| if (sizeof ((off_t)))
| 	    return 0;
|   ;
|   return 0;
| }
configure:12436: result: yes
configure:12447: checking for struct stat.st_rdev
configure:12447: gcc -c -g -O2  conftest.c >&5
configure:12447: $? = 0
configure:12447: result: yes
configure:12467: checking for special C compiler options needed for large files
configure:12512: result: no
configure:12518: checking for _FILE_OFFSET_BITS value needed for large files
configure:12543: gcc -c -g -O2  conftest.c >&5
conftest.c:49: warning: left shift count >= width of type
conftest.c:49: warning: left shift count >= width of type
conftest.c:51: error: size of array 'off_t_is_large' is negative
configure:12543: $? = 1
configure: failed program was:
| /* confdefs.h */
| #define PACKAGE_NAME "cryptsetup"
| #define PACKAGE_TARNAME "cryptsetup"
| #define PACKAGE_VERSION "1.1.0"
| #define PACKAGE_STRING "cryptsetup 1.1.0"
| #define PACKAGE_BUGREPORT ""
| #define PACKAGE_URL ""
| #define PACKAGE "cryptsetup"
| #define VERSION "1.1.0"
| #define STDC_HEADERS 1
| #define HAVE_SYS_TYPES_H 1
| #define HAVE_SYS_STAT_H 1
| #define HAVE_STDLIB_H 1
| #define HAVE_STRING_H 1
| #define HAVE_MEMORY_H 1
| #define HAVE_STRINGS_H 1
| #define HAVE_INTTYPES_H 1
| #define HAVE_STDINT_H 1
| #define HAVE_UNISTD_H 1
| #define __EXTENSIONS__ 1
| #define _ALL_SOURCE 1
| #define _GNU_SOURCE 1
| #define _POSIX_PTHREAD_SEMANTICS 1
| #define _TANDEM_SOURCE 1
| #define HAVE_DLFCN_H 1
| #define LT_OBJDIR ".libs/"
| #define HAVE_DIRENT_H 1
| #define STDC_HEADERS 1
| #define HAVE_FCNTL_H 1
| #define HAVE_MALLOC_H 1
| #define HAVE_INTTYPES_H 1
| #define HAVE_SYS_IOCTL_H 1
| #define HAVE_SYS_MMAN_H 1
| #define HAVE_CTYPE_H 1
| #define HAVE_UNISTD_H 1
| #define HAVE_LOCALE_H 1
| #define HAVE_UUID_UUID_H 1
| #define HAVE_LIBUUID 1
| #define HAVE_POSIX_MEMALIGN 1
| #define HAVE_STRUCT_STAT_ST_RDEV 1
| #define HAVE_ST_RDEV 1
| /* end confdefs.h.  */
| #include <sys/types.h>
|  /* Check that off_t can represent 2**63 - 1 correctly.
|     We can't simply define LARGE_OFF_T to be 9223372036854775807,
|     since some C++ compilers masquerading as C compilers
|     incorrectly reject 9223372036854775807.  */
| #define LARGE_OFF_T (((off_t) 1 << 62) - 1 + ((off_t) 1 << 62))
|   int off_t_is_large[(LARGE_OFF_T % 2147483629 == 721
| 		       && LARGE_OFF_T % 2147483647 == 1)
| 		      ? 1 : -1];
| int
| main ()
| {
| 
|   ;
|   return 0;
| }
configure:12567: gcc -c -g -O2  conftest.c >&5
configure:12567: $? = 0
configure:12575: result: 64
configure:12660: checking whether gcc needs -traditional
configure:12694: result: no
configure:12704: checking whether NLS is requested
configure:12713: result: yes
configure:12751: checking for msgfmt
configure: trying /usr/bin/msgfmt...
0 translated messages.
configure:12783: result: /usr/bin/msgfmt
configure:12792: checking for gmsgfmt
configure:12823: result: /usr/bin/msgfmt
configure:12874: checking for xgettext
configure: trying /usr/bin/xgettext...
/usr/bin/xgettext: warning: file `/dev/null' extension `' is unknown; will try C
configure:12906: result: /usr/bin/xgettext
configure:12952: checking for msgmerge
configure: trying /usr/bin/msgmerge...
configure:12983: result: /usr/bin/msgmerge
configure:13037: checking for ld used by GCC
configure:13101: result: /usr/bin/ld
configure:13108: checking if the linker (/usr/bin/ld) is GNU ld
configure:13121: result: yes
configure:13128: checking for shared library run path origin
configure:13141: result: done
configure:13577: checking for CFPreferencesCopyAppValue
configure:13595: gcc -o conftest -g -O2   conftest.c  -Wl,-framework -Wl,CoreFoundation >&5
conftest.c:44:42: error: CoreFoundation/CFPreferences.h: No such file or directory
conftest.c: In function 'main':
conftest.c:48: error: 'NULL' undeclared (first use in this function)
conftest.c:48: error: (Each undeclared identifier is reported only once
conftest.c:48: error: for each function it appears in.)
configure:13595: $? = 1
configure: failed program was:
| /* confdefs.h */
| #define PACKAGE_NAME "cryptsetup"
| #define PACKAGE_TARNAME "cryptsetup"
| #define PACKAGE_VERSION "1.1.0"
| #define PACKAGE_STRING "cryptsetup 1.1.0"
| #define PACKAGE_BUGREPORT ""
| #define PACKAGE_URL ""
| #define PACKAGE "cryptsetup"
| #define VERSION "1.1.0"
| #define STDC_HEADERS 1
| #define HAVE_SYS_TYPES_H 1
| #define HAVE_SYS_STAT_H 1
| #define HAVE_STDLIB_H 1
| #define HAVE_STRING_H 1
| #define HAVE_MEMORY_H 1
| #define HAVE_STRINGS_H 1
| #define HAVE_INTTYPES_H 1
| #define HAVE_STDINT_H 1
| #define HAVE_UNISTD_H 1
| #define __EXTENSIONS__ 1
| #define _ALL_SOURCE 1
| #define _GNU_SOURCE 1
| #define _POSIX_PTHREAD_SEMANTICS 1
| #define _TANDEM_SOURCE 1
| #define HAVE_DLFCN_H 1
| #define LT_OBJDIR ".libs/"
| #define HAVE_DIRENT_H 1
| #define STDC_HEADERS 1
| #define HAVE_FCNTL_H 1
| #define HAVE_MALLOC_H 1
| #define HAVE_INTTYPES_H 1
| #define HAVE_SYS_IOCTL_H 1
| #define HAVE_SYS_MMAN_H 1
| #define HAVE_CTYPE_H 1
| #define HAVE_UNISTD_H 1
| #define HAVE_LOCALE_H 1
| #define HAVE_UUID_UUID_H 1
| #define HAVE_LIBUUID 1
| #define HAVE_POSIX_MEMALIGN 1
| #define HAVE_STRUCT_STAT_ST_RDEV 1
| #define HAVE_ST_RDEV 1
| #define _FILE_OFFSET_BITS 64
| /* end confdefs.h.  */
| #include <CoreFoundation/CFPreferences.h>
| int
| main ()
| {
| CFPreferencesCopyAppValue(NULL, NULL)
|   ;
|   return 0;
| }
configure:13604: result: no
configure:13611: checking for CFLocaleCopyCurrent
configure:13629: gcc -o conftest -g -O2   conftest.c  -Wl,-framework -Wl,CoreFoundation >&5
conftest.c:44:37: error: CoreFoundation/CFLocale.h: No such file or directory
configure:13629: $? = 1
configure: failed program was:
| /* confdefs.h */
| #define PACKAGE_NAME "cryptsetup"
| #define PACKAGE_TARNAME "cryptsetup"
| #define PACKAGE_VERSION "1.1.0"
| #define PACKAGE_STRING "cryptsetup 1.1.0"
| #define PACKAGE_BUGREPORT ""
| #define PACKAGE_URL ""
| #define PACKAGE "cryptsetup"
| #define VERSION "1.1.0"
| #define STDC_HEADERS 1
| #define HAVE_SYS_TYPES_H 1
| #define HAVE_SYS_STAT_H 1
| #define HAVE_STDLIB_H 1
| #define HAVE_STRING_H 1
| #define HAVE_MEMORY_H 1
| #define HAVE_STRINGS_H 1
| #define HAVE_INTTYPES_H 1
| #define HAVE_STDINT_H 1
| #define HAVE_UNISTD_H 1
| #define __EXTENSIONS__ 1
| #define _ALL_SOURCE 1
| #define _GNU_SOURCE 1
| #define _POSIX_PTHREAD_SEMANTICS 1
| #define _TANDEM_SOURCE 1
| #define HAVE_DLFCN_H 1
| #define LT_OBJDIR ".libs/"
| #define HAVE_DIRENT_H 1
| #define STDC_HEADERS 1
| #define HAVE_FCNTL_H 1
| #define HAVE_MALLOC_H 1
| #define HAVE_INTTYPES_H 1
| #define HAVE_SYS_IOCTL_H 1
| #define HAVE_SYS_MMAN_H 1
| #define HAVE_CTYPE_H 1
| #define HAVE_UNISTD_H 1
| #define HAVE_LOCALE_H 1
| #define HAVE_UUID_UUID_H 1
| #define HAVE_LIBUUID 1
| #define HAVE_POSIX_MEMALIGN 1
| #define HAVE_STRUCT_STAT_ST_RDEV 1
| #define HAVE_ST_RDEV 1
| #define _FILE_OFFSET_BITS 64
| /* end confdefs.h.  */
| #include <CoreFoundation/CFLocale.h>
| int
| main ()
| {
| CFLocaleCopyCurrent();
|   ;
|   return 0;
| }
configure:13638: result: no
configure:13667: checking for GNU gettext in libc
configure:13686: gcc -o conftest -g -O2   conftest.c  >&5
configure:13686: $? = 0
configure:13694: result: yes
configure:14283: checking whether to use NLS
configure:14285: result: yes
configure:14288: checking where the gettext function comes from
configure:14299: result: libc
configure:14360: checking for poptConfigFileToString in -lpopt
configure:14385: gcc -o conftest -g -O2   conftest.c -lpopt   >&5
configure:14385: $? = 0
configure:14394: result: yes
configure:14435: checking for dm_task_set_name in -ldevmapper
configure:14460: gcc -o conftest -g -O2   conftest.c -ldevmapper   >&5
configure:14460: $? = 0
configure:14469: result: yes
configure:14482: checking for dm_task_set_message in -ldevmapper
configure:14507: gcc -o conftest -g -O2   conftest.c -ldevmapper  -ldevmapper  >&5
configure:14507: $? = 0
configure:14516: result: yes
configure:14532: checking for sepol_bool_set in -lsepol
configure:14557: gcc -o conftest -g -O2   conftest.c -lsepol   >&5
configure:14557: $? = 0
configure:14566: result: yes
configure:14577: checking for is_selinux_enabled in -lselinux
configure:14602: gcc -o conftest -g -O2   conftest.c -lselinux  -lsepol  >&5
configure:14602: $? = 0
configure:14611: result: yes
configure:15074: creating ./config.status

## ---------------- ##
## Cache variables. ##
## ---------------- ##

ac_cv_build=i686-pc-linux-gnu
ac_cv_c_bigendian=no
ac_cv_c_compiler_gnu=yes
ac_cv_c_const=yes
ac_cv_env_CC_set=
ac_cv_env_CC_value=
ac_cv_env_CFLAGS_set=
ac_cv_env_CFLAGS_value=
ac_cv_env_CPPFLAGS_set=
ac_cv_env_CPPFLAGS_value=
ac_cv_env_CPP_set=
ac_cv_env_CPP_value=
ac_cv_env_LDFLAGS_set=
ac_cv_env_LDFLAGS_value=
ac_cv_env_LIBS_set=
ac_cv_env_LIBS_value=
ac_cv_env_build_alias_set=
ac_cv_env_build_alias_value=
ac_cv_env_host_alias_set=
ac_cv_env_host_alias_value=
ac_cv_env_target_alias_set=
ac_cv_env_target_alias_value=
ac_cv_func_posix_memalign=yes
ac_cv_func_setlocale_=no
ac_cv_header_ctype_h=yes
ac_cv_header_dirent_dirent_h=yes
ac_cv_header_dlfcn_h=yes
ac_cv_header_fcntl_h=yes
ac_cv_header_inttypes_h=yes
ac_cv_header_libdevmapper_h=yes
ac_cv_header_locale_h=yes
ac_cv_header_malloc_h=yes
ac_cv_header_memory_h=yes
ac_cv_header_minix_config_h=no
ac_cv_header_stdc=yes
ac_cv_header_stdint_h=yes
ac_cv_header_stdlib_h=yes
ac_cv_header_string_h=yes
ac_cv_header_strings_h=yes
ac_cv_header_sys_ioctl_h=yes
ac_cv_header_sys_mman_h=yes
ac_cv_header_sys_stat_h=yes
ac_cv_header_sys_types_h=yes
ac_cv_header_unistd_h=yes
ac_cv_header_uuid_uuid_h=yes
ac_cv_host=i686-pc-linux-gnu
ac_cv_lib_devmapper_dm_task_set_message=yes
ac_cv_lib_devmapper_dm_task_set_name=yes
ac_cv_lib_popt_poptConfigFileToString=yes
ac_cv_lib_selinux_is_selinux_enabled=yes
ac_cv_lib_sepol_sepol_bool_set=yes
ac_cv_lib_uuid_uuid_clear=yes
ac_cv_member_struct_stat_st_rdev=yes
ac_cv_objext=o
ac_cv_path_EGREP='/bin/grep -E'
ac_cv_path_FGREP='/bin/grep -F'
ac_cv_path_GMSGFMT=/usr/bin/msgfmt
ac_cv_path_GREP=/bin/grep
ac_cv_path_LIBGCRYPT_CONFIG=/usr/bin/libgcrypt-config
ac_cv_path_MSGFMT=/usr/bin/msgfmt
ac_cv_path_MSGMERGE=/usr/bin/msgmerge
ac_cv_path_SED=/bin/sed
ac_cv_path_XGETTEXT=/usr/bin/xgettext
ac_cv_path_install='/usr/bin/install -c'
ac_cv_path_mkdir=/bin/mkdir
ac_cv_prog_AWK=gawk
ac_cv_prog_CPP='gcc -E'
ac_cv_prog_ac_ct_AR=ar
ac_cv_prog_ac_ct_CC=gcc
ac_cv_prog_ac_ct_OBJDUMP=objdump
ac_cv_prog_ac_ct_RANLIB=ranlib
ac_cv_prog_ac_ct_STRIP=strip
ac_cv_prog_cc_c89=
ac_cv_prog_cc_g=yes
ac_cv_prog_cc_gcc_c_o=yes
ac_cv_prog_gcc_traditional=no
ac_cv_prog_make_make_set=yes
ac_cv_safe_to_define___extensions__=yes
ac_cv_search_opendir='none required'
ac_cv_sys_file_offset_bits=64
ac_cv_sys_largefile_CC=no
ac_cv_type_off_t=yes
acl_cv_hardcode_direct=no
acl_cv_hardcode_libdir_flag_spec='${wl}-rpath ${wl}$libdir'
acl_cv_hardcode_libdir_separator=
acl_cv_hardcode_minus_L=no
acl_cv_libext=a
acl_cv_path_LD=/usr/bin/ld
acl_cv_prog_gnu_ld=yes
acl_cv_rpath=done
acl_cv_shlibext=so
acl_cv_wl=-Wl,
am_cv_CC_dependencies_compiler_type=gcc3
gt_cv_func_CFLocaleCopyCurrent=no
gt_cv_func_CFPreferencesCopyAppValue=no
gt_cv_func_gnugettext2_libc=yes
lt_cv_deplibs_check_method=pass_all
lt_cv_file_magic_cmd='$MAGIC_CMD'
lt_cv_file_magic_test_file=
lt_cv_ld_reload_flag=-r
lt_cv_nm_interface='BSD nm'
lt_cv_objdir=.libs
lt_cv_path_LD=/usr/bin/ld
lt_cv_path_NM='/usr/bin/nm -B'
lt_cv_prog_compiler_c_o=yes
lt_cv_prog_compiler_pic_works=yes
lt_cv_prog_compiler_rtti_exceptions=no
lt_cv_prog_compiler_static_works=yes
lt_cv_prog_gnu_ld=yes
lt_cv_sys_global_symbol_pipe='sed -n -e '\''s/^.*[	 ]\([ABCDGIRSTW][ABCDGIRSTW]*\)[	 ][	 ]*\([_A-Za-z][_A-Za-z0-9]*\)$/\1 \2 \2/p'\'''
lt_cv_sys_global_symbol_to_c_name_address='sed -n -e '\''s/^: \([^ ]*\) $/  {\"\1\", (void *) 0},/p'\'' -e '\''s/^[ABCDGIRSTW]* \([^ ]*\) \([^ ]*\)$/  {"\2", (void *) \&\2},/p'\'''
lt_cv_sys_global_symbol_to_c_name_address_lib_prefix='sed -n -e '\''s/^: \([^ ]*\) $/  {\"\1\", (void *) 0},/p'\'' -e '\''s/^[ABCDGIRSTW]* \([^ ]*\) \(lib[^ ]*\)$/  {"\2", (void *) \&\2},/p'\'' -e '\''s/^[ABCDGIRSTW]* \([^ ]*\) \([^ ]*\)$/  {"lib\2", (void *) \&\2},/p'\'''
lt_cv_sys_global_symbol_to_cdecl='sed -n -e '\''s/^T .* \(.*\)$/extern int \1();/p'\'' -e '\''s/^[ABCDGIRSTW]* .* \(.*\)$/extern char \1;/p'\'''
lt_cv_sys_max_cmd_len=805306365

## ----------------- ##
## Output variables. ##
## ----------------- ##

ACLOCAL='${SHELL} /home/vivipos/roundrock/os/cryptsetup-1.1.0/missing --run aclocal-1.11'
AMDEPBACKSLASH='\'
AMDEP_FALSE='#'
AMDEP_TRUE=''
AMTAR='${SHELL} /home/vivipos/roundrock/os/cryptsetup-1.1.0/missing --run tar'
AR='ar'
AUTOCONF='${SHELL} /home/vivipos/roundrock/os/cryptsetup-1.1.0/missing --run autoconf'
AUTOHEADER='${SHELL} /home/vivipos/roundrock/os/cryptsetup-1.1.0/missing --run autoheader'
AUTOMAKE='${SHELL} /home/vivipos/roundrock/os/cryptsetup-1.1.0/missing --run automake-1.11'
AWK='gawk'
CC='gcc'
CCDEPMODE='depmode=gcc3'
CFLAGS='-g -O2'
CPP='gcc -E'
CPPFLAGS=''
CYGPATH_W='echo'
DEFS='-DHAVE_CONFIG_H'
DEPDIR='.deps'
DEVMAPPER_LIBS='-ldevmapper -ldevmapper  '
DSYMUTIL=''
DUMPBIN=''
DYNAMIC_CRYPTSETUP_FALSE='#'
DYNAMIC_CRYPTSETUP_TRUE=''
ECHO_C=''
ECHO_N='-n'
ECHO_T=''
EGREP='/bin/grep -E'
EXEEXT=''
FGREP='/bin/grep -F'
GMSGFMT='/usr/bin/msgfmt'
GMSGFMT_015='/usr/bin/msgfmt'
GREP='/bin/grep'
INSTALL_DATA='${INSTALL} -m 644'
INSTALL_PROGRAM='${INSTALL}'
INSTALL_SCRIPT='${INSTALL}'
INSTALL_STRIP_PROGRAM='$(install_sh) -c -s'
INTLLIBS=''
INTL_MACOSX_LIBS=''
LD='/usr/bin/ld'
LDFLAGS=''
LIBGCRYPT_CFLAGS=''
LIBGCRYPT_CONFIG='/usr/bin/libgcrypt-config'
LIBGCRYPT_LIBS='-lgcrypt'
LIBICONV='-liconv'
LIBINTL=''
LIBOBJS=''
LIBS=''
LIBTOOL='$(SHELL) $(top_builddir)/libtool'
LIPO=''
LN_S='ln -s'
LTLIBICONV='-liconv'
LTLIBINTL=''
LTLIBOBJS=''
MAKEINFO='${SHELL} /home/vivipos/roundrock/os/cryptsetup-1.1.0/missing --run makeinfo'
MKDIR_P='/bin/mkdir -p'
MSGFMT='/usr/bin/msgfmt'
MSGFMT_015='/usr/bin/msgfmt'
MSGMERGE='/usr/bin/msgmerge'
NM='/usr/bin/nm -B'
NMEDIT=''
OBJDUMP='objdump'
OBJEXT='o'
OTOOL64=''
OTOOL=''
PACKAGE='cryptsetup'
PACKAGE_BUGREPORT=''
PACKAGE_NAME='cryptsetup'
PACKAGE_STRING='cryptsetup 1.1.0'
PACKAGE_TARNAME='cryptsetup'
PACKAGE_URL=''
PACKAGE_VERSION='1.1.0'
PATH_SEPARATOR=':'
POPT_LIBS='-lpopt '
POSUB='po'
RANLIB='ranlib'
SED='/bin/sed'
SELINUX_STATIC_LIBS=''
SET_MAKE=''
SHELL='/bin/bash'
STATIC_CRYPTSETUP_FALSE=''
STATIC_CRYPTSETUP_TRUE='#'
STATIC_LIBRARY_FALSE='#'
STATIC_LIBRARY_TRUE=''
STRIP='strip'
USE_NLS='yes'
UUID_LIBS='-luuid '
VERSION='1.1.0'
XGETTEXT='/usr/bin/xgettext'
XGETTEXT_015='/usr/bin/xgettext'
ac_ct_CC='gcc'
ac_ct_DUMPBIN=''
am__EXEEXT_FALSE=''
am__EXEEXT_TRUE='#'
am__fastdepCC_FALSE='#'
am__fastdepCC_TRUE=''
am__include='include'
am__isrc=''
am__leading_dot='.'
am__quote=''
am__tar='${AMTAR} chof - "$$tardir"'
am__untar='${AMTAR} xf -'
bindir='${exec_prefix}/bin'
build='i686-pc-linux-gnu'
build_alias=''
build_cpu='i686'
build_os='linux-gnu'
build_vendor='pc'
datadir='${datarootdir}'
datarootdir='${prefix}/share'
docdir='${datarootdir}/doc/${PACKAGE_TARNAME}'
dvidir='${docdir}'
exec_prefix='/'
host='i686-pc-linux-gnu'
host_alias=''
host_cpu='i686'
host_os='linux-gnu'
host_vendor='pc'
htmldir='${docdir}'
includedir='${prefix}/include'
infodir='${datarootdir}/info'
install_sh='${SHELL} /home/vivipos/roundrock/os/cryptsetup-1.1.0/install-sh'
libdir='${exec_prefix}/lib'
libexecdir='${exec_prefix}/libexec'
localedir='${datarootdir}/locale'
localstatedir='${prefix}/var'
lt_ECHO='echo'
mandir='${datarootdir}/man'
mkdir_p='/bin/mkdir -p'
oldincludedir='/usr/include'
pdfdir='${docdir}'
prefix='/usr'
program_transform_name='s,x,x,'
psdir='${docdir}'
sbindir='${exec_prefix}/sbin'
sharedstatedir='${prefix}/com'
sysconfdir='/etc'
target_alias=''

## ----------- ##
## confdefs.h. ##
## ----------- ##

/* confdefs.h */
#define PACKAGE_NAME "cryptsetup"
#define PACKAGE_TARNAME "cryptsetup"
#define PACKAGE_VERSION "1.1.0"
#define PACKAGE_STRING "cryptsetup 1.1.0"
#define PACKAGE_BUGREPORT ""
#define PACKAGE_URL ""
#define PACKAGE "cryptsetup"
#define VERSION "1.1.0"
#define STDC_HEADERS 1
#define HAVE_SYS_TYPES_H 1
#define HAVE_SYS_STAT_H 1
#define HAVE_STDLIB_H 1
#define HAVE_STRING_H 1
#define HAVE_MEMORY_H 1
#define HAVE_STRINGS_H 1
#define HAVE_INTTYPES_H 1
#define HAVE_STDINT_H 1
#define HAVE_UNISTD_H 1
#define __EXTENSIONS__ 1
#define _ALL_SOURCE 1
#define _GNU_SOURCE 1
#define _POSIX_PTHREAD_SEMANTICS 1
#define _TANDEM_SOURCE 1
#define HAVE_DLFCN_H 1
#define LT_OBJDIR ".libs/"
#define HAVE_DIRENT_H 1
#define STDC_HEADERS 1
#define HAVE_FCNTL_H 1
#define HAVE_MALLOC_H 1
#define HAVE_INTTYPES_H 1
#define HAVE_SYS_IOCTL_H 1
#define HAVE_SYS_MMAN_H 1
#define HAVE_CTYPE_H 1
#define HAVE_UNISTD_H 1
#define HAVE_LOCALE_H 1
#define HAVE_UUID_UUID_H 1
#define HAVE_LIBUUID 1
#define HAVE_POSIX_MEMALIGN 1
#define HAVE_STRUCT_STAT_ST_RDEV 1
#define HAVE_ST_RDEV 1
#define _FILE_OFFSET_BITS 64
#define ENABLE_NLS 1
#define HAVE_GETTEXT 1
#define HAVE_DCGETTEXT 1
#define HAVE_LIBPOPT 1
#define HAVE_LIBDEVMAPPER 1
#define HAVE_LIBDEVMAPPER 1
#define HAVE_LIBSEPOL 1
#define HAVE_LIBSELINUX 1
#define DEFAULT_PLAIN_HASH "ripemd160"
#define DEFAULT_PLAIN_CIPHER "aes"
#define DEFAULT_PLAIN_MODE "cbc-essiv:sha256"
#define DEFAULT_PLAIN_KEYBITS 256
#define DEFAULT_LUKS1_HASH "sha1"
#define DEFAULT_LUKS1_CIPHER "aes"
#define DEFAULT_LUKS1_MODE "cbc-essiv:sha256"
#define DEFAULT_LUKS1_KEYBITS 256

configure: exit 0

## ---------------------- ##
## Running config.status. ##
## ---------------------- ##

This file was extended by cryptsetup config.status 1.1.0, which was
generated by GNU Autoconf 2.65.  Invocation command line was

  CONFIG_FILES    = 
  CONFIG_HEADERS  = 
  CONFIG_LINKS    = 
  CONFIG_COMMANDS = 
  $ ./config.status 

on roundrock-dev

config.status:1142: creating Makefile
config.status:1142: creating lib/Makefile
config.status:1142: creating lib/libcryptsetup.pc
config.status:1142: creating src/Makefile
config.status:1142: creating po/Makefile.in
config.status:1142: creating luks/Makefile
config.status:1142: creating man/Makefile
config.status:1142: creating tests/Makefile
config.status:1142: creating config.h
config.status:1314: config.h is unchanged
config.status:1362: executing depfiles commands
config.status:1362: executing libtool commands
config.status:1362: executing po-directories commands

## ---------------------- ##
## Running config.status. ##
## ---------------------- ##

This file was extended by cryptsetup config.status 1.1.0, which was
generated by GNU Autoconf 2.65.  Invocation command line was

  CONFIG_FILES    = 
  CONFIG_HEADERS  = 
  CONFIG_LINKS    = 
  CONFIG_COMMANDS = 
  $ ./config.status src/Makefile depfiles

on roundrock-dev

config.status:1142: creating src/Makefile
config.status:1362: executing depfiles commands

## ---------------------- ##
## Running config.status. ##
## ---------------------- ##

This file was extended by cryptsetup config.status 1.1.0, which was
generated by GNU Autoconf 2.65.  Invocation command line was

  CONFIG_FILES    = 
  CONFIG_HEADERS  = 
  CONFIG_LINKS    = 
  CONFIG_COMMANDS = 
  $ ./config.status src/Makefile depfiles

on roundrock-dev

config.status:1142: creating src/Makefile
config.status:1362: executing depfiles commands
