This file contains any messages produced by compilers while
running configure, to aid debugging if configure makes a mistake.

It was created by configure, which was
generated by GNU Autoconf 2.61.  Invocation command line was

  $ ./configure --enable-static

## --------- ##
## Platform. ##
## --------- ##

hostname = rack-laptop
uname -m = i686
uname -r = 2.6.28-11-generic
uname -s = Linux
uname -v = #42-Ubuntu SMP Fri Apr 17 01:57:59 UTC 2009

/usr/bin/uname -p = unknown
/bin/uname -X     = unknown

/bin/arch              = unknown
/usr/bin/arch -k       = unknown
/usr/convex/getsysinfo = unknown
/usr/bin/hostinfo      = unknown
/bin/machine           = unknown
/usr/bin/oslevel       = unknown
/bin/universe          = unknown

PATH: /home/rack/bin
PATH: /usr/local/sbin
PATH: /usr/local/bin
PATH: /usr/sbin
PATH: /usr/bin
PATH: /sbin
PATH: /bin
PATH: /usr/games


## ----------- ##
## Core tests. ##
## ----------- ##

configure:2043: checking for a BSD-compatible install
configure:2099: result: /usr/bin/install -c
configure:2110: checking whether build environment is sane
configure:2153: result: yes
configure:2218: checking for gawk
configure:2248: result: no
configure:2218: checking for mawk
configure:2234: found /usr/bin/mawk
configure:2245: result: mawk
configure:2256: checking whether make sets $(MAKE)
configure:2277: result: yes
configure:2474: checking for style of include used by make
configure:2502: result: GNU
configure:2575: checking for gcc
configure:2591: found /usr/bin/gcc
configure:2602: result: gcc
configure:2840: checking for C compiler version
configure:2847: gcc --version >&5
gcc (Ubuntu 4.3.3-5ubuntu4) 4.3.3
Copyright (C) 2008 Free Software Foundation, Inc.
This is free software; see the source for copying conditions.  There is NO
warranty; not even for MERCHANTABILITY or FITNESS FOR A PARTICULAR PURPOSE.

configure:2850: $? = 0
configure:2857: gcc -v >&5
Using built-in specs.
Target: i486-linux-gnu
Configured with: ../src/configure -v --with-pkgversion='Ubuntu 4.3.3-5ubuntu4' --with-bugurl=file:///usr/share/doc/gcc-4.3/README.Bugs --enable-languages=c,c++,fortran,objc,obj-c++ --prefix=/usr --enable-shared --with-system-zlib --libexecdir=/usr/lib --without-included-gettext --enable-threads=posix --enable-nls --with-gxx-include-dir=/usr/include/c++/4.3 --program-suffix=-4.3 --enable-clocale=gnu --enable-libstdcxx-debug --enable-objc-gc --enable-mpfr --enable-targets=all --with-tune=generic --enable-checking=release --build=i486-linux-gnu --host=i486-linux-gnu --target=i486-linux-gnu
Thread model: posix
gcc version 4.3.3 (Ubuntu 4.3.3-5ubuntu4) 
configure:2860: $? = 0
configure:2867: gcc -V >&5
gcc: '-V' option must have argument
configure:2870: $? = 1
configure:2893: checking for C compiler default output file name
configure:2920: gcc    conftest.c  >&5
configure:2923: $? = 0
configure:2961: result: a.out
configure:2978: checking whether the C compiler works
configure:2988: ./a.out
configure:2991: $? = 0
configure:3008: result: yes
configure:3015: checking whether we are cross compiling
configure:3017: result: no
configure:3020: checking for suffix of executables
configure:3027: gcc -o conftest    conftest.c  >&5
configure:3030: $? = 0
configure:3054: result: 
configure:3060: checking for suffix of object files
configure:3086: gcc -c   conftest.c >&5
configure:3089: $? = 0
configure:3112: result: o
configure:3116: checking whether we are using the GNU C compiler
configure:3145: gcc -c   conftest.c >&5
configure:3151: $? = 0
configure:3168: result: yes
configure:3173: checking whether gcc accepts -g
configure:3203: gcc -c -g  conftest.c >&5
configure:3209: $? = 0
configure:3308: result: yes
configure:3325: checking for gcc option to accept ISO C89
configure:3399: gcc  -c -g -O2  conftest.c >&5
configure:3405: $? = 0
configure:3428: result: none needed
configure:3448: checking dependency style of gcc
configure:3538: result: gcc3
configure:3568: checking for intltool >= 0.21
configure:3575: result: 0.40.6 found
configure:3585: checking for intltool-update
configure:3603: found /usr/bin/intltool-update
configure:3615: result: /usr/bin/intltool-update
configure:3625: checking for intltool-merge
configure:3643: found /usr/bin/intltool-merge
configure:3655: result: /usr/bin/intltool-merge
configure:3665: checking for intltool-extract
configure:3683: found /usr/bin/intltool-extract
configure:3695: result: /usr/bin/intltool-extract
configure:3752: checking for xgettext
configure:3770: found /usr/bin/xgettext
configure:3782: result: /usr/bin/xgettext
configure:3792: checking for msgmerge
configure:3810: found /usr/bin/msgmerge
configure:3822: result: /usr/bin/msgmerge
configure:3832: checking for msgfmt
configure:3850: found /usr/bin/msgfmt
configure:3862: result: /usr/bin/msgfmt
configure:3886: checking for perl
configure:3904: found /usr/bin/perl
configure:3916: result: /usr/bin/perl
configure:3935: checking for XML::Parser
configure:3938: result: ok
configure:3975: gcc -o conftest -g -O2   conftest.c  >&5
configure:3981: $? = 0
configure:4097: checking whether to enable maintainer-specific portions of Makefiles
configure:4106: result: no
configure:4121: checking for library containing strerror
configure:4162: gcc -o conftest -g -O2   conftest.c  >&5
configure:4168: $? = 0
configure:4196: result: none required
configure:4209: checking how to run the C preprocessor
configure:4249: gcc -E  conftest.c
configure:4255: $? = 0
configure:4286: gcc -E  conftest.c
conftest.c:10:28: error: ac_nonexistent.h: No such file or directory
configure:4292: $? = 1
configure: failed program was:
| /* confdefs.h.  */
| #define PACKAGE_NAME ""
| #define PACKAGE_TARNAME ""
| #define PACKAGE_VERSION ""
| #define PACKAGE_STRING ""
| #define PACKAGE_BUGREPORT ""
| #define PACKAGE "pmount"
| #define VERSION "0.9.18"
| /* end confdefs.h.  */
| #include <ac_nonexistent.h>
configure:4325: result: gcc -E
configure:4354: gcc -E  conftest.c
configure:4360: $? = 0
configure:4391: gcc -E  conftest.c
conftest.c:10:28: error: ac_nonexistent.h: No such file or directory
configure:4397: $? = 1
configure: failed program was:
| /* confdefs.h.  */
| #define PACKAGE_NAME ""
| #define PACKAGE_TARNAME ""
| #define PACKAGE_VERSION ""
| #define PACKAGE_STRING ""
| #define PACKAGE_BUGREPORT ""
| #define PACKAGE "pmount"
| #define VERSION "0.9.18"
| /* end confdefs.h.  */
| #include <ac_nonexistent.h>
configure:4435: checking for grep that handles long lines and -e
configure:4509: result: /bin/grep
configure:4514: checking for egrep
configure:4592: result: /bin/grep -E
configure:4597: checking for ANSI C header files
configure:4627: gcc -c -g -O2  conftest.c >&5
configure:4633: $? = 0
configure:4732: gcc -o conftest -g -O2   conftest.c  >&5
configure:4735: $? = 0
configure:4741: ./conftest
configure:4744: $? = 0
configure:4761: result: yes
configure:4849: checking build system type
configure:4867: result: i686-pc-linux-gnu
configure:4889: checking host system type
configure:4904: result: i686-pc-linux-gnu
configure:4926: checking for a sed that does not truncate output
configure:4982: result: /bin/sed
configure:4996: checking for ld used by gcc
configure:5063: result: /usr/bin/ld
configure:5072: checking if the linker (/usr/bin/ld) is GNU ld
configure:5087: result: yes
configure:5092: checking for /usr/bin/ld option to reload object files
configure:5099: result: -r
configure:5117: checking for BSD-compatible nm
configure:5166: result: /usr/bin/nm -B
configure:5170: checking whether ln -s works
configure:5174: result: yes
configure:5181: checking how to recognize dependent libraries
configure:5367: result: pass_all
configure:5620: checking for sys/types.h
configure:5641: gcc -c -g -O2  conftest.c >&5
configure:5647: $? = 0
configure:5663: result: yes
configure:5620: checking for sys/stat.h
configure:5641: gcc -c -g -O2  conftest.c >&5
configure:5647: $? = 0
configure:5663: result: yes
configure:5620: checking for stdlib.h
configure:5641: gcc -c -g -O2  conftest.c >&5
configure:5647: $? = 0
configure:5663: result: yes
configure:5620: checking for string.h
configure:5641: gcc -c -g -O2  conftest.c >&5
configure:5647: $? = 0
configure:5663: result: yes
configure:5620: checking for memory.h
configure:5641: gcc -c -g -O2  conftest.c >&5
configure:5647: $? = 0
configure:5663: result: yes
configure:5620: checking for strings.h
configure:5641: gcc -c -g -O2  conftest.c >&5
configure:5647: $? = 0
configure:5663: result: yes
configure:5620: checking for inttypes.h
configure:5641: gcc -c -g -O2  conftest.c >&5
configure:5647: $? = 0
configure:5663: result: yes
configure:5620: checking for stdint.h
configure:5641: gcc -c -g -O2  conftest.c >&5
configure:5647: $? = 0
configure:5663: result: yes
configure:5620: checking for unistd.h
configure:5641: gcc -c -g -O2  conftest.c >&5
configure:5647: $? = 0
configure:5663: result: yes
configure:5690: checking dlfcn.h usability
configure:5707: gcc -c -g -O2  conftest.c >&5
configure:5713: $? = 0
configure:5727: result: yes
configure:5731: checking dlfcn.h presence
configure:5746: gcc -E  conftest.c
configure:5752: $? = 0
configure:5766: result: yes
configure:5794: checking for dlfcn.h
configure:5802: result: yes
configure:5873: checking for g++
configure:5889: found /usr/bin/g++
configure:5900: result: g++
configure:5931: checking for C++ compiler version
configure:5938: g++ --version >&5
g++ (Ubuntu 4.3.3-5ubuntu4) 4.3.3
Copyright (C) 2008 Free Software Foundation, Inc.
This is free software; see the source for copying conditions.  There is NO
warranty; not even for MERCHANTABILITY or FITNESS FOR A PARTICULAR PURPOSE.

configure:5941: $? = 0
configure:5948: g++ -v >&5
Using built-in specs.
Target: i486-linux-gnu
Configured with: ../src/configure -v --with-pkgversion='Ubuntu 4.3.3-5ubuntu4' --with-bugurl=file:///usr/share/doc/gcc-4.3/README.Bugs --enable-languages=c,c++,fortran,objc,obj-c++ --prefix=/usr --enable-shared --with-system-zlib --libexecdir=/usr/lib --without-included-gettext --enable-threads=posix --enable-nls --with-gxx-include-dir=/usr/include/c++/4.3 --program-suffix=-4.3 --enable-clocale=gnu --enable-libstdcxx-debug --enable-objc-gc --enable-mpfr --enable-targets=all --with-tune=generic --enable-checking=release --build=i486-linux-gnu --host=i486-linux-gnu --target=i486-linux-gnu
Thread model: posix
gcc version 4.3.3 (Ubuntu 4.3.3-5ubuntu4) 
configure:5951: $? = 0
configure:5958: g++ -V >&5
g++: '-V' option must have argument
configure:5961: $? = 1
configure:5964: checking whether we are using the GNU C++ compiler
configure:5993: g++ -c   conftest.cpp >&5
configure:5999: $? = 0
configure:6016: result: yes
configure:6021: checking whether g++ accepts -g
configure:6051: g++ -c -g  conftest.cpp >&5
configure:6057: $? = 0
configure:6156: result: yes
configure:6181: checking dependency style of g++
configure:6271: result: gcc3
configure:6298: checking how to run the C++ preprocessor
configure:6334: g++ -E  conftest.cpp
configure:6340: $? = 0
configure:6371: g++ -E  conftest.cpp
conftest.cpp:21:28: error: ac_nonexistent.h: No such file or directory
configure:6377: $? = 1
configure: failed program was:
| /* confdefs.h.  */
| #define PACKAGE_NAME ""
| #define PACKAGE_TARNAME ""
| #define PACKAGE_VERSION ""
| #define PACKAGE_STRING ""
| #define PACKAGE_BUGREPORT ""
| #define PACKAGE "pmount"
| #define VERSION "0.9.18"
| #define STDC_HEADERS 1
| #define HAVE_SYS_TYPES_H 1
| #define HAVE_SYS_STAT_H 1
| #define HAVE_STDLIB_H 1
| #define HAVE_STRING_H 1
| #define HAVE_MEMORY_H 1
| #define HAVE_STRINGS_H 1
| #define HAVE_INTTYPES_H 1
| #define HAVE_STDINT_H 1
| #define HAVE_UNISTD_H 1
| #define HAVE_DLFCN_H 1
| /* end confdefs.h.  */
| #include <ac_nonexistent.h>
configure:6410: result: g++ -E
configure:6439: g++ -E  conftest.cpp
configure:6445: $? = 0
configure:6476: g++ -E  conftest.cpp
conftest.cpp:21:28: error: ac_nonexistent.h: No such file or directory
configure:6482: $? = 1
configure: failed program was:
| /* confdefs.h.  */
| #define PACKAGE_NAME ""
| #define PACKAGE_TARNAME ""
| #define PACKAGE_VERSION ""
| #define PACKAGE_STRING ""
| #define PACKAGE_BUGREPORT ""
| #define PACKAGE "pmount"
| #define VERSION "0.9.18"
| #define STDC_HEADERS 1
| #define HAVE_SYS_TYPES_H 1
| #define HAVE_SYS_STAT_H 1
| #define HAVE_STDLIB_H 1
| #define HAVE_STRING_H 1
| #define HAVE_MEMORY_H 1
| #define HAVE_STRINGS_H 1
| #define HAVE_INTTYPES_H 1
| #define HAVE_STDINT_H 1
| #define HAVE_UNISTD_H 1
| #define HAVE_DLFCN_H 1
| /* end confdefs.h.  */
| #include <ac_nonexistent.h>
configure:6575: checking for g77
configure:6605: result: no
configure:6575: checking for xlf
configure:6605: result: no
configure:6575: checking for f77
configure:6605: result: no
configure:6575: checking for frt
configure:6605: result: no
configure:6575: checking for pgf77
configure:6605: result: no
configure:6575: checking for cf77
configure:6605: result: no
configure:6575: checking for fort77
configure:6605: result: no
configure:6575: checking for fl32
configure:6605: result: no
configure:6575: checking for af77
configure:6605: result: no
configure:6575: checking for xlf90
configure:6605: result: no
configure:6575: checking for f90
configure:6605: result: no
configure:6575: checking for pgf90
configure:6605: result: no
configure:6575: checking for pghpf
configure:6605: result: no
configure:6575: checking for epcf90
configure:6605: result: no
configure:6575: checking for gfortran
configure:6605: result: no
configure:6575: checking for g95
configure:6605: result: no
configure:6575: checking for xlf95
configure:6605: result: no
configure:6575: checking for f95
configure:6605: result: no
configure:6575: checking for fort
configure:6605: result: no
configure:6575: checking for ifort
configure:6605: result: no
configure:6575: checking for ifc
configure:6605: result: no
configure:6575: checking for efc
configure:6605: result: no
configure:6575: checking for pgf95
configure:6605: result: no
configure:6575: checking for lf95
configure:6605: result: no
configure:6575: checking for ftn
configure:6605: result: no
configure:6632: checking for Fortran 77 compiler version
configure:6639:  --version >&5
./configure: line 6640: --version: command not found
configure:6642: $? = 127
configure:6649:  -v >&5
./configure: line 6650: -v: command not found
configure:6652: $? = 127
configure:6659:  -V >&5
./configure: line 6660: -V: command not found
configure:6662: $? = 127
configure:6670: checking whether we are using the GNU Fortran 77 compiler
configure:6689:  -c  conftest.F >&5
./configure: line 6690: -c: command not found
configure:6695: $? = 127
configure: failed program was:
|       program main
| #ifndef __GNUC__
|        choke me
| #endif
| 
|       end
configure:6712: result: no
configure:6718: checking whether  accepts -g
configure:6735:  -c -g conftest.f >&5
./configure: line 6736: -c: command not found
configure:6741: $? = 127
configure: failed program was:
|       program main
| 
|       end
configure:6757: result: no
configure:6786: checking the maximum length of command line arguments
configure:6898: result: 1572864
configure:6910: checking command to parse /usr/bin/nm -B output from gcc object
configure:7015: gcc -c -g -O2  conftest.c >&5
configure:7018: $? = 0
configure:7022: /usr/bin/nm -B conftest.o \| sed -n -e 's/^.*[ 	]\([ABCDGIRSTW][ABCDGIRSTW]*\)[ 	][ 	]*\([_A-Za-z][_A-Za-z0-9]*\)$/\1 \2 \2/p' \> conftest.nm
configure:7025: $? = 0
configure:7077: gcc -o conftest -g -O2   conftest.c conftstm.o >&5
configure:7080: $? = 0
configure:7118: result: ok
configure:7122: checking for objdir
configure:7137: result: .libs
configure:7229: checking for ar
configure:7245: found /usr/bin/ar
configure:7256: result: ar
configure:7325: checking for ranlib
configure:7341: found /usr/bin/ranlib
configure:7352: result: ranlib
configure:7421: checking for strip
configure:7437: found /usr/bin/strip
configure:7448: result: strip
configure:8046: checking if gcc supports -fno-rtti -fno-exceptions
configure:8064: gcc -c -g -O2  -fno-rtti -fno-exceptions conftest.c >&5
cc1: warning: command line option "-fno-rtti" is valid for C++/ObjC++ but not for C
configure:8068: $? = 0
configure:8081: result: no
configure:8096: checking for gcc option to produce PIC
configure:8328: result: -fPIC
configure:8336: checking if gcc PIC flag -fPIC works
configure:8354: gcc -c -g -O2  -fPIC -DPIC conftest.c >&5
configure:8358: $? = 0
configure:8371: result: yes
configure:8399: checking if gcc static flag -static works
configure:8427: result: yes
configure:8437: checking if gcc supports -c -o file.o
configure:8458: gcc -c -g -O2  -o out/conftest2.o conftest.c >&5
configure:8462: $? = 0
configure:8484: result: yes
configure:8510: checking whether the gcc linker (/usr/bin/ld) supports shared libraries
configure:9491: result: yes
configure:9512: checking whether -lc should be explicitly linked in
configure:9517: gcc -c -g -O2  conftest.c >&5
configure:9520: $? = 0
configure:9535: gcc -shared conftest.o  -v -Wl,-soname -Wl,conftest -o conftest 2\>\&1 \| grep  -lc  \>/dev/null 2\>\&1
configure:9538: $? = 0
configure:9550: result: no
configure:9558: checking dynamic linker characteristics
configure:10172: result: GNU/Linux ld.so
configure:10196: checking how to hardcode library paths into programs
configure:10221: result: immediate
configure:10235: checking whether stripping libraries is possible
configure:10240: result: yes
configure:11042: checking if libtool supports shared libraries
configure:11044: result: yes
configure:11047: checking whether to build shared libraries
configure:11068: result: yes
configure:11071: checking whether to build static libraries
configure:11075: result: yes
configure:11169: creating libtool
configure:11762: checking for ld used by g++
configure:11829: result: /usr/bin/ld
configure:11838: checking if the linker (/usr/bin/ld) is GNU ld
configure:11853: result: yes
configure:11904: checking whether the g++ linker (/usr/bin/ld) supports shared libraries
configure:12850: result: yes
configure:12867: g++ -c -g -O2  conftest.cpp >&5
configure:12870: $? = 0
configure:13026: checking for g++ option to produce PIC
configure:13310: result: -fPIC
configure:13318: checking if g++ PIC flag -fPIC works
configure:13336: g++ -c -g -O2  -fPIC -DPIC conftest.cpp >&5
configure:13340: $? = 0
configure:13353: result: yes
configure:13381: checking if g++ static flag -static works
configure:13409: result: yes
configure:13419: checking if g++ supports -c -o file.o
configure:13440: g++ -c -g -O2  -o out/conftest2.o conftest.cpp >&5
configure:13444: $? = 0
configure:13466: result: yes
configure:13492: checking whether the g++ linker (/usr/bin/ld) supports shared libraries
configure:13521: result: yes
configure:13588: checking dynamic linker characteristics
configure:14150: result: GNU/Linux ld.so
configure:14174: checking how to hardcode library paths into programs
configure:14199: result: immediate
configure:20459: checking for a BSD-compatible install
configure:20515: result: /usr/bin/install -c
configure:20544: checking sysfs/libsysfs.h usability
configure:20561: gcc -c -g -O2  conftest.c >&5
configure:20567: $? = 0
configure:20581: result: yes
configure:20585: checking sysfs/libsysfs.h presence
configure:20600: gcc -E  conftest.c
configure:20606: $? = 0
configure:20620: result: yes
configure:20648: checking for sysfs/libsysfs.h
configure:20655: result: yes
configure:20660: checking for sysfs_open_attribute in -lsysfs
configure:20695: gcc -o conftest -g -O2   conftest.c -lsysfs   >&5
configure:20701: $? = 0
configure:20719: result: yes
configure:20747: checking blkid/blkid.h usability
configure:20764: gcc -c -g -O2  conftest.c >&5
configure:20770: $? = 0
configure:20784: result: yes
configure:20788: checking blkid/blkid.h presence
configure:20803: gcc -E  conftest.c
configure:20809: $? = 0
configure:20823: result: yes
configure:20851: checking for blkid/blkid.h
configure:20858: result: yes
configure:20863: checking for blkid_get_cache in -lblkid
configure:20898: gcc -o conftest -g -O2   conftest.c -lblkid   -lsysfs >&5
configure:20904: $? = 0
configure:20922: result: yes
configure:21118: checking for pkg-config
configure:21136: found /usr/bin/pkg-config
configure:21148: result: /usr/bin/pkg-config
configure:21177: checking pkg-config is at least version 0.9.0
configure:21180: result: yes
configure:21191: checking for HAL
configure:21199: $PKG_CONFIG --exists --print-errors "hal >= 0.5.2 hal-storage >= 0.5.2"
configure:21202: $? = 0
configure:21217: $PKG_CONFIG --exists --print-errors "hal >= 0.5.2 hal-storage >= 0.5.2"
configure:21220: $? = 0
configure:21256: result: yes
configure:21302: checking locale.h usability
configure:21319: gcc -c -g -O2  conftest.c >&5
conftest.c:21:1: warning: "HAVE_BLKID" redefined
conftest.c:20:1: warning: this is the location of the previous definition
configure:21325: $? = 0
configure:21339: result: yes
configure:21343: checking locale.h presence
configure:21358: gcc -E  conftest.c
conftest.c:21:1: warning: "HAVE_BLKID" redefined
conftest.c:20:1: warning: this is the location of the previous definition
configure:21364: $? = 0
configure:21378: result: yes
configure:21406: checking for locale.h
configure:21414: result: yes
configure:21428: checking for LC_MESSAGES
configure:21454: gcc -o conftest -g -O2   conftest.c  -lsysfs -lblkid >&5
conftest.c:21:1: warning: "HAVE_BLKID" redefined
conftest.c:20:1: warning: this is the location of the previous definition
configure:21460: $? = 0
configure:21477: result: yes
configure:21506: checking libintl.h usability
configure:21523: gcc -c -g -O2  conftest.c >&5
conftest.c:21:1: warning: "HAVE_BLKID" redefined
conftest.c:20:1: warning: this is the location of the previous definition
configure:21529: $? = 0
configure:21543: result: yes
configure:21547: checking libintl.h presence
configure:21562: gcc -E  conftest.c
conftest.c:21:1: warning: "HAVE_BLKID" redefined
conftest.c:20:1: warning: this is the location of the previous definition
configure:21568: $? = 0
configure:21582: result: yes
configure:21610: checking for libintl.h
configure:21617: result: yes
configure:21628: checking for ngettext in libc
configure:21656: gcc -o conftest -g -O2   conftest.c  -lsysfs -lblkid >&5
conftest.c:21:1: warning: "HAVE_BLKID" redefined
conftest.c:20:1: warning: this is the location of the previous definition
configure:21662: $? = 0
configure:21680: result: yes
configure:21684: checking for dgettext in libc
configure:21712: gcc -o conftest -g -O2   conftest.c  -lsysfs -lblkid >&5
conftest.c:21:1: warning: "HAVE_BLKID" redefined
conftest.c:20:1: warning: this is the location of the previous definition
configure:21718: $? = 0
configure:21736: result: yes
configure:21745: checking for bind_textdomain_codeset
configure:21801: gcc -o conftest -g -O2   conftest.c  -lsysfs -lblkid >&5
conftest.c:21:1: warning: "HAVE_BLKID" redefined
conftest.c:20:1: warning: this is the location of the previous definition
configure:21807: $? = 0
configure:21825: result: yes
configure:22312: checking for msgfmt
configure:22339: result: /usr/bin/msgfmt
configure:22352: checking for dcgettext
configure:22408: gcc -o conftest -g -O2   conftest.c  -lsysfs -lblkid  >&5
conftest.c:21:1: warning: "HAVE_BLKID" redefined
conftest.c:20:1: warning: this is the location of the previous definition
conftest.c:59: warning: conflicting types for built-in function 'dcgettext'
configure:22414: $? = 0
configure:22432: result: yes
configure:22443: checking if msgfmt accepts -c
configure:22458: $MSGFMT -c -o /dev/null conftest.foo
configure:22461: $? = 0
configure:22463: result: yes
configure:22473: checking for gmsgfmt
configure:22504: result: /usr/bin/msgfmt
configure:22514: checking for xgettext
configure:22541: result: /usr/bin/xgettext
configure:22570: gcc -o conftest -g -O2   conftest.c  -lsysfs -lblkid  >&5
conftest.c:21:1: warning: "HAVE_BLKID" redefined
conftest.c:20:1: warning: this is the location of the previous definition
configure:22576: $? = 0
configure:22944: creating ./config.status

## ---------------------- ##
## Running config.status. ##
## ---------------------- ##

This file was extended by config.status, which was
generated by GNU Autoconf 2.61.  Invocation command line was

  CONFIG_FILES    = 
  CONFIG_HEADERS  = 
  CONFIG_LINKS    = 
  CONFIG_COMMANDS = 
  $ ./config.status 

on rack-laptop

config.status:720: creating Makefile
config.status:720: creating po/Makefile.in
config.status:720: creating man/Makefile
config.status:720: creating etc/Makefile
config.status:720: creating src/Makefile
config.status:720: creating tests/Makefile
config.status:720: creating config.h
config.status:1004: executing depfiles commands
config.status:1004: executing default-1 commands
config.status:1004: executing po/stamp-it commands

## ---------------- ##
## Cache variables. ##
## ---------------- ##

ac_cv_build=i686-pc-linux-gnu
ac_cv_c_compiler_gnu=yes
ac_cv_cxx_compiler_gnu=yes
ac_cv_env_CCC_set=
ac_cv_env_CCC_value=
ac_cv_env_CC_set=
ac_cv_env_CC_value=
ac_cv_env_CFLAGS_set=
ac_cv_env_CFLAGS_value=
ac_cv_env_CPPFLAGS_set=
ac_cv_env_CPPFLAGS_value=
ac_cv_env_CPP_set=
ac_cv_env_CPP_value=
ac_cv_env_CXXCPP_set=
ac_cv_env_CXXCPP_value=
ac_cv_env_CXXFLAGS_set=
ac_cv_env_CXXFLAGS_value=
ac_cv_env_CXX_set=
ac_cv_env_CXX_value=
ac_cv_env_F77_set=
ac_cv_env_F77_value=
ac_cv_env_FFLAGS_set=
ac_cv_env_FFLAGS_value=
ac_cv_env_HAL_CFLAGS_set=
ac_cv_env_HAL_CFLAGS_value=
ac_cv_env_HAL_LIBS_set=
ac_cv_env_HAL_LIBS_value=
ac_cv_env_LDFLAGS_set=
ac_cv_env_LDFLAGS_value=
ac_cv_env_LIBS_set=
ac_cv_env_LIBS_value=
ac_cv_env_PKG_CONFIG_set=
ac_cv_env_PKG_CONFIG_value=
ac_cv_env_build_alias_set=
ac_cv_env_build_alias_value=
ac_cv_env_host_alias_set=
ac_cv_env_host_alias_value=
ac_cv_env_target_alias_set=
ac_cv_env_target_alias_value=
ac_cv_f77_compiler_gnu=no
ac_cv_func_bind_textdomain_codeset=yes
ac_cv_func_dcgettext=yes
ac_cv_header_blkid_blkid_h=yes
ac_cv_header_dlfcn_h=yes
ac_cv_header_inttypes_h=yes
ac_cv_header_libintl_h=yes
ac_cv_header_locale_h=yes
ac_cv_header_memory_h=yes
ac_cv_header_stdc=yes
ac_cv_header_stdint_h=yes
ac_cv_header_stdlib_h=yes
ac_cv_header_string_h=yes
ac_cv_header_strings_h=yes
ac_cv_header_sys_stat_h=yes
ac_cv_header_sys_types_h=yes
ac_cv_header_sysfs_libsysfs_h=yes
ac_cv_header_unistd_h=yes
ac_cv_host=i686-pc-linux-gnu
ac_cv_lib_blkid_blkid_get_cache=yes
ac_cv_lib_sysfs_sysfs_open_attribute=yes
ac_cv_objext=o
ac_cv_path_EGREP='/bin/grep -E'
ac_cv_path_GMSGFMT=/usr/bin/msgfmt
ac_cv_path_GREP=/bin/grep
ac_cv_path_INTLTOOL_EXTRACT=/usr/bin/intltool-extract
ac_cv_path_INTLTOOL_MERGE=/usr/bin/intltool-merge
ac_cv_path_INTLTOOL_PERL=/usr/bin/perl
ac_cv_path_INTLTOOL_UPDATE=/usr/bin/intltool-update
ac_cv_path_MSGFMT=/usr/bin/msgfmt
ac_cv_path_MSGMERGE=/usr/bin/msgmerge
ac_cv_path_XGETTEXT=/usr/bin/xgettext
ac_cv_path_ac_pt_PKG_CONFIG=/usr/bin/pkg-config
ac_cv_path_install='/usr/bin/install -c'
ac_cv_prog_AWK=mawk
ac_cv_prog_CPP='gcc -E'
ac_cv_prog_CXXCPP='g++ -E'
ac_cv_prog_ac_ct_AR=ar
ac_cv_prog_ac_ct_CC=gcc
ac_cv_prog_ac_ct_CXX=g++
ac_cv_prog_ac_ct_RANLIB=ranlib
ac_cv_prog_ac_ct_STRIP=strip
ac_cv_prog_cc_c89=
ac_cv_prog_cc_g=yes
ac_cv_prog_cxx_g=yes
ac_cv_prog_f77_g=no
ac_cv_prog_make_make_set=yes
ac_cv_search_strerror='none required'
am_cv_CC_dependencies_compiler_type=gcc3
am_cv_CXX_dependencies_compiler_type=gcc3
am_cv_val_LC_MESSAGES=yes
gt_cv_func_dgettext_libc=yes
gt_cv_func_dgettext_libintl=no
gt_cv_func_ngettext_libc=yes
gt_cv_have_gettext=yes
lt_cv_deplibs_check_method=pass_all
lt_cv_file_magic_cmd='$MAGIC_CMD'
lt_cv_file_magic_test_file=
lt_cv_ld_reload_flag=-r
lt_cv_objdir=.libs
lt_cv_path_LD=/usr/bin/ld
lt_cv_path_LDCXX=/usr/bin/ld
lt_cv_path_NM='/usr/bin/nm -B'
lt_cv_path_SED=/bin/sed
lt_cv_prog_compiler_c_o=yes
lt_cv_prog_compiler_c_o_CXX=yes
lt_cv_prog_compiler_pic_works=yes
lt_cv_prog_compiler_pic_works_CXX=yes
lt_cv_prog_compiler_rtti_exceptions=no
lt_cv_prog_compiler_static_works=yes
lt_cv_prog_compiler_static_works_CXX=yes
lt_cv_prog_gnu_ld=yes
lt_cv_prog_gnu_ldcxx=yes
lt_cv_sys_global_symbol_pipe='sed -n -e '\''s/^.*[ 	]\([ABCDGIRSTW][ABCDGIRSTW]*\)[ 	][ 	]*\([_A-Za-z][_A-Za-z0-9]*\)$/\1 \2 \2/p'\'''
lt_cv_sys_global_symbol_to_c_name_address='sed -n -e '\''s/^: \([^ ]*\) $/  {\"\1\", (lt_ptr) 0},/p'\'' -e '\''s/^[BCDEGRST] \([^ ]*\) \([^ ]*\)$/  {"\2", (lt_ptr) \&\2},/p'\'''
lt_cv_sys_global_symbol_to_cdecl='sed -n -e '\''s/^. .* \(.*\)$/extern int \1;/p'\'''
lt_cv_sys_lib_dlsearch_path_spec='/lib /usr/lib /lib/i486-linux-gnu /usr/lib/i486-linux-gnu /usr/lib/alsa-lib /usr/local/lib '
lt_cv_sys_lib_search_path_spec='/usr/lib/gcc/i486-linux-gnu/4.3.3 /usr/lib /lib'
lt_cv_sys_max_cmd_len=1572864
lt_lt_cv_prog_compiler_c_o='"yes"'
lt_lt_cv_prog_compiler_c_o_CXX='"yes"'
lt_lt_cv_sys_global_symbol_pipe='"sed -n -e '\''s/^.*[ 	]\\([ABCDGIRSTW][ABCDGIRSTW]*\\)[ 	][ 	]*\\([_A-Za-z][_A-Za-z0-9]*\\)\$/\\1 \\2 \\2/p'\''"'
lt_lt_cv_sys_global_symbol_to_c_name_address='"sed -n -e '\''s/^: \\([^ ]*\\) \$/  {\\\"\\1\\\", (lt_ptr) 0},/p'\'' -e '\''s/^[BCDEGRST] \\([^ ]*\\) \\([^ ]*\\)\$/  {\"\\2\", (lt_ptr) \\&\\2},/p'\''"'
lt_lt_cv_sys_global_symbol_to_cdecl='"sed -n -e '\''s/^. .* \\(.*\\)\$/extern int \\1;/p'\''"'
pkg_cv_HAL_CFLAGS='-DDBUS_API_SUBJECT_TO_CHANGE -I/usr/include/hal -I/usr/include/dbus-1.0 -I/usr/lib/dbus-1.0/include  '
pkg_cv_HAL_LIBS='-L//lib -lhal-storage -lhal -ldbus-1  '

## ----------------- ##
## Output variables. ##
## ----------------- ##

ACLOCAL='${SHELL} /home/rack/workspace/tmp/pmount-0.9.18/missing --run aclocal-1.9'
ALL_LINGUAS=''
AMDEPBACKSLASH='\'
AMDEP_FALSE='#'
AMDEP_TRUE=''
AMTAR='${SHELL} /home/rack/workspace/tmp/pmount-0.9.18/missing --run tar'
AR='ar'
AUTOCONF='${SHELL} /home/rack/workspace/tmp/pmount-0.9.18/missing --run autoconf'
AUTOHEADER='${SHELL} /home/rack/workspace/tmp/pmount-0.9.18/missing --run autoheader'
AUTOMAKE='${SHELL} /home/rack/workspace/tmp/pmount-0.9.18/missing --run automake-1.9'
AWK='mawk'
CATALOGS=''
CATOBJEXT='.gmo'
CC='gcc'
CCDEPMODE='depmode=gcc3'
CFLAGS='-g -O2'
CPP='gcc -E'
CPPFLAGS=''
CXX='g++'
CXXCPP='g++ -E'
CXXDEPMODE='depmode=gcc3'
CXXFLAGS='-g -O2'
CYGPATH_W='echo'
DATADIRNAME='share'
DEFS='-DHAVE_CONFIG_H'
DEPDIR='.deps'
DSYMUTIL=''
ECHO='echo'
ECHO_C=''
ECHO_N='-n'
ECHO_T=''
EGREP='/bin/grep -E'
EXEEXT=''
F77=''
FFLAGS=''
GETTEXT_PACKAGE='pmount'
GMOFILES=''
GMSGFMT='/usr/bin/msgfmt'
GREP='/bin/grep'
HAL_CFLAGS='-DDBUS_API_SUBJECT_TO_CHANGE -I/usr/include/hal -I/usr/include/dbus-1.0 -I/usr/lib/dbus-1.0/include  '
HAL_LIBS='-L//lib -lhal-storage -lhal -ldbus-1  '
INSTALL_DATA='${INSTALL} -m 644'
INSTALL_PROGRAM='${INSTALL}'
INSTALL_SCRIPT='${INSTALL}'
INSTALL_STRIP_PROGRAM='${SHELL} $(install_sh) -c -s'
INSTOBJEXT='.mo'
INTLLIBS=''
INTLTOOL_CAVES_RULE='%.caves:     %.caves.in     $(INTLTOOL_MERGE) $(wildcard $(top_srcdir)/po/*.po) ; LC_ALL=C $(INTLTOOL_MERGE) -d -u -c $(top_builddir)/po/.intltool-merge-cache $(top_srcdir)/po $< $@'
INTLTOOL_DESKTOP_RULE='%.desktop:   %.desktop.in   $(INTLTOOL_MERGE) $(wildcard $(top_srcdir)/po/*.po) ; LC_ALL=C $(INTLTOOL_MERGE) -d -u -c $(top_builddir)/po/.intltool-merge-cache $(top_srcdir)/po $< $@'
INTLTOOL_DIRECTORY_RULE='%.directory: %.directory.in $(INTLTOOL_MERGE) $(wildcard $(top_srcdir)/po/*.po) ; LC_ALL=C $(INTLTOOL_MERGE) -d -u -c $(top_builddir)/po/.intltool-merge-cache $(top_srcdir)/po $< $@'
INTLTOOL_EXTRACT='/usr/bin/intltool-extract'
INTLTOOL_KBD_RULE='%.kbd:       %.kbd.in       $(INTLTOOL_MERGE) $(wildcard $(top_srcdir)/po/*.po) ; LC_ALL=C $(INTLTOOL_MERGE) -x -u -m -c $(top_builddir)/po/.intltool-merge-cache $(top_srcdir)/po $< $@'
INTLTOOL_KEYS_RULE='%.keys:      %.keys.in      $(INTLTOOL_MERGE) $(wildcard $(top_srcdir)/po/*.po) ; LC_ALL=C $(INTLTOOL_MERGE) -k -u -c $(top_builddir)/po/.intltool-merge-cache $(top_srcdir)/po $< $@'
INTLTOOL_MERGE='/usr/bin/intltool-merge'
INTLTOOL_OAF_RULE='%.oaf:       %.oaf.in       $(INTLTOOL_MERGE) $(wildcard $(top_srcdir)/po/*.po) ; LC_ALL=C $(INTLTOOL_MERGE) -o -p $(top_srcdir)/po $< $@'
INTLTOOL_PERL='/usr/bin/perl'
INTLTOOL_POLICY_RULE='%.policy:    %.policy.in    $(INTLTOOL_MERGE) $(wildcard $(top_srcdir)/po/*.po) ; LC_ALL=C $(INTLTOOL_MERGE) -x -u -c $(top_builddir)/po/.intltool-merge-cache $(top_srcdir)/po $< $@'
INTLTOOL_PONG_RULE='%.pong:      %.pong.in      $(INTLTOOL_MERGE) $(wildcard $(top_srcdir)/po/*.po) ; LC_ALL=C $(INTLTOOL_MERGE) -x -u -c $(top_builddir)/po/.intltool-merge-cache $(top_srcdir)/po $< $@'
INTLTOOL_PROP_RULE='%.prop:      %.prop.in      $(INTLTOOL_MERGE) $(wildcard $(top_srcdir)/po/*.po) ; LC_ALL=C $(INTLTOOL_MERGE) -d -u -c $(top_builddir)/po/.intltool-merge-cache $(top_srcdir)/po $< $@'
INTLTOOL_SCHEMAS_RULE='%.schemas:   %.schemas.in   $(INTLTOOL_MERGE) $(wildcard $(top_srcdir)/po/*.po) ; LC_ALL=C $(INTLTOOL_MERGE) -s -u -c $(top_builddir)/po/.intltool-merge-cache $(top_srcdir)/po $< $@'
INTLTOOL_SERVER_RULE='%.server:    %.server.in    $(INTLTOOL_MERGE) $(wildcard $(top_srcdir)/po/*.po) ; LC_ALL=C $(INTLTOOL_MERGE) -o -u -c $(top_builddir)/po/.intltool-merge-cache $(top_srcdir)/po $< $@'
INTLTOOL_SERVICE_RULE='%.service: %.service.in   $(INTLTOOL_MERGE) $(wildcard $(top_srcdir)/po/*.po) ; LC_ALL=C $(INTLTOOL_MERGE) -d -u -c $(top_builddir)/po/.intltool-merge-cache $(top_srcdir)/po $< $@'
INTLTOOL_SHEET_RULE='%.sheet:     %.sheet.in     $(INTLTOOL_MERGE) $(wildcard $(top_srcdir)/po/*.po) ; LC_ALL=C $(INTLTOOL_MERGE) -x -u -c $(top_builddir)/po/.intltool-merge-cache $(top_srcdir)/po $< $@'
INTLTOOL_SOUNDLIST_RULE='%.soundlist: %.soundlist.in $(INTLTOOL_MERGE) $(wildcard $(top_srcdir)/po/*.po) ; LC_ALL=C $(INTLTOOL_MERGE) -d -u -c $(top_builddir)/po/.intltool-merge-cache $(top_srcdir)/po $< $@'
INTLTOOL_THEME_RULE='%.theme:     %.theme.in     $(INTLTOOL_MERGE) $(wildcard $(top_srcdir)/po/*.po) ; LC_ALL=C $(INTLTOOL_MERGE) -d -u -c $(top_builddir)/po/.intltool-merge-cache $(top_srcdir)/po $< $@'
INTLTOOL_UI_RULE='%.ui:        %.ui.in        $(INTLTOOL_MERGE) $(wildcard $(top_srcdir)/po/*.po) ; LC_ALL=C $(INTLTOOL_MERGE) -x -u -c $(top_builddir)/po/.intltool-merge-cache $(top_srcdir)/po $< $@'
INTLTOOL_UPDATE='/usr/bin/intltool-update'
INTLTOOL_XAM_RULE='%.xam:       %.xml.in       $(INTLTOOL_MERGE) $(wildcard $(top_srcdir)/po/*.po) ; LC_ALL=C $(INTLTOOL_MERGE) -x -u -c $(top_builddir)/po/.intltool-merge-cache $(top_srcdir)/po $< $@'
INTLTOOL_XML_NOMERGE_RULE='%.xml:       %.xml.in       $(INTLTOOL_MERGE) ; LC_ALL=C $(INTLTOOL_MERGE) -x -u /tmp $< $@'
INTLTOOL_XML_RULE='%.xml:       %.xml.in       $(INTLTOOL_MERGE) $(wildcard $(top_srcdir)/po/*.po) ; LC_ALL=C $(INTLTOOL_MERGE) -x -u -c $(top_builddir)/po/.intltool-merge-cache $(top_srcdir)/po $< $@'
LDFLAGS=''
LIBOBJS=''
LIBS=' -lsysfs -lblkid'
LIBTOOL='$(SHELL) $(top_builddir)/libtool'
LN_S='ln -s'
LTLIBOBJS=''
MAINT='#'
MAINTAINER_MODE_FALSE=''
MAINTAINER_MODE_TRUE='#'
MAKEINFO='${SHELL} /home/rack/workspace/tmp/pmount-0.9.18/missing --run makeinfo'
MKINSTALLDIRS='./mkinstalldirs'
MSGFMT='/usr/bin/msgfmt'
MSGFMT_OPTS='-c'
MSGMERGE='/usr/bin/msgmerge'
NMEDIT=''
OBJEXT='o'
PACKAGE='pmount'
PACKAGE_BUGREPORT=''
PACKAGE_NAME=''
PACKAGE_STRING=''
PACKAGE_TARNAME=''
PACKAGE_VERSION=''
PATH_SEPARATOR=':'
PKG_CONFIG='/usr/bin/pkg-config'
PMOUNT_HAL_FALSE='#'
PMOUNT_HAL_TRUE=''
POFILES=''
POSUB='po'
PO_IN_DATADIR_FALSE=''
PO_IN_DATADIR_TRUE=''
RANLIB='ranlib'
SED='/bin/sed'
SET_MAKE=''
SHELL='/bin/bash'
STRIP='strip'
USE_NLS='yes'
VERSION='0.9.18'
XGETTEXT='/usr/bin/xgettext'
ac_ct_CC='gcc'
ac_ct_CXX='g++'
ac_ct_F77=''
am__fastdepCC_FALSE='#'
am__fastdepCC_TRUE=''
am__fastdepCXX_FALSE='#'
am__fastdepCXX_TRUE=''
am__include='include'
am__leading_dot='.'
am__quote=''
am__tar='${AMTAR} chof - "$$tardir"'
am__untar='${AMTAR} xf -'
bindir='${exec_prefix}/bin'
build='i686-pc-linux-gnu'
build_alias=''
build_cpu='i686'
build_os='linux-gnu'
build_vendor='pc'
datadir='${datarootdir}'
datarootdir='${prefix}/share'
docdir='${datarootdir}/doc/${PACKAGE}'
dvidir='${docdir}'
exec_prefix='${prefix}'
host='i686-pc-linux-gnu'
host_alias=''
host_cpu='i686'
host_os='linux-gnu'
host_vendor='pc'
htmldir='${docdir}'
includedir='${prefix}/include'
infodir='${datarootdir}/info'
install_sh='/home/rack/workspace/tmp/pmount-0.9.18/install-sh'
libdir='${exec_prefix}/lib'
libexecdir='${exec_prefix}/libexec'
localedir='${datarootdir}/locale'
localstatedir='${prefix}/var'
mandir='${datarootdir}/man'
mkdir_p='mkdir -p --'
oldincludedir='/usr/include'
pdfdir='${docdir}'
prefix='/usr/local'
program_transform_name='s,x,x,'
psdir='${docdir}'
sbindir='${exec_prefix}/sbin'
sharedstatedir='${prefix}/com'
sysconfdir='${prefix}/etc'
target_alias=''

## ----------- ##
## confdefs.h. ##
## ----------- ##

#define PACKAGE_NAME ""
#define PACKAGE_TARNAME ""
#define PACKAGE_VERSION ""
#define PACKAGE_STRING ""
#define PACKAGE_BUGREPORT ""
#define PACKAGE "pmount"
#define VERSION "0.9.18"
#define STDC_HEADERS 1
#define HAVE_SYS_TYPES_H 1
#define HAVE_SYS_STAT_H 1
#define HAVE_STDLIB_H 1
#define HAVE_STRING_H 1
#define HAVE_MEMORY_H 1
#define HAVE_STRINGS_H 1
#define HAVE_INTTYPES_H 1
#define HAVE_STDINT_H 1
#define HAVE_UNISTD_H 1
#define HAVE_DLFCN_H 1
#define HAVE_BLKID
#define HAVE_BLKID 1
#define MEDIADIR "/media/"
#define LOCKDIR "/var/lock/pmount"
#define WHITELIST "/etc/pmount.allow"
#define MOUNTPROG "/bin/mount"
#define UMOUNTPROG "/bin/umount"
#define CRYPTSETUP "/sbin/cryptsetup"
#define MOUNT_NTFS_3G "/sbin/mount.ntfs-3g"
#define BUILD_HAL 1
#define GETTEXT_PACKAGE "pmount"
#define HAVE_LOCALE_H 1
#define HAVE_LC_MESSAGES 1
#define HAVE_BIND_TEXTDOMAIN_CODESET 1
#define HAVE_GETTEXT 1
#define HAVE_DCGETTEXT 1
#define ENABLE_NLS 1

configure: exit 0
